Copyright 1986-2022 Xilinx, Inc. All Rights Reserved. Copyright 2022-2024 Advanced Micro Devices, Inc. All Rights Reserved.
---------------------------------------------------------------------------------------------------------------------------------------------------------------------------------------------------------------------------------------------------------------------------------
| Tool Version      : Vivado v.2024.2 (lin64) Build 5239630 Fri Nov 08 22:34:34 MST 2024
| Date              : Fri Jan 16 12:38:07 2026
| Host              : ee-kraken running 64-bit Red Hat Enterprise Linux 9.5 (Plow)
| Command           : report_timing_summary -datasheet -file ./src/attention/synth_output_matmul/matmul_fp_S_q_2_S_kv_2_d_kq_2_d_v_2_k_2_scale_width_8_M1_E_4_M1_M_4_M2_E_4_M2_M_4_M3_E_4_M3_M_4_ACCUM_METHOD_KAHAN_KAHAN_KAHAN_DSP_auto_auto_auto_time_20260116_1234_timing.rpt
| Design            : matmul_fp
| Device            : xcv80-lsva4737
| Speed File        : -2MHP  PRODUCTION 2.04 2024-08-06
| Design State      : Synthesized
| Temperature Grade : E
---------------------------------------------------------------------------------------------------------------------------------------------------------------------------------------------------------------------------------------------------------------------------------

Timing Summary Report

------------------------------------------------------------------------------------------------
| Timer Settings
| --------------
------------------------------------------------------------------------------------------------

  Enable Multi Corner Analysis               :  Yes
  Enable Pessimism Removal                   :  Yes
  Pessimism Removal Resolution               :  Nearest Common Node
  Enable Input Delay Default Clock           :  No
  Enable Preset / Clear Arcs                 :  No
  Disable Flight Delays                      :  No
  Ignore I/O Paths                           :  No
  Timing Early Launch at Borrowing Latches   :  No
  Borrow Time for Max Delay Exceptions       :  Yes
  Merge Timing Exceptions                    :  Yes
  Inter-SLR Compensation                     :  Conservative

  Corner  Analyze    Analyze    
  Name    Max Paths  Min Paths  
  ------  ---------  ---------  
  Slow    Yes        Yes        
  Fast    Yes        Yes        


------------------------------------------------------------------------------------------------
| Report Methodology
| ------------------
------------------------------------------------------------------------------------------------

No report available as report_methodology has not been run prior. Run report_methodology on the current design for the summary of methodology violations.



check_timing report

Table of Contents
-----------------
1. checking no_clock (0)
2. checking constant_clock (0)
3. checking pulse_width_clock (0)
4. checking unconstrained_internal_endpoints (0)
5. checking no_input_delay (104)
6. checking no_output_delay (68)
7. checking multiple_clock (0)
8. checking generated_clocks (0)
9. checking loops (0)
10. checking partial_input_delay (0)
11. checking partial_output_delay (0)
12. checking latch_loops (0)

1. checking no_clock (0)
------------------------
 There are 0 register/latch pins with no clock.


2. checking constant_clock (0)
------------------------------
 There are 0 register/latch pins with constant_clock.


3. checking pulse_width_clock (0)
---------------------------------
 There are 0 register/latch pins which need pulse_width check


4. checking unconstrained_internal_endpoints (0)
------------------------------------------------
 There are 0 pins that are not constrained for maximum delay.

 There are 0 pins that are not constrained for maximum delay due to constant clock.


5. checking no_input_delay (104)
--------------------------------
 There are 104 input ports with no input delay specified. (HIGH)

 There are 0 input ports with no input delay but user has a false path constraint.


6. checking no_output_delay (68)
--------------------------------
 There are 68 ports with no output delay specified. (HIGH)

 There are 0 ports with no output delay but user has a false path constraint

 There are 0 ports with no output delay but with a timing clock defined on it or propagating through it


7. checking multiple_clock (0)
------------------------------
 There are 0 register/latch pins with multiple clocks.


8. checking generated_clocks (0)
--------------------------------
 There are 0 generated clocks that are not connected to a clock source.


9. checking loops (0)
---------------------
 There are 0 combinational loops in the design.


10. checking partial_input_delay (0)
------------------------------------
 There are 0 input ports with partial input delay specified.


11. checking partial_output_delay (0)
-------------------------------------
 There are 0 ports with partial output delay specified.


12. checking latch_loops (0)
----------------------------
 There are 0 combinational latch loops in the design through latch input



------------------------------------------------------------------------------------------------
| Design Timing Summary
| ---------------------
------------------------------------------------------------------------------------------------

    WNS(ns)      TNS(ns)  TNS Failing Endpoints  TNS Total Endpoints      WHS(ns)      THS(ns)  THS Failing Endpoints  THS Total Endpoints     WPWS(ns)     TPWS(ns)  TPWS Failing Endpoints  TPWS Total Endpoints  
    -------      -------  ---------------------  -------------------      -------      -------  ---------------------  -------------------     --------     --------  ----------------------  --------------------  
      3.619        0.000                      0                  212       -0.305      -50.376                    212                  212        1.894        0.000                       0                   317  


Timing constraints are not met.


------------------------------------------------------------------------------------------------
| Clock Summary
| -------------
------------------------------------------------------------------------------------------------

Clock  Waveform(ns)         Period(ns)      Frequency(MHz)
-----  ------------         ----------      --------------
i_clk  {0.000 2.500}        5.000           200.000         


------------------------------------------------------------------------------------------------
| Intra Clock Table
| -----------------
------------------------------------------------------------------------------------------------

Clock             WNS(ns)      TNS(ns)  TNS Failing Endpoints  TNS Total Endpoints      WHS(ns)      THS(ns)  THS Failing Endpoints  THS Total Endpoints     WPWS(ns)     TPWS(ns)  TPWS Failing Endpoints  TPWS Total Endpoints  
-----             -------      -------  ---------------------  -------------------      -------      -------  ---------------------  -------------------     --------     --------  ----------------------  --------------------  
i_clk               3.619        0.000                      0                  212       -0.305      -50.376                    212                  212        1.894        0.000                       0                   317  


------------------------------------------------------------------------------------------------
| Inter Clock Table
| -----------------
------------------------------------------------------------------------------------------------

From Clock    To Clock          WNS(ns)      TNS(ns)  TNS Failing Endpoints  TNS Total Endpoints      WHS(ns)      THS(ns)  THS Failing Endpoints  THS Total Endpoints  
----------    --------          -------      -------  ---------------------  -------------------      -------      -------  ---------------------  -------------------  


------------------------------------------------------------------------------------------------
| Other Path Groups Table
| -----------------------
------------------------------------------------------------------------------------------------

Path Group    From Clock    To Clock          WNS(ns)      TNS(ns)  TNS Failing Endpoints  TNS Total Endpoints      WHS(ns)      THS(ns)  THS Failing Endpoints  THS Total Endpoints  
----------    ----------    --------          -------      -------  ---------------------  -------------------      -------      -------  ---------------------  -------------------  


------------------------------------------------------------------------------------------------
| Timing Details
| --------------
------------------------------------------------------------------------------------------------


---------------------------------------------------------------------------------------------------
From Clock:  i_clk
  To Clock:  i_clk

Setup :            0  Failing Endpoints,  Worst Slack        3.619ns,  Total Violation        0.000ns
Hold  :          212  Failing Endpoints,  Worst Slack       -0.305ns,  Total Violation      -50.376ns
PW    :            0  Failing Endpoints,  Worst Slack        1.894ns,  Total Violation        0.000ns
---------------------------------------------------------------------------------------------------


Max Delay Paths
--------------------------------------------------------------------------------------
Slack (MET) :             3.619ns  (required time - arrival time)
  Source:                 row_loop[0].col_loop[0].u_dot_general/genblk1[0].u_dot_fp/gen_other_accum.gen_kahan_accum.u_kahan_tree/i_vec_reg_reg[1][0]/C
                            (rising edge-triggered cell FDRE clocked by i_clk  {rise@0.000ns fall@2.500ns period=5.000ns})
  Destination:            row_loop[0].col_loop[0].u_dot_general/genblk1[0].u_dot_fp/gen_other_accum.gen_kahan_accum.u_kahan_tree/leaf_node.kahan_step_leaf/t_r_reg[8]/D
                            (rising edge-triggered cell FDRE clocked by i_clk  {rise@0.000ns fall@2.500ns period=5.000ns})
  Path Group:             i_clk
  Path Type:              Setup (Max at Slow Process Corner)
  Requirement:            5.000ns  (i_clk rise@5.000ns - i_clk rise@0.000ns)
  Data Path Delay:        0.959ns  (logic 0.477ns (49.739%)  route 0.482ns (50.261%))
  Logic Levels:           3  (LOOKAHEAD8=1 LUTCY1=1 LUTCY2=1)
  Clock Path Skew:        -0.351ns (DCD - SCD + CPR)
    Destination Clock Delay (DCD):    3.826ns = ( 8.826 - 5.000 ) 
    Source Clock Delay      (SCD):    4.685ns
    Clock Pessimism Removal (CPR):    0.508ns
  Clock Uncertainty:      0.078ns  (CJ)/2 + PE + PJ
    Clock Jitter             (CJ):    0.155ns
    Phase Error              (PE):    0.000ns
    Phase Jitter             (PJ):    0.000ns

    Location             Delay type                Incr(ns)  Path(ns)    Netlist Resource(s)
  -------------------------------------------------------------------    -------------------
                         (clock i_clk rise edge)      0.000     0.000 r  
                                                      0.000     0.000 r  i_clk (IN)
                         net (fo=0)                   0.000     0.000    i_clk
                         IBUF (Prop_IBUF_I_O)         0.685     0.685 r  i_clk_IBUF_inst/O
                         net (fo=1, unplaced)         0.738     1.423    i_clk_IBUF
                         BUFGCE (Prop_BUFGCE_I_O)     0.078     1.501 r  i_clk_IBUF_BUFG_inst/O
                         net (fo=316, unplaced)       3.184     4.685    row_loop[0].col_loop[0].u_dot_general/genblk1[0].u_dot_fp/gen_other_accum.gen_kahan_accum.u_kahan_tree/i_clk_IBUF_BUFG
                         FDRE                                         r  row_loop[0].col_loop[0].u_dot_general/genblk1[0].u_dot_fp/gen_other_accum.gen_kahan_accum.u_kahan_tree/i_vec_reg_reg[1][0]/C
  -------------------------------------------------------------------    -------------------
                         FDRE (Prop_FDRE_C_Q)         0.090     4.775 r  row_loop[0].col_loop[0].u_dot_general/genblk1[0].u_dot_fp/gen_other_accum.gen_kahan_accum.u_kahan_tree/i_vec_reg_reg[1][0]/Q
                         net (fo=2, unplaced)         0.232     5.007    row_loop[0].col_loop[0].u_dot_general/genblk1[0].u_dot_fp/gen_other_accum.gen_kahan_accum.u_kahan_tree/leaf_node.kahan_step_leaf/t_r_reg[0]_i_1/I2
                         LUTCY2 (Prop_LUTCY2_I2_GE)
                                                      0.088     5.095 r  row_loop[0].col_loop[0].u_dot_general/genblk1[0].u_dot_fp/gen_other_accum.gen_kahan_accum.u_kahan_tree/leaf_node.kahan_step_leaf/t_r_reg[0]_i_1/LUTCY2_INST/GE
                         net (fo=1, unplaced)         0.036     5.131    row_loop[0].col_loop[0].u_dot_general/genblk1[0].u_dot_fp/gen_other_accum.gen_kahan_accum.u_kahan_tree/leaf_node.kahan_step_leaf/t_r_reg[0]_i_1_n_0
                         LOOKAHEAD8 (Prop_LOOKAHEAD8_GEA_COUTH)
                                                      0.242     5.373 r  row_loop[0].col_loop[0].u_dot_general/genblk1[0].u_dot_fp/gen_other_accum.gen_kahan_accum.u_kahan_tree/leaf_node.kahan_step_leaf/t_r_reg[8]_i_2/COUTH
                         net (fo=3, unplaced)         0.166     5.539    row_loop[0].col_loop[0].u_dot_general/genblk1[0].u_dot_fp/gen_other_accum.gen_kahan_accum.u_kahan_tree/leaf_node.kahan_step_leaf/t_r_reg[8]_i_1/I4
                         LUTCY1 (Prop_LUTCY1_I4_O)    0.057     5.596 r  row_loop[0].col_loop[0].u_dot_general/genblk1[0].u_dot_fp/gen_other_accum.gen_kahan_accum.u_kahan_tree/leaf_node.kahan_step_leaf/t_r_reg[8]_i_1/LUTCY1_INST/O
                         net (fo=1, unplaced)         0.048     5.644    row_loop[0].col_loop[0].u_dot_general/genblk1[0].u_dot_fp/gen_other_accum.gen_kahan_accum.u_kahan_tree/leaf_node.kahan_step_leaf/t_comb[8]
                         FDRE                                         r  row_loop[0].col_loop[0].u_dot_general/genblk1[0].u_dot_fp/gen_other_accum.gen_kahan_accum.u_kahan_tree/leaf_node.kahan_step_leaf/t_r_reg[8]/D
  -------------------------------------------------------------------    -------------------

                         (clock i_clk rise edge)      5.000     5.000 r  
                                                      0.000     5.000 r  i_clk (IN)
                         net (fo=0)                   0.000     5.000    i_clk
                         IBUF (Prop_IBUF_I_O)         0.377     5.377 r  i_clk_IBUF_inst/O
                         net (fo=1, unplaced)         0.646     6.023    i_clk_IBUF
                         BUFGCE (Prop_BUFGCE_I_O)     0.063     6.086 r  i_clk_IBUF_BUFG_inst/O
                         net (fo=316, unplaced)       2.740     8.826    row_loop[0].col_loop[0].u_dot_general/genblk1[0].u_dot_fp/gen_other_accum.gen_kahan_accum.u_kahan_tree/leaf_node.kahan_step_leaf/i_clk_IBUF_BUFG
                         FDRE                                         r  row_loop[0].col_loop[0].u_dot_general/genblk1[0].u_dot_fp/gen_other_accum.gen_kahan_accum.u_kahan_tree/leaf_node.kahan_step_leaf/t_r_reg[8]/C
                         clock pessimism              0.508     9.334    
                         clock uncertainty           -0.078     9.257    
                         FDRE (Setup_FDRE_C_D)        0.007     9.264    row_loop[0].col_loop[0].u_dot_general/genblk1[0].u_dot_fp/gen_other_accum.gen_kahan_accum.u_kahan_tree/leaf_node.kahan_step_leaf/t_r_reg[8]
  -------------------------------------------------------------------
                         required time                          9.264    
                         arrival time                          -5.644    
  -------------------------------------------------------------------
                         slack                                  3.619    





Min Delay Paths
--------------------------------------------------------------------------------------
Slack (VIOLATED) :        -0.305ns  (arrival time - required time)
  Source:                 row_loop[0].col_loop[0].u_dot_general/genblk1[0].u_dot_fp/gen_other_accum.gen_kahan_accum.u_kahan_tree/i_vec_reg_reg[0][0]_srl2/CLK
                            (rising edge-triggered cell SRL16E clocked by i_clk  {rise@0.000ns fall@2.500ns period=5.000ns})
  Destination:            row_loop[0].col_loop[0].u_dot_general/genblk1[0].u_dot_fp/gen_other_accum.gen_kahan_accum.u_kahan_tree/leaf_node.kahan_step_leaf/y_r_reg[0]/D
                            (rising edge-triggered cell FDRE clocked by i_clk  {rise@0.000ns fall@2.500ns period=5.000ns})
  Path Group:             i_clk
  Path Type:              Hold (Min at Fast Process Corner)
  Requirement:            0.000ns  (i_clk rise@0.000ns - i_clk rise@0.000ns)
  Data Path Delay:        0.130ns  (logic 0.114ns (87.692%)  route 0.016ns (12.308%))
  Logic Levels:           0  
  Clock Path Skew:        0.400ns (DCD - SCD - CPR)
    Destination Clock Delay (DCD):    3.335ns
    Source Clock Delay      (SCD):    2.626ns
    Clock Pessimism Removal (CPR):    0.309ns

    Location             Delay type                Incr(ns)  Path(ns)    Netlist Resource(s)
  -------------------------------------------------------------------    -------------------
                         (clock i_clk rise edge)      0.000     0.000 r  
                                                      0.000     0.000 r  i_clk (IN)
                         net (fo=0)                   0.000     0.000    i_clk
                         IBUF (Prop_IBUF_I_O)         0.313     0.313 r  i_clk_IBUF_inst/O
                         net (fo=1, unplaced)         0.414     0.727    i_clk_IBUF
                         BUFGCE (Prop_BUFGCE_I_O)     0.045     0.772 r  i_clk_IBUF_BUFG_inst/O
                         net (fo=316, unplaced)       1.854     2.626    row_loop[0].col_loop[0].u_dot_general/genblk1[0].u_dot_fp/gen_other_accum.gen_kahan_accum.u_kahan_tree/i_clk_IBUF_BUFG
                         SRL16E                                       r  row_loop[0].col_loop[0].u_dot_general/genblk1[0].u_dot_fp/gen_other_accum.gen_kahan_accum.u_kahan_tree/i_vec_reg_reg[0][0]_srl2/CLK
  -------------------------------------------------------------------    -------------------
                         SRL16E (Prop_SRL16E_CLK_Q)
                                                      0.114     2.740 r  row_loop[0].col_loop[0].u_dot_general/genblk1[0].u_dot_fp/gen_other_accum.gen_kahan_accum.u_kahan_tree/i_vec_reg_reg[0][0]_srl2/Q
                         net (fo=1, unplaced)         0.016     2.756    row_loop[0].col_loop[0].u_dot_general/genblk1[0].u_dot_fp/gen_other_accum.gen_kahan_accum.u_kahan_tree/leaf_node.kahan_step_leaf/y_r_reg[0]_0
                         FDRE                                         r  row_loop[0].col_loop[0].u_dot_general/genblk1[0].u_dot_fp/gen_other_accum.gen_kahan_accum.u_kahan_tree/leaf_node.kahan_step_leaf/y_r_reg[0]/D
  -------------------------------------------------------------------    -------------------

                         (clock i_clk rise edge)      0.000     0.000 r  
                                                      0.000     0.000 r  i_clk (IN)
                         net (fo=0)                   0.000     0.000    i_clk
                         IBUF (Prop_IBUF_I_O)         0.473     0.473 r  i_clk_IBUF_inst/O
                         net (fo=1, unplaced)         0.527     1.000    i_clk_IBUF
                         BUFGCE (Prop_BUFGCE_I_O)     0.061     1.061 r  i_clk_IBUF_BUFG_inst/O
                         net (fo=316, unplaced)       2.273     3.335    row_loop[0].col_loop[0].u_dot_general/genblk1[0].u_dot_fp/gen_other_accum.gen_kahan_accum.u_kahan_tree/leaf_node.kahan_step_leaf/i_clk_IBUF_BUFG
                         FDRE                                         r  row_loop[0].col_loop[0].u_dot_general/genblk1[0].u_dot_fp/gen_other_accum.gen_kahan_accum.u_kahan_tree/leaf_node.kahan_step_leaf/y_r_reg[0]/C
                         clock pessimism             -0.309     3.026    
                         FDRE (Hold_FDRE_C_D)         0.035     3.061    row_loop[0].col_loop[0].u_dot_general/genblk1[0].u_dot_fp/gen_other_accum.gen_kahan_accum.u_kahan_tree/leaf_node.kahan_step_leaf/y_r_reg[0]
  -------------------------------------------------------------------
                         required time                         -3.061    
                         arrival time                           2.756    
  -------------------------------------------------------------------
                         slack                                 -0.305    





Pulse Width Checks
--------------------------------------------------------------------------------------
Clock Name:         i_clk
Waveform(ns):       { 0.000 2.500 }
Period(ns):         5.000
Sources:            { i_clk }

Check Type        Corner  Lib Pin     Reference Pin  Required(ns)  Actual(ns)  Slack(ns)  Location  Pin
Min Period        n/a     SRL16E/CLK  n/a            1.213         5.000       3.787                row_loop[0].col_loop[0].u_dot_general/genblk1[0].u_dot_fp/gen_other_accum.gen_kahan_accum.u_kahan_tree/i_vec_reg_reg[0][0]_srl2/CLK
Low Pulse Width   Slow    SRL16E/CLK  n/a            0.606         2.500       1.894                row_loop[0].col_loop[0].u_dot_general/genblk1[0].u_dot_fp/gen_other_accum.gen_kahan_accum.u_kahan_tree/i_vec_reg_reg[0][0]_srl2/CLK
High Pulse Width  Slow    SRL16E/CLK  n/a            0.606         2.500       1.894                row_loop[0].col_loop[0].u_dot_general/genblk1[0].u_dot_fp/gen_other_accum.gen_kahan_accum.u_kahan_tree/i_vec_reg_reg[0][0]_srl2/CLK



------------------------------------------------------------------------------------------------
| Data sheet
| ----------
------------------------------------------------------------------------------------------------

Input Ports Setup/Hold

----------+----------------+---------+-------+---------------+---------+---------------+---------+----------+
Reference | Input          | IO Reg  | Delay |     Setup(ns) | Process |      Hold(ns) | Process | Internal |
Clock     | Port           | Type    | Type  | to Clk (Edge) | Corner  | to Clk (Edge) | Corner  | Clock    |
----------+----------------+---------+-------+---------------+---------+---------------+---------+----------+
i_clk     | A_i[0][0][0]   | SRL16E  | -     |     0.887 (r) | FAST    |     2.989 (r) | SLOW    |          |
i_clk     | A_i[0][0][1]   | SRL16E  | -     |     0.873 (r) | FAST    |     2.660 (r) | SLOW    |          |
i_clk     | A_i[0][0][2]   | SRL16E  | -     |     0.857 (r) | FAST    |     2.668 (r) | SLOW    |          |
i_clk     | A_i[0][0][3]   | SRL16E  | -     |     0.743 (r) | FAST    |     2.662 (r) | SLOW    |          |
i_clk     | A_i[0][0][4]   | SRL16E  | -     |     0.940 (r) | FAST    |     2.884 (r) | SLOW    |          |
i_clk     | A_i[0][0][5]   | SRL16E  | -     |     0.946 (r) | FAST    |     3.038 (r) | SLOW    |          |
i_clk     | A_i[0][0][6]   | SRL16E  | -     |     0.951 (r) | FAST    |     3.050 (r) | SLOW    |          |
i_clk     | A_i[0][0][7]   | SRL16E  | -     |     0.958 (r) | FAST    |     3.059 (r) | SLOW    |          |
i_clk     | A_i[0][0][8]   | SRL16E  | -     |     0.725 (r) | FAST    |     2.639 (r) | SLOW    |          |
i_clk     | A_i[0][1][0]   | FDRE    | -     |     0.698 (r) | FAST    |     3.147 (r) | SLOW    |          |
i_clk     | A_i[0][1][1]   | FDRE    | -     |     0.684 (r) | FAST    |     2.818 (r) | SLOW    |          |
i_clk     | A_i[0][1][2]   | FDRE    | -     |     0.668 (r) | FAST    |     2.826 (r) | SLOW    |          |
i_clk     | A_i[0][1][3]   | FDRE    | -     |     0.554 (r) | FAST    |     2.820 (r) | SLOW    |          |
i_clk     | A_i[0][1][4]   | FDRE    | -     |     0.751 (r) | FAST    |     3.042 (r) | SLOW    |          |
i_clk     | A_i[0][1][5]   | FDRE    | -     |     0.757 (r) | FAST    |     3.196 (r) | SLOW    |          |
i_clk     | A_i[0][1][6]   | FDRE    | -     |     0.762 (r) | FAST    |     3.208 (r) | SLOW    |          |
i_clk     | A_i[0][1][7]   | FDRE    | -     |     0.769 (r) | FAST    |     3.217 (r) | SLOW    |          |
i_clk     | A_i[0][1][8]   | FDRE    | -     |     0.536 (r) | FAST    |     2.797 (r) | SLOW    |          |
i_clk     | A_i[1][0][0]   | SRL16E  | -     |     0.933 (r) | FAST    |     2.970 (r) | SLOW    |          |
i_clk     | A_i[1][0][1]   | SRL16E  | -     |     0.919 (r) | FAST    |     2.666 (r) | SLOW    |          |
i_clk     | A_i[1][0][2]   | SRL16E  | -     |     0.906 (r) | FAST    |     2.673 (r) | SLOW    |          |
i_clk     | A_i[1][0][3]   | SRL16E  | -     |     0.778 (r) | FAST    |     2.668 (r) | SLOW    |          |
i_clk     | A_i[1][0][4]   | SRL16E  | -     |     1.006 (r) | FAST    |     2.900 (r) | SLOW    |          |
i_clk     | A_i[1][0][5]   | SRL16E  | -     |     1.012 (r) | FAST    |     3.034 (r) | SLOW    |          |
i_clk     | A_i[1][0][6]   | SRL16E  | -     |     1.017 (r) | FAST    |     3.035 (r) | SLOW    |          |
i_clk     | A_i[1][0][7]   | SRL16E  | -     |     1.024 (r) | FAST    |     3.060 (r) | SLOW    |          |
i_clk     | A_i[1][0][8]   | SRL16E  | -     |     0.775 (r) | FAST    |     2.638 (r) | SLOW    |          |
i_clk     | A_i[1][1][0]   | FDRE    | -     |     0.744 (r) | FAST    |     3.128 (r) | SLOW    |          |
i_clk     | A_i[1][1][1]   | FDRE    | -     |     0.730 (r) | FAST    |     2.824 (r) | SLOW    |          |
i_clk     | A_i[1][1][2]   | FDRE    | -     |     0.717 (r) | FAST    |     2.831 (r) | SLOW    |          |
i_clk     | A_i[1][1][3]   | FDRE    | -     |     0.589 (r) | FAST    |     2.826 (r) | SLOW    |          |
i_clk     | A_i[1][1][4]   | FDRE    | -     |     0.817 (r) | FAST    |     3.058 (r) | SLOW    |          |
i_clk     | A_i[1][1][5]   | FDRE    | -     |     0.823 (r) | FAST    |     3.192 (r) | SLOW    |          |
i_clk     | A_i[1][1][6]   | FDRE    | -     |     0.828 (r) | FAST    |     3.193 (r) | SLOW    |          |
i_clk     | A_i[1][1][7]   | FDRE    | -     |     0.835 (r) | FAST    |     3.218 (r) | SLOW    |          |
i_clk     | A_i[1][1][8]   | FDRE    | -     |     0.586 (r) | FAST    |     2.796 (r) | SLOW    |          |
i_clk     | B_i[0][0][0]   | SRL16E  | -     |     1.017 (r) | FAST    |     2.990 (r) | SLOW    |          |
i_clk     | B_i[0][0][1]   | SRL16E  | -     |     1.011 (r) | FAST    |     2.655 (r) | SLOW    |          |
i_clk     | B_i[0][0][2]   | SRL16E  | -     |     1.005 (r) | FAST    |     2.552 (r) | SLOW    |          |
i_clk     | B_i[0][0][3]   | SRL16E  | -     |     0.984 (r) | FAST    |     2.459 (r) | SLOW    |          |
i_clk     | B_i[0][0][4]   | SRL16E  | -     |     0.915 (r) | FAST    |     2.849 (r) | SLOW    |          |
i_clk     | B_i[0][0][5]   | SRL16E  | -     |     0.940 (r) | FAST    |     3.034 (r) | SLOW    |          |
i_clk     | B_i[0][0][6]   | SRL16E  | -     |     0.945 (r) | FAST    |     3.047 (r) | SLOW    |          |
i_clk     | B_i[0][0][7]   | SRL16E  | -     |     0.928 (r) | FAST    |     3.055 (r) | SLOW    |          |
i_clk     | B_i[0][0][8]   | SRL16E  | -     |     0.940 (r) | FAST    |     2.639 (r) | SLOW    |          |
i_clk     | B_i[0][1][0]   | SRL16E  | -     |     0.913 (r) | FAST    |     2.990 (r) | SLOW    |          |
i_clk     | B_i[0][1][1]   | SRL16E  | -     |     0.904 (r) | FAST    |     2.655 (r) | SLOW    |          |
i_clk     | B_i[0][1][2]   | SRL16E  | -     |     0.898 (r) | FAST    |     2.543 (r) | SLOW    |          |
i_clk     | B_i[0][1][3]   | SRL16E  | -     |     0.880 (r) | FAST    |     2.483 (r) | SLOW    |          |
i_clk     | B_i[0][1][4]   | SRL16E  | -     |     0.828 (r) | FAST    |     2.887 (r) | SLOW    |          |
i_clk     | B_i[0][1][5]   | SRL16E  | -     |     0.853 (r) | FAST    |     3.030 (r) | SLOW    |          |
i_clk     | B_i[0][1][6]   | SRL16E  | -     |     0.858 (r) | FAST    |     3.048 (r) | SLOW    |          |
i_clk     | B_i[0][1][7]   | SRL16E  | -     |     0.841 (r) | FAST    |     3.056 (r) | SLOW    |          |
i_clk     | B_i[0][1][8]   | SRL16E  | -     |     0.856 (r) | FAST    |     2.639 (r) | SLOW    |          |
i_clk     | B_i[1][0][0]   | FDRE    | -     |     0.828 (r) | FAST    |     3.148 (r) | SLOW    |          |
i_clk     | B_i[1][0][1]   | FDRE    | -     |     0.822 (r) | FAST    |     2.813 (r) | SLOW    |          |
i_clk     | B_i[1][0][2]   | FDRE    | -     |     0.816 (r) | FAST    |     2.710 (r) | SLOW    |          |
i_clk     | B_i[1][0][3]   | FDRE    | -     |     0.795 (r) | FAST    |     2.617 (r) | SLOW    |          |
i_clk     | B_i[1][0][4]   | FDRE    | -     |     0.726 (r) | FAST    |     3.007 (r) | SLOW    |          |
i_clk     | B_i[1][0][5]   | FDRE    | -     |     0.751 (r) | FAST    |     3.192 (r) | SLOW    |          |
i_clk     | B_i[1][0][6]   | FDRE    | -     |     0.756 (r) | FAST    |     3.205 (r) | SLOW    |          |
i_clk     | B_i[1][0][7]   | FDRE    | -     |     0.739 (r) | FAST    |     3.213 (r) | SLOW    |          |
i_clk     | B_i[1][0][8]   | FDRE    | -     |     0.751 (r) | FAST    |     2.797 (r) | SLOW    |          |
i_clk     | B_i[1][1][0]   | FDRE    | -     |     0.724 (r) | FAST    |     3.148 (r) | SLOW    |          |
i_clk     | B_i[1][1][1]   | FDRE    | -     |     0.715 (r) | FAST    |     2.813 (r) | SLOW    |          |
i_clk     | B_i[1][1][2]   | FDRE    | -     |     0.709 (r) | FAST    |     2.701 (r) | SLOW    |          |
i_clk     | B_i[1][1][3]   | FDRE    | -     |     0.691 (r) | FAST    |     2.641 (r) | SLOW    |          |
i_clk     | B_i[1][1][4]   | FDRE    | -     |     0.639 (r) | FAST    |     3.045 (r) | SLOW    |          |
i_clk     | B_i[1][1][5]   | FDRE    | -     |     0.664 (r) | FAST    |     3.188 (r) | SLOW    |          |
i_clk     | B_i[1][1][6]   | FDRE    | -     |     0.669 (r) | FAST    |     3.206 (r) | SLOW    |          |
i_clk     | B_i[1][1][7]   | FDRE    | -     |     0.652 (r) | FAST    |     3.214 (r) | SLOW    |          |
i_clk     | B_i[1][1][8]   | FDRE    | -     |     0.667 (r) | FAST    |     2.797 (r) | SLOW    |          |
i_clk     | S_A_i[0][0][0] | FDRE    | -     |    -0.611 (r) | FAST    |     3.368 (r) | SLOW    |          |
i_clk     | S_A_i[0][0][1] | FDRE    | -     |    -0.648 (r) | FAST    |     3.370 (r) | SLOW    |          |
i_clk     | S_A_i[0][0][2] | FDRE    | -     |    -0.644 (r) | FAST    |     3.366 (r) | SLOW    |          |
i_clk     | S_A_i[0][0][3] | FDRE    | -     |    -0.653 (r) | FAST    |     3.370 (r) | SLOW    |          |
i_clk     | S_A_i[0][0][4] | FDRE    | -     |    -0.681 (r) | FAST    |     3.369 (r) | SLOW    |          |
i_clk     | S_A_i[0][0][5] | FDRE    | -     |    -0.696 (r) | FAST    |     3.370 (r) | SLOW    |          |
i_clk     | S_A_i[0][0][6] | FDRE    | -     |    -0.807 (r) | FAST    |     3.367 (r) | SLOW    |          |
i_clk     | S_A_i[0][0][7] | FDRE    | -     |    -0.854 (r) | FAST    |     3.369 (r) | SLOW    |          |
i_clk     | S_A_i[1][0][0] | FDRE    | -     |    -0.611 (r) | FAST    |     3.368 (r) | SLOW    |          |
i_clk     | S_A_i[1][0][1] | FDRE    | -     |    -0.648 (r) | FAST    |     3.370 (r) | SLOW    |          |
i_clk     | S_A_i[1][0][2] | FDRE    | -     |    -0.644 (r) | FAST    |     3.366 (r) | SLOW    |          |
i_clk     | S_A_i[1][0][3] | FDRE    | -     |    -0.653 (r) | FAST    |     3.370 (r) | SLOW    |          |
i_clk     | S_A_i[1][0][4] | FDRE    | -     |    -0.681 (r) | FAST    |     3.369 (r) | SLOW    |          |
i_clk     | S_A_i[1][0][5] | FDRE    | -     |    -0.696 (r) | FAST    |     3.370 (r) | SLOW    |          |
i_clk     | S_A_i[1][0][6] | FDRE    | -     |    -0.807 (r) | FAST    |     3.367 (r) | SLOW    |          |
i_clk     | S_A_i[1][0][7] | FDRE    | -     |    -0.854 (r) | FAST    |     3.369 (r) | SLOW    |          |
i_clk     | S_B_i[0][0][0] | FDRE    | -     |    -0.636 (r) | FAST    |     3.387 (r) | SLOW    |          |
i_clk     | S_B_i[0][0][1] | FDRE    | -     |    -0.673 (r) | FAST    |     3.388 (r) | SLOW    |          |
i_clk     | S_B_i[0][0][2] | FDRE    | -     |    -0.669 (r) | FAST    |     3.384 (r) | SLOW    |          |
i_clk     | S_B_i[0][0][3] | FDRE    | -     |    -0.679 (r) | FAST    |     3.389 (r) | SLOW    |          |
i_clk     | S_B_i[0][0][4] | FDRE    | -     |    -0.707 (r) | FAST    |     3.387 (r) | SLOW    |          |
i_clk     | S_B_i[0][0][5] | FDRE    | -     |    -0.720 (r) | FAST    |     3.387 (r) | SLOW    |          |
i_clk     | S_B_i[0][0][6] | FDRE    | -     |    -0.830 (r) | FAST    |     3.386 (r) | SLOW    |          |
i_clk     | S_B_i[0][0][7] | FDRE    | -     |    -0.878 (r) | FAST    |     3.386 (r) | SLOW    |          |
i_clk     | S_B_i[0][1][0] | FDRE    | -     |    -0.636 (r) | FAST    |     3.387 (r) | SLOW    |          |
i_clk     | S_B_i[0][1][1] | FDRE    | -     |    -0.673 (r) | FAST    |     3.388 (r) | SLOW    |          |
i_clk     | S_B_i[0][1][2] | FDRE    | -     |    -0.669 (r) | FAST    |     3.384 (r) | SLOW    |          |
i_clk     | S_B_i[0][1][3] | FDRE    | -     |    -0.679 (r) | FAST    |     3.389 (r) | SLOW    |          |
i_clk     | S_B_i[0][1][4] | FDRE    | -     |    -0.707 (r) | FAST    |     3.387 (r) | SLOW    |          |
i_clk     | S_B_i[0][1][5] | FDRE    | -     |    -0.720 (r) | FAST    |     3.387 (r) | SLOW    |          |
i_clk     | S_B_i[0][1][6] | FDRE    | -     |    -0.830 (r) | FAST    |     3.386 (r) | SLOW    |          |
i_clk     | S_B_i[0][1][7] | FDRE    | -     |    -0.878 (r) | FAST    |     3.386 (r) | SLOW    |          |
----------+----------------+---------+-------+---------------+---------+---------------+---------+----------+


Output Ports Clock-to-out

----------+----------------+--------+-------+----------------+---------+----------------+---------+----------+
Reference | Output         | IO Reg | Delay | Max Clk (Edge) | Process | Min Clk (Edge) | Process | Internal |
Clock     | Port           | Type   | Type  |    to port(ns) | Corner  |    to port(ns) | Corner  | Clock    |
----------+----------------+--------+-------+----------------+---------+----------------+---------+----------+
i_clk     | C_o[0][0][0]   | FDRE   | -     |      7.440 (r) | SLOW    |      3.610 (r) | FAST    |          |
i_clk     | C_o[0][0][1]   | FDRE   | -     |      7.440 (r) | SLOW    |      3.610 (r) | FAST    |          |
i_clk     | C_o[0][0][2]   | FDRE   | -     |      7.440 (r) | SLOW    |      3.610 (r) | FAST    |          |
i_clk     | C_o[0][0][3]   | FDRE   | -     |      7.440 (r) | SLOW    |      3.610 (r) | FAST    |          |
i_clk     | C_o[0][0][4]   | FDRE   | -     |      7.440 (r) | SLOW    |      3.610 (r) | FAST    |          |
i_clk     | C_o[0][0][5]   | FDRE   | -     |      7.440 (r) | SLOW    |      3.610 (r) | FAST    |          |
i_clk     | C_o[0][0][6]   | FDRE   | -     |      7.440 (r) | SLOW    |      3.610 (r) | FAST    |          |
i_clk     | C_o[0][0][7]   | FDRE   | -     |      7.440 (r) | SLOW    |      3.610 (r) | FAST    |          |
i_clk     | C_o[0][0][8]   | FDRE   | -     |      7.440 (r) | SLOW    |      3.610 (r) | FAST    |          |
i_clk     | C_o[0][1][0]   | FDRE   | -     |      7.440 (r) | SLOW    |      3.610 (r) | FAST    |          |
i_clk     | C_o[0][1][1]   | FDRE   | -     |      7.440 (r) | SLOW    |      3.610 (r) | FAST    |          |
i_clk     | C_o[0][1][2]   | FDRE   | -     |      7.440 (r) | SLOW    |      3.610 (r) | FAST    |          |
i_clk     | C_o[0][1][3]   | FDRE   | -     |      7.440 (r) | SLOW    |      3.610 (r) | FAST    |          |
i_clk     | C_o[0][1][4]   | FDRE   | -     |      7.440 (r) | SLOW    |      3.610 (r) | FAST    |          |
i_clk     | C_o[0][1][5]   | FDRE   | -     |      7.440 (r) | SLOW    |      3.610 (r) | FAST    |          |
i_clk     | C_o[0][1][6]   | FDRE   | -     |      7.440 (r) | SLOW    |      3.610 (r) | FAST    |          |
i_clk     | C_o[0][1][7]   | FDRE   | -     |      7.440 (r) | SLOW    |      3.610 (r) | FAST    |          |
i_clk     | C_o[0][1][8]   | FDRE   | -     |      7.440 (r) | SLOW    |      3.610 (r) | FAST    |          |
i_clk     | C_o[1][0][0]   | FDRE   | -     |      7.440 (r) | SLOW    |      3.610 (r) | FAST    |          |
i_clk     | C_o[1][0][1]   | FDRE   | -     |      7.440 (r) | SLOW    |      3.610 (r) | FAST    |          |
i_clk     | C_o[1][0][2]   | FDRE   | -     |      7.440 (r) | SLOW    |      3.610 (r) | FAST    |          |
i_clk     | C_o[1][0][3]   | FDRE   | -     |      7.440 (r) | SLOW    |      3.610 (r) | FAST    |          |
i_clk     | C_o[1][0][4]   | FDRE   | -     |      7.440 (r) | SLOW    |      3.610 (r) | FAST    |          |
i_clk     | C_o[1][0][5]   | FDRE   | -     |      7.440 (r) | SLOW    |      3.610 (r) | FAST    |          |
i_clk     | C_o[1][0][6]   | FDRE   | -     |      7.440 (r) | SLOW    |      3.610 (r) | FAST    |          |
i_clk     | C_o[1][0][7]   | FDRE   | -     |      7.440 (r) | SLOW    |      3.610 (r) | FAST    |          |
i_clk     | C_o[1][0][8]   | FDRE   | -     |      7.440 (r) | SLOW    |      3.610 (r) | FAST    |          |
i_clk     | C_o[1][1][0]   | FDRE   | -     |      7.440 (r) | SLOW    |      3.610 (r) | FAST    |          |
i_clk     | C_o[1][1][1]   | FDRE   | -     |      7.440 (r) | SLOW    |      3.610 (r) | FAST    |          |
i_clk     | C_o[1][1][2]   | FDRE   | -     |      7.440 (r) | SLOW    |      3.610 (r) | FAST    |          |
i_clk     | C_o[1][1][3]   | FDRE   | -     |      7.440 (r) | SLOW    |      3.610 (r) | FAST    |          |
i_clk     | C_o[1][1][4]   | FDRE   | -     |      7.440 (r) | SLOW    |      3.610 (r) | FAST    |          |
i_clk     | C_o[1][1][5]   | FDRE   | -     |      7.440 (r) | SLOW    |      3.610 (r) | FAST    |          |
i_clk     | C_o[1][1][6]   | FDRE   | -     |      7.440 (r) | SLOW    |      3.610 (r) | FAST    |          |
i_clk     | C_o[1][1][7]   | FDRE   | -     |      7.440 (r) | SLOW    |      3.610 (r) | FAST    |          |
i_clk     | C_o[1][1][8]   | FDRE   | -     |      7.440 (r) | SLOW    |      3.610 (r) | FAST    |          |
i_clk     | S_C_o[0][0][0] | FDRE   | -     |      7.440 (r) | SLOW    |      3.610 (r) | FAST    |          |
i_clk     | S_C_o[0][0][1] | FDRE   | -     |      7.440 (r) | SLOW    |      3.610 (r) | FAST    |          |
i_clk     | S_C_o[0][0][2] | FDRE   | -     |      7.440 (r) | SLOW    |      3.610 (r) | FAST    |          |
i_clk     | S_C_o[0][0][3] | FDRE   | -     |      7.440 (r) | SLOW    |      3.610 (r) | FAST    |          |
i_clk     | S_C_o[0][0][4] | FDRE   | -     |      7.440 (r) | SLOW    |      3.610 (r) | FAST    |          |
i_clk     | S_C_o[0][0][5] | FDRE   | -     |      7.440 (r) | SLOW    |      3.610 (r) | FAST    |          |
i_clk     | S_C_o[0][0][6] | FDRE   | -     |      7.440 (r) | SLOW    |      3.610 (r) | FAST    |          |
i_clk     | S_C_o[0][0][7] | FDRE   | -     |      7.440 (r) | SLOW    |      3.610 (r) | FAST    |          |
i_clk     | S_C_o[0][1][0] | FDRE   | -     |      7.440 (r) | SLOW    |      3.610 (r) | FAST    |          |
i_clk     | S_C_o[0][1][1] | FDRE   | -     |      7.440 (r) | SLOW    |      3.610 (r) | FAST    |          |
i_clk     | S_C_o[0][1][2] | FDRE   | -     |      7.440 (r) | SLOW    |      3.610 (r) | FAST    |          |
i_clk     | S_C_o[0][1][3] | FDRE   | -     |      7.440 (r) | SLOW    |      3.610 (r) | FAST    |          |
i_clk     | S_C_o[0][1][4] | FDRE   | -     |      7.440 (r) | SLOW    |      3.610 (r) | FAST    |          |
i_clk     | S_C_o[0][1][5] | FDRE   | -     |      7.440 (r) | SLOW    |      3.610 (r) | FAST    |          |
i_clk     | S_C_o[0][1][6] | FDRE   | -     |      7.440 (r) | SLOW    |      3.610 (r) | FAST    |          |
i_clk     | S_C_o[0][1][7] | FDRE   | -     |      7.440 (r) | SLOW    |      3.610 (r) | FAST    |          |
i_clk     | S_C_o[1][0][0] | FDRE   | -     |      7.440 (r) | SLOW    |      3.610 (r) | FAST    |          |
i_clk     | S_C_o[1][0][1] | FDRE   | -     |      7.440 (r) | SLOW    |      3.610 (r) | FAST    |          |
i_clk     | S_C_o[1][0][2] | FDRE   | -     |      7.440 (r) | SLOW    |      3.610 (r) | FAST    |          |
i_clk     | S_C_o[1][0][3] | FDRE   | -     |      7.440 (r) | SLOW    |      3.610 (r) | FAST    |          |
i_clk     | S_C_o[1][0][4] | FDRE   | -     |      7.440 (r) | SLOW    |      3.610 (r) | FAST    |          |
i_clk     | S_C_o[1][0][5] | FDRE   | -     |      7.440 (r) | SLOW    |      3.610 (r) | FAST    |          |
i_clk     | S_C_o[1][0][6] | FDRE   | -     |      7.440 (r) | SLOW    |      3.610 (r) | FAST    |          |
i_clk     | S_C_o[1][0][7] | FDRE   | -     |      7.440 (r) | SLOW    |      3.610 (r) | FAST    |          |
i_clk     | S_C_o[1][1][0] | FDRE   | -     |      7.440 (r) | SLOW    |      3.610 (r) | FAST    |          |
i_clk     | S_C_o[1][1][1] | FDRE   | -     |      7.440 (r) | SLOW    |      3.610 (r) | FAST    |          |
i_clk     | S_C_o[1][1][2] | FDRE   | -     |      7.440 (r) | SLOW    |      3.610 (r) | FAST    |          |
i_clk     | S_C_o[1][1][3] | FDRE   | -     |      7.440 (r) | SLOW    |      3.610 (r) | FAST    |          |
i_clk     | S_C_o[1][1][4] | FDRE   | -     |      7.440 (r) | SLOW    |      3.610 (r) | FAST    |          |
i_clk     | S_C_o[1][1][5] | FDRE   | -     |      7.440 (r) | SLOW    |      3.610 (r) | FAST    |          |
i_clk     | S_C_o[1][1][6] | FDRE   | -     |      7.440 (r) | SLOW    |      3.610 (r) | FAST    |          |
i_clk     | S_C_o[1][1][7] | FDRE   | -     |      7.440 (r) | SLOW    |      3.610 (r) | FAST    |          |
----------+----------------+--------+-------+----------------+---------+----------------+---------+----------+


Setup between Clocks

-------+-------------+---------------+---------+---------------+---------+---------------+---------+---------------+---------+
Source | Destination |  Src:Rise     | Process |  Src:Rise     | Process |  Src:Fall     | Process |  Src:Fall     | Process |
Clock  | Clock       | Dest:Rise(ns) | Corner  | Dest:Fall(ns) | Corner  | Dest:Rise(ns) | Corner  | Dest:Fall(ns) | Corner  |
-------+-------------+---------------+---------+---------------+---------+---------------+---------+---------------+---------+
i_clk  | i_clk       |         1.381 | SLOW    |               |         |               |         |               |         |
-------+-------------+---------------+---------+---------------+---------+---------------+---------+---------------+---------+


Setup / Hold times for input bus
Clocked by: i_clk
Worst Case Data Window: 4.017 ns
Ideal Clock Offset to Actual Clock: 1.051 ns
-------------------+------------+---------+-------------+---------+-----------+-----------+---------------+
                   |            | Process |             | Process | Setup     |  Hold     | Source Offset |
Source             |  Setup(ns) | Corner  |    Hold(ns) | Corner  | Slack(ns) | Slack(ns) | to Center(ns) |
-------------------+------------+---------+-------------+---------+-----------+-----------+---------------+
A_i[0][0][0]       |  0.887 (r) | FAST    |   2.989 (r) | SLOW    |       inf |       inf |             - |
A_i[0][0][1]       |  0.873 (r) | FAST    |   2.660 (r) | SLOW    |       inf |       inf |             - |
A_i[0][0][2]       |  0.857 (r) | FAST    |   2.668 (r) | SLOW    |       inf |       inf |             - |
A_i[0][0][3]       |  0.743 (r) | FAST    |   2.662 (r) | SLOW    |       inf |       inf |             - |
A_i[0][0][4]       |  0.940 (r) | FAST    |   2.884 (r) | SLOW    |       inf |       inf |             - |
A_i[0][0][5]       |  0.946 (r) | FAST    |   3.038 (r) | SLOW    |       inf |       inf |             - |
A_i[0][0][6]       |  0.951 (r) | FAST    |   3.050 (r) | SLOW    |       inf |       inf |             - |
A_i[0][0][7]       |  0.958 (r) | FAST    |   3.059 (r) | SLOW    |       inf |       inf |             - |
A_i[0][0][8]       |  0.725 (r) | FAST    |   2.639 (r) | SLOW    |       inf |       inf |             - |
-------------------+------------+---------+-------------+---------+-----------+-----------+---------------+
Worst Case Summary |  0.958 (r) | FAST    |   3.059 (r) | SLOW    |       inf |       inf |             - |
-------------------+------------+---------+-------------+---------+-----------+-----------+---------------+



Setup / Hold times for input bus
Clocked by: i_clk
Worst Case Data Window: 3.986 ns
Ideal Clock Offset to Actual Clock: 1.224 ns
-------------------+------------+---------+-------------+---------+-----------+-----------+---------------+
                   |            | Process |             | Process | Setup     |  Hold     | Source Offset |
Source             |  Setup(ns) | Corner  |    Hold(ns) | Corner  | Slack(ns) | Slack(ns) | to Center(ns) |
-------------------+------------+---------+-------------+---------+-----------+-----------+---------------+
A_i[0][1][0]       |  0.698 (r) | FAST    |   3.147 (r) | SLOW    |       inf |       inf |             - |
A_i[0][1][1]       |  0.684 (r) | FAST    |   2.818 (r) | SLOW    |       inf |       inf |             - |
A_i[0][1][2]       |  0.668 (r) | FAST    |   2.826 (r) | SLOW    |       inf |       inf |             - |
A_i[0][1][3]       |  0.554 (r) | FAST    |   2.820 (r) | SLOW    |       inf |       inf |             - |
A_i[0][1][4]       |  0.751 (r) | FAST    |   3.042 (r) | SLOW    |       inf |       inf |             - |
A_i[0][1][5]       |  0.757 (r) | FAST    |   3.196 (r) | SLOW    |       inf |       inf |             - |
A_i[0][1][6]       |  0.762 (r) | FAST    |   3.208 (r) | SLOW    |       inf |       inf |             - |
A_i[0][1][7]       |  0.769 (r) | FAST    |   3.217 (r) | SLOW    |       inf |       inf |             - |
A_i[0][1][8]       |  0.536 (r) | FAST    |   2.797 (r) | SLOW    |       inf |       inf |             - |
-------------------+------------+---------+-------------+---------+-----------+-----------+---------------+
Worst Case Summary |  0.769 (r) | FAST    |   3.217 (r) | SLOW    |       inf |       inf |             - |
-------------------+------------+---------+-------------+---------+-----------+-----------+---------------+



Setup / Hold times for input bus
Clocked by: i_clk
Worst Case Data Window: 4.084 ns
Ideal Clock Offset to Actual Clock: 1.018 ns
-------------------+-------------+---------+-------------+---------+-----------+-----------+---------------+
                   |             | Process |             | Process | Setup     |  Hold     | Source Offset |
Source             |   Setup(ns) | Corner  |    Hold(ns) | Corner  | Slack(ns) | Slack(ns) | to Center(ns) |
-------------------+-------------+---------+-------------+---------+-----------+-----------+---------------+
A_i[1][0][0]       |   0.933 (r) | FAST    |   2.970 (r) | SLOW    |       inf |       inf |             - |
A_i[1][0][1]       |   0.919 (r) | FAST    |   2.666 (r) | SLOW    |       inf |       inf |             - |
A_i[1][0][2]       |   0.906 (r) | FAST    |   2.673 (r) | SLOW    |       inf |       inf |             - |
A_i[1][0][3]       |   0.778 (r) | FAST    |   2.668 (r) | SLOW    |       inf |       inf |             - |
A_i[1][0][4]       |   1.006 (r) | FAST    |   2.900 (r) | SLOW    |       inf |       inf |             - |
A_i[1][0][5]       |   1.012 (r) | FAST    |   3.034 (r) | SLOW    |       inf |       inf |             - |
A_i[1][0][6]       |   1.017 (r) | FAST    |   3.035 (r) | SLOW    |       inf |       inf |             - |
A_i[1][0][7]       |   1.024 (r) | FAST    |   3.060 (r) | SLOW    |       inf |       inf |             - |
A_i[1][0][8]       |   0.775 (r) | FAST    |   2.638 (r) | SLOW    |       inf |       inf |             - |
-------------------+-------------+---------+-------------+---------+-----------+-----------+---------------+
Worst Case Summary |   1.024 (r) | FAST    |   3.060 (r) | SLOW    |       inf |       inf |             - |
-------------------+-------------+---------+-------------+---------+-----------+-----------+---------------+



Setup / Hold times for input bus
Clocked by: i_clk
Worst Case Data Window: 4.053 ns
Ideal Clock Offset to Actual Clock: 1.192 ns
-------------------+------------+---------+-------------+---------+-----------+-----------+---------------+
                   |            | Process |             | Process | Setup     |  Hold     | Source Offset |
Source             |  Setup(ns) | Corner  |    Hold(ns) | Corner  | Slack(ns) | Slack(ns) | to Center(ns) |
-------------------+------------+---------+-------------+---------+-----------+-----------+---------------+
A_i[1][1][0]       |  0.744 (r) | FAST    |   3.128 (r) | SLOW    |       inf |       inf |             - |
A_i[1][1][1]       |  0.730 (r) | FAST    |   2.824 (r) | SLOW    |       inf |       inf |             - |
A_i[1][1][2]       |  0.717 (r) | FAST    |   2.831 (r) | SLOW    |       inf |       inf |             - |
A_i[1][1][3]       |  0.589 (r) | FAST    |   2.826 (r) | SLOW    |       inf |       inf |             - |
A_i[1][1][4]       |  0.817 (r) | FAST    |   3.058 (r) | SLOW    |       inf |       inf |             - |
A_i[1][1][5]       |  0.823 (r) | FAST    |   3.192 (r) | SLOW    |       inf |       inf |             - |
A_i[1][1][6]       |  0.828 (r) | FAST    |   3.193 (r) | SLOW    |       inf |       inf |             - |
A_i[1][1][7]       |  0.835 (r) | FAST    |   3.218 (r) | SLOW    |       inf |       inf |             - |
A_i[1][1][8]       |  0.586 (r) | FAST    |   2.796 (r) | SLOW    |       inf |       inf |             - |
-------------------+------------+---------+-------------+---------+-----------+-----------+---------------+
Worst Case Summary |  0.835 (r) | FAST    |   3.218 (r) | SLOW    |       inf |       inf |             - |
-------------------+------------+---------+-------------+---------+-----------+-----------+---------------+



Setup / Hold times for input bus
Clocked by: i_clk
Worst Case Data Window: 4.072 ns
Ideal Clock Offset to Actual Clock: 1.019 ns
-------------------+-------------+---------+-------------+---------+-----------+-----------+---------------+
                   |             | Process |             | Process | Setup     |  Hold     | Source Offset |
Source             |   Setup(ns) | Corner  |    Hold(ns) | Corner  | Slack(ns) | Slack(ns) | to Center(ns) |
-------------------+-------------+---------+-------------+---------+-----------+-----------+---------------+
B_i[0][0][0]       |   1.017 (r) | FAST    |   2.990 (r) | SLOW    |       inf |       inf |             - |
B_i[0][0][1]       |   1.011 (r) | FAST    |   2.655 (r) | SLOW    |       inf |       inf |             - |
B_i[0][0][2]       |   1.005 (r) | FAST    |   2.552 (r) | SLOW    |       inf |       inf |             - |
B_i[0][0][3]       |   0.984 (r) | FAST    |   2.459 (r) | SLOW    |       inf |       inf |             - |
B_i[0][0][4]       |   0.915 (r) | FAST    |   2.849 (r) | SLOW    |       inf |       inf |             - |
B_i[0][0][5]       |   0.940 (r) | FAST    |   3.034 (r) | SLOW    |       inf |       inf |             - |
B_i[0][0][6]       |   0.945 (r) | FAST    |   3.047 (r) | SLOW    |       inf |       inf |             - |
B_i[0][0][7]       |   0.928 (r) | FAST    |   3.055 (r) | SLOW    |       inf |       inf |             - |
B_i[0][0][8]       |   0.940 (r) | FAST    |   2.639 (r) | SLOW    |       inf |       inf |             - |
-------------------+-------------+---------+-------------+---------+-----------+-----------+---------------+
Worst Case Summary |   1.017 (r) | FAST    |   3.055 (r) | SLOW    |       inf |       inf |             - |
-------------------+-------------+---------+-------------+---------+-----------+-----------+---------------+



Setup / Hold times for input bus
Clocked by: i_clk
Worst Case Data Window: 3.969 ns
Ideal Clock Offset to Actual Clock: 1.072 ns
-------------------+------------+---------+-------------+---------+-----------+-----------+---------------+
                   |            | Process |             | Process | Setup     |  Hold     | Source Offset |
Source             |  Setup(ns) | Corner  |    Hold(ns) | Corner  | Slack(ns) | Slack(ns) | to Center(ns) |
-------------------+------------+---------+-------------+---------+-----------+-----------+---------------+
B_i[0][1][0]       |  0.913 (r) | FAST    |   2.990 (r) | SLOW    |       inf |       inf |             - |
B_i[0][1][1]       |  0.904 (r) | FAST    |   2.655 (r) | SLOW    |       inf |       inf |             - |
B_i[0][1][2]       |  0.898 (r) | FAST    |   2.543 (r) | SLOW    |       inf |       inf |             - |
B_i[0][1][3]       |  0.880 (r) | FAST    |   2.483 (r) | SLOW    |       inf |       inf |             - |
B_i[0][1][4]       |  0.828 (r) | FAST    |   2.887 (r) | SLOW    |       inf |       inf |             - |
B_i[0][1][5]       |  0.853 (r) | FAST    |   3.030 (r) | SLOW    |       inf |       inf |             - |
B_i[0][1][6]       |  0.858 (r) | FAST    |   3.048 (r) | SLOW    |       inf |       inf |             - |
B_i[0][1][7]       |  0.841 (r) | FAST    |   3.056 (r) | SLOW    |       inf |       inf |             - |
B_i[0][1][8]       |  0.856 (r) | FAST    |   2.639 (r) | SLOW    |       inf |       inf |             - |
-------------------+------------+---------+-------------+---------+-----------+-----------+---------------+
Worst Case Summary |  0.913 (r) | FAST    |   3.056 (r) | SLOW    |       inf |       inf |             - |
-------------------+------------+---------+-------------+---------+-----------+-----------+---------------+



Setup / Hold times for input bus
Clocked by: i_clk
Worst Case Data Window: 4.041 ns
Ideal Clock Offset to Actual Clock: 1.193 ns
-------------------+------------+---------+-------------+---------+-----------+-----------+---------------+
                   |            | Process |             | Process | Setup     |  Hold     | Source Offset |
Source             |  Setup(ns) | Corner  |    Hold(ns) | Corner  | Slack(ns) | Slack(ns) | to Center(ns) |
-------------------+------------+---------+-------------+---------+-----------+-----------+---------------+
B_i[1][0][0]       |  0.828 (r) | FAST    |   3.148 (r) | SLOW    |       inf |       inf |             - |
B_i[1][0][1]       |  0.822 (r) | FAST    |   2.813 (r) | SLOW    |       inf |       inf |             - |
B_i[1][0][2]       |  0.816 (r) | FAST    |   2.710 (r) | SLOW    |       inf |       inf |             - |
B_i[1][0][3]       |  0.795 (r) | FAST    |   2.617 (r) | SLOW    |       inf |       inf |             - |
B_i[1][0][4]       |  0.726 (r) | FAST    |   3.007 (r) | SLOW    |       inf |       inf |             - |
B_i[1][0][5]       |  0.751 (r) | FAST    |   3.192 (r) | SLOW    |       inf |       inf |             - |
B_i[1][0][6]       |  0.756 (r) | FAST    |   3.205 (r) | SLOW    |       inf |       inf |             - |
B_i[1][0][7]       |  0.739 (r) | FAST    |   3.213 (r) | SLOW    |       inf |       inf |             - |
B_i[1][0][8]       |  0.751 (r) | FAST    |   2.797 (r) | SLOW    |       inf |       inf |             - |
-------------------+------------+---------+-------------+---------+-----------+-----------+---------------+
Worst Case Summary |  0.828 (r) | FAST    |   3.213 (r) | SLOW    |       inf |       inf |             - |
-------------------+------------+---------+-------------+---------+-----------+-----------+---------------+



Setup / Hold times for input bus
Clocked by: i_clk
Worst Case Data Window: 3.938 ns
Ideal Clock Offset to Actual Clock: 1.245 ns
-------------------+------------+---------+-------------+---------+-----------+-----------+---------------+
                   |            | Process |             | Process | Setup     |  Hold     | Source Offset |
Source             |  Setup(ns) | Corner  |    Hold(ns) | Corner  | Slack(ns) | Slack(ns) | to Center(ns) |
-------------------+------------+---------+-------------+---------+-----------+-----------+---------------+
B_i[1][1][0]       |  0.724 (r) | FAST    |   3.148 (r) | SLOW    |       inf |       inf |             - |
B_i[1][1][1]       |  0.715 (r) | FAST    |   2.813 (r) | SLOW    |       inf |       inf |             - |
B_i[1][1][2]       |  0.709 (r) | FAST    |   2.701 (r) | SLOW    |       inf |       inf |             - |
B_i[1][1][3]       |  0.691 (r) | FAST    |   2.641 (r) | SLOW    |       inf |       inf |             - |
B_i[1][1][4]       |  0.639 (r) | FAST    |   3.045 (r) | SLOW    |       inf |       inf |             - |
B_i[1][1][5]       |  0.664 (r) | FAST    |   3.188 (r) | SLOW    |       inf |       inf |             - |
B_i[1][1][6]       |  0.669 (r) | FAST    |   3.206 (r) | SLOW    |       inf |       inf |             - |
B_i[1][1][7]       |  0.652 (r) | FAST    |   3.214 (r) | SLOW    |       inf |       inf |             - |
B_i[1][1][8]       |  0.667 (r) | FAST    |   2.797 (r) | SLOW    |       inf |       inf |             - |
-------------------+------------+---------+-------------+---------+-----------+-----------+---------------+
Worst Case Summary |  0.724 (r) | FAST    |   3.214 (r) | SLOW    |       inf |       inf |             - |
-------------------+------------+---------+-------------+---------+-----------+-----------+---------------+



Setup / Hold times for input bus
Clocked by: i_clk
Worst Case Data Window: 2.759 ns
Ideal Clock Offset to Actual Clock: 1.991 ns
-------------------+------------+---------+-------------+---------+-----------+-----------+---------------+
                   |            | Process |             | Process | Setup     |  Hold     | Source Offset |
Source             |  Setup(ns) | Corner  |    Hold(ns) | Corner  | Slack(ns) | Slack(ns) | to Center(ns) |
-------------------+------------+---------+-------------+---------+-----------+-----------+---------------+
S_A_i[0][0][0]     | -0.611 (r) | FAST    |   3.368 (r) | SLOW    |       inf |       inf |             - |
S_A_i[0][0][1]     | -0.648 (r) | FAST    |   3.370 (r) | SLOW    |       inf |       inf |             - |
S_A_i[0][0][2]     | -0.644 (r) | FAST    |   3.366 (r) | SLOW    |       inf |       inf |             - |
S_A_i[0][0][3]     | -0.653 (r) | FAST    |   3.370 (r) | SLOW    |       inf |       inf |             - |
S_A_i[0][0][4]     | -0.681 (r) | FAST    |   3.369 (r) | SLOW    |       inf |       inf |             - |
S_A_i[0][0][5]     | -0.696 (r) | FAST    |   3.370 (r) | SLOW    |       inf |       inf |             - |
S_A_i[0][0][6]     | -0.807 (r) | FAST    |   3.367 (r) | SLOW    |       inf |       inf |             - |
S_A_i[0][0][7]     | -0.854 (r) | FAST    |   3.369 (r) | SLOW    |       inf |       inf |             - |
-------------------+------------+---------+-------------+---------+-----------+-----------+---------------+
Worst Case Summary | -0.611 (r) | FAST    |   3.370 (r) | SLOW    |       inf |       inf |             - |
-------------------+------------+---------+-------------+---------+-----------+-----------+---------------+



Setup / Hold times for input bus
Clocked by: i_clk
Worst Case Data Window: 2.759 ns
Ideal Clock Offset to Actual Clock: 1.991 ns
-------------------+------------+---------+-------------+---------+-----------+-----------+---------------+
                   |            | Process |             | Process | Setup     |  Hold     | Source Offset |
Source             |  Setup(ns) | Corner  |    Hold(ns) | Corner  | Slack(ns) | Slack(ns) | to Center(ns) |
-------------------+------------+---------+-------------+---------+-----------+-----------+---------------+
S_A_i[1][0][0]     | -0.611 (r) | FAST    |   3.368 (r) | SLOW    |       inf |       inf |             - |
S_A_i[1][0][1]     | -0.648 (r) | FAST    |   3.370 (r) | SLOW    |       inf |       inf |             - |
S_A_i[1][0][2]     | -0.644 (r) | FAST    |   3.366 (r) | SLOW    |       inf |       inf |             - |
S_A_i[1][0][3]     | -0.653 (r) | FAST    |   3.370 (r) | SLOW    |       inf |       inf |             - |
S_A_i[1][0][4]     | -0.681 (r) | FAST    |   3.369 (r) | SLOW    |       inf |       inf |             - |
S_A_i[1][0][5]     | -0.696 (r) | FAST    |   3.370 (r) | SLOW    |       inf |       inf |             - |
S_A_i[1][0][6]     | -0.807 (r) | FAST    |   3.367 (r) | SLOW    |       inf |       inf |             - |
S_A_i[1][0][7]     | -0.854 (r) | FAST    |   3.369 (r) | SLOW    |       inf |       inf |             - |
-------------------+------------+---------+-------------+---------+-----------+-----------+---------------+
Worst Case Summary | -0.611 (r) | FAST    |   3.370 (r) | SLOW    |       inf |       inf |             - |
-------------------+------------+---------+-------------+---------+-----------+-----------+---------------+



Setup / Hold times for input bus
Clocked by: i_clk
Worst Case Data Window: 2.753 ns
Ideal Clock Offset to Actual Clock: 2.013 ns
-------------------+------------+---------+-------------+---------+-----------+-----------+---------------+
                   |            | Process |             | Process | Setup     |  Hold     | Source Offset |
Source             |  Setup(ns) | Corner  |    Hold(ns) | Corner  | Slack(ns) | Slack(ns) | to Center(ns) |
-------------------+------------+---------+-------------+---------+-----------+-----------+---------------+
S_B_i[0][0][0]     | -0.636 (r) | FAST    |   3.387 (r) | SLOW    |       inf |       inf |             - |
S_B_i[0][0][1]     | -0.673 (r) | FAST    |   3.388 (r) | SLOW    |       inf |       inf |             - |
S_B_i[0][0][2]     | -0.669 (r) | FAST    |   3.384 (r) | SLOW    |       inf |       inf |             - |
S_B_i[0][0][3]     | -0.679 (r) | FAST    |   3.389 (r) | SLOW    |       inf |       inf |             - |
S_B_i[0][0][4]     | -0.707 (r) | FAST    |   3.387 (r) | SLOW    |       inf |       inf |             - |
S_B_i[0][0][5]     | -0.720 (r) | FAST    |   3.387 (r) | SLOW    |       inf |       inf |             - |
S_B_i[0][0][6]     | -0.830 (r) | FAST    |   3.386 (r) | SLOW    |       inf |       inf |             - |
S_B_i[0][0][7]     | -0.878 (r) | FAST    |   3.386 (r) | SLOW    |       inf |       inf |             - |
-------------------+------------+---------+-------------+---------+-----------+-----------+---------------+
Worst Case Summary | -0.636 (r) | FAST    |   3.389 (r) | SLOW    |       inf |       inf |             - |
-------------------+------------+---------+-------------+---------+-----------+-----------+---------------+



Setup / Hold times for input bus
Clocked by: i_clk
Worst Case Data Window: 2.753 ns
Ideal Clock Offset to Actual Clock: 2.013 ns
-------------------+------------+---------+-------------+---------+-----------+-----------+---------------+
                   |            | Process |             | Process | Setup     |  Hold     | Source Offset |
Source             |  Setup(ns) | Corner  |    Hold(ns) | Corner  | Slack(ns) | Slack(ns) | to Center(ns) |
-------------------+------------+---------+-------------+---------+-----------+-----------+---------------+
S_B_i[0][1][0]     | -0.636 (r) | FAST    |   3.387 (r) | SLOW    |       inf |       inf |             - |
S_B_i[0][1][1]     | -0.673 (r) | FAST    |   3.388 (r) | SLOW    |       inf |       inf |             - |
S_B_i[0][1][2]     | -0.669 (r) | FAST    |   3.384 (r) | SLOW    |       inf |       inf |             - |
S_B_i[0][1][3]     | -0.679 (r) | FAST    |   3.389 (r) | SLOW    |       inf |       inf |             - |
S_B_i[0][1][4]     | -0.707 (r) | FAST    |   3.387 (r) | SLOW    |       inf |       inf |             - |
S_B_i[0][1][5]     | -0.720 (r) | FAST    |   3.387 (r) | SLOW    |       inf |       inf |             - |
S_B_i[0][1][6]     | -0.830 (r) | FAST    |   3.386 (r) | SLOW    |       inf |       inf |             - |
S_B_i[0][1][7]     | -0.878 (r) | FAST    |   3.386 (r) | SLOW    |       inf |       inf |             - |
-------------------+------------+---------+-------------+---------+-----------+-----------+---------------+
Worst Case Summary | -0.636 (r) | FAST    |   3.389 (r) | SLOW    |       inf |       inf |             - |
-------------------+------------+---------+-------------+---------+-----------+-----------+---------------+



Max / Min delays for output bus
Clocked by: i_clk
Bus Skew: 0.000 ns
-------------------+-------------+---------+-------------+---------+----------+
                   |     Max     | Process |     Min     | Process | Edge     |
Pad                |   Delay(ns) | Corner  |   Delay(ns) | Corner  | Skew(ns) |
-------------------+-------------+---------+-------------+---------+----------+
C_o[0][0][0]       |   7.440 (r) | SLOW    |   3.610 (r) | FAST    |    0.000 |
C_o[0][0][1]       |   7.440 (r) | SLOW    |   3.610 (r) | FAST    |    0.000 |
C_o[0][0][2]       |   7.440 (r) | SLOW    |   3.610 (r) | FAST    |    0.000 |
C_o[0][0][3]       |   7.440 (r) | SLOW    |   3.610 (r) | FAST    |    0.000 |
C_o[0][0][4]       |   7.440 (r) | SLOW    |   3.610 (r) | FAST    |    0.000 |
C_o[0][0][5]       |   7.440 (r) | SLOW    |   3.610 (r) | FAST    |    0.000 |
C_o[0][0][6]       |   7.440 (r) | SLOW    |   3.610 (r) | FAST    |    0.000 |
C_o[0][0][7]       |   7.440 (r) | SLOW    |   3.610 (r) | FAST    |    0.000 |
C_o[0][0][8]       |   7.440 (r) | SLOW    |   3.610 (r) | FAST    |    0.000 |
-------------------+-------------+---------+-------------+---------+----------+
Worst Case Summary |   7.440 (r) | SLOW    |   3.610 (r) | FAST    |    0.000 |
-------------------+-------------+---------+-------------+---------+----------+



Max / Min delays for output bus
Clocked by: i_clk
Bus Skew: 0.000 ns
-------------------+-------------+---------+-------------+---------+----------+
                   |     Max     | Process |     Min     | Process | Edge     |
Pad                |   Delay(ns) | Corner  |   Delay(ns) | Corner  | Skew(ns) |
-------------------+-------------+---------+-------------+---------+----------+
C_o[0][1][0]       |   7.440 (r) | SLOW    |   3.610 (r) | FAST    |    0.000 |
C_o[0][1][1]       |   7.440 (r) | SLOW    |   3.610 (r) | FAST    |    0.000 |
C_o[0][1][2]       |   7.440 (r) | SLOW    |   3.610 (r) | FAST    |    0.000 |
C_o[0][1][3]       |   7.440 (r) | SLOW    |   3.610 (r) | FAST    |    0.000 |
C_o[0][1][4]       |   7.440 (r) | SLOW    |   3.610 (r) | FAST    |    0.000 |
C_o[0][1][5]       |   7.440 (r) | SLOW    |   3.610 (r) | FAST    |    0.000 |
C_o[0][1][6]       |   7.440 (r) | SLOW    |   3.610 (r) | FAST    |    0.000 |
C_o[0][1][7]       |   7.440 (r) | SLOW    |   3.610 (r) | FAST    |    0.000 |
C_o[0][1][8]       |   7.440 (r) | SLOW    |   3.610 (r) | FAST    |    0.000 |
-------------------+-------------+---------+-------------+---------+----------+
Worst Case Summary |   7.440 (r) | SLOW    |   3.610 (r) | FAST    |    0.000 |
-------------------+-------------+---------+-------------+---------+----------+



Max / Min delays for output bus
Clocked by: i_clk
Bus Skew: 0.000 ns
-------------------+-------------+---------+-------------+---------+----------+
                   |     Max     | Process |     Min     | Process | Edge     |
Pad                |   Delay(ns) | Corner  |   Delay(ns) | Corner  | Skew(ns) |
-------------------+-------------+---------+-------------+---------+----------+
C_o[1][0][0]       |   7.440 (r) | SLOW    |   3.610 (r) | FAST    |    0.000 |
C_o[1][0][1]       |   7.440 (r) | SLOW    |   3.610 (r) | FAST    |    0.000 |
C_o[1][0][2]       |   7.440 (r) | SLOW    |   3.610 (r) | FAST    |    0.000 |
C_o[1][0][3]       |   7.440 (r) | SLOW    |   3.610 (r) | FAST    |    0.000 |
C_o[1][0][4]       |   7.440 (r) | SLOW    |   3.610 (r) | FAST    |    0.000 |
C_o[1][0][5]       |   7.440 (r) | SLOW    |   3.610 (r) | FAST    |    0.000 |
C_o[1][0][6]       |   7.440 (r) | SLOW    |   3.610 (r) | FAST    |    0.000 |
C_o[1][0][7]       |   7.440 (r) | SLOW    |   3.610 (r) | FAST    |    0.000 |
C_o[1][0][8]       |   7.440 (r) | SLOW    |   3.610 (r) | FAST    |    0.000 |
-------------------+-------------+---------+-------------+---------+----------+
Worst Case Summary |   7.440 (r) | SLOW    |   3.610 (r) | FAST    |    0.000 |
-------------------+-------------+---------+-------------+---------+----------+



Max / Min delays for output bus
Clocked by: i_clk
Bus Skew: 0.000 ns
-------------------+-------------+---------+-------------+---------+----------+
                   |     Max     | Process |     Min     | Process | Edge     |
Pad                |   Delay(ns) | Corner  |   Delay(ns) | Corner  | Skew(ns) |
-------------------+-------------+---------+-------------+---------+----------+
C_o[1][1][0]       |   7.440 (r) | SLOW    |   3.610 (r) | FAST    |    0.000 |
C_o[1][1][1]       |   7.440 (r) | SLOW    |   3.610 (r) | FAST    |    0.000 |
C_o[1][1][2]       |   7.440 (r) | SLOW    |   3.610 (r) | FAST    |    0.000 |
C_o[1][1][3]       |   7.440 (r) | SLOW    |   3.610 (r) | FAST    |    0.000 |
C_o[1][1][4]       |   7.440 (r) | SLOW    |   3.610 (r) | FAST    |    0.000 |
C_o[1][1][5]       |   7.440 (r) | SLOW    |   3.610 (r) | FAST    |    0.000 |
C_o[1][1][6]       |   7.440 (r) | SLOW    |   3.610 (r) | FAST    |    0.000 |
C_o[1][1][7]       |   7.440 (r) | SLOW    |   3.610 (r) | FAST    |    0.000 |
C_o[1][1][8]       |   7.440 (r) | SLOW    |   3.610 (r) | FAST    |    0.000 |
-------------------+-------------+---------+-------------+---------+----------+
Worst Case Summary |   7.440 (r) | SLOW    |   3.610 (r) | FAST    |    0.000 |
-------------------+-------------+---------+-------------+---------+----------+



Max / Min delays for output bus
Clocked by: i_clk
Bus Skew: 0.000 ns
-------------------+-------------+---------+-------------+---------+----------+
                   |     Max     | Process |     Min     | Process | Edge     |
Pad                |   Delay(ns) | Corner  |   Delay(ns) | Corner  | Skew(ns) |
-------------------+-------------+---------+-------------+---------+----------+
S_C_o[0][0][0]     |   7.440 (r) | SLOW    |   3.610 (r) | FAST    |    0.000 |
S_C_o[0][0][1]     |   7.440 (r) | SLOW    |   3.610 (r) | FAST    |    0.000 |
S_C_o[0][0][2]     |   7.440 (r) | SLOW    |   3.610 (r) | FAST    |    0.000 |
S_C_o[0][0][3]     |   7.440 (r) | SLOW    |   3.610 (r) | FAST    |    0.000 |
S_C_o[0][0][4]     |   7.440 (r) | SLOW    |   3.610 (r) | FAST    |    0.000 |
S_C_o[0][0][5]     |   7.440 (r) | SLOW    |   3.610 (r) | FAST    |    0.000 |
S_C_o[0][0][6]     |   7.440 (r) | SLOW    |   3.610 (r) | FAST    |    0.000 |
S_C_o[0][0][7]     |   7.440 (r) | SLOW    |   3.610 (r) | FAST    |    0.000 |
-------------------+-------------+---------+-------------+---------+----------+
Worst Case Summary |   7.440 (r) | SLOW    |   3.610 (r) | FAST    |    0.000 |
-------------------+-------------+---------+-------------+---------+----------+



Max / Min delays for output bus
Clocked by: i_clk
Bus Skew: 0.000 ns
-------------------+-------------+---------+-------------+---------+----------+
                   |     Max     | Process |     Min     | Process | Edge     |
Pad                |   Delay(ns) | Corner  |   Delay(ns) | Corner  | Skew(ns) |
-------------------+-------------+---------+-------------+---------+----------+
S_C_o[0][1][0]     |   7.440 (r) | SLOW    |   3.610 (r) | FAST    |    0.000 |
S_C_o[0][1][1]     |   7.440 (r) | SLOW    |   3.610 (r) | FAST    |    0.000 |
S_C_o[0][1][2]     |   7.440 (r) | SLOW    |   3.610 (r) | FAST    |    0.000 |
S_C_o[0][1][3]     |   7.440 (r) | SLOW    |   3.610 (r) | FAST    |    0.000 |
S_C_o[0][1][4]     |   7.440 (r) | SLOW    |   3.610 (r) | FAST    |    0.000 |
S_C_o[0][1][5]     |   7.440 (r) | SLOW    |   3.610 (r) | FAST    |    0.000 |
S_C_o[0][1][6]     |   7.440 (r) | SLOW    |   3.610 (r) | FAST    |    0.000 |
S_C_o[0][1][7]     |   7.440 (r) | SLOW    |   3.610 (r) | FAST    |    0.000 |
-------------------+-------------+---------+-------------+---------+----------+
Worst Case Summary |   7.440 (r) | SLOW    |   3.610 (r) | FAST    |    0.000 |
-------------------+-------------+---------+-------------+---------+----------+



Max / Min delays for output bus
Clocked by: i_clk
Bus Skew: 0.000 ns
-------------------+-------------+---------+-------------+---------+----------+
                   |     Max     | Process |     Min     | Process | Edge     |
Pad                |   Delay(ns) | Corner  |   Delay(ns) | Corner  | Skew(ns) |
-------------------+-------------+---------+-------------+---------+----------+
S_C_o[1][0][0]     |   7.440 (r) | SLOW    |   3.610 (r) | FAST    |    0.000 |
S_C_o[1][0][1]     |   7.440 (r) | SLOW    |   3.610 (r) | FAST    |    0.000 |
S_C_o[1][0][2]     |   7.440 (r) | SLOW    |   3.610 (r) | FAST    |    0.000 |
S_C_o[1][0][3]     |   7.440 (r) | SLOW    |   3.610 (r) | FAST    |    0.000 |
S_C_o[1][0][4]     |   7.440 (r) | SLOW    |   3.610 (r) | FAST    |    0.000 |
S_C_o[1][0][5]     |   7.440 (r) | SLOW    |   3.610 (r) | FAST    |    0.000 |
S_C_o[1][0][6]     |   7.440 (r) | SLOW    |   3.610 (r) | FAST    |    0.000 |
S_C_o[1][0][7]     |   7.440 (r) | SLOW    |   3.610 (r) | FAST    |    0.000 |
-------------------+-------------+---------+-------------+---------+----------+
Worst Case Summary |   7.440 (r) | SLOW    |   3.610 (r) | FAST    |    0.000 |
-------------------+-------------+---------+-------------+---------+----------+



Max / Min delays for output bus
Clocked by: i_clk
Bus Skew: 0.000 ns
-------------------+-------------+---------+-------------+---------+----------+
                   |     Max     | Process |     Min     | Process | Edge     |
Pad                |   Delay(ns) | Corner  |   Delay(ns) | Corner  | Skew(ns) |
-------------------+-------------+---------+-------------+---------+----------+
S_C_o[1][1][0]     |   7.440 (r) | SLOW    |   3.610 (r) | FAST    |    0.000 |
S_C_o[1][1][1]     |   7.440 (r) | SLOW    |   3.610 (r) | FAST    |    0.000 |
S_C_o[1][1][2]     |   7.440 (r) | SLOW    |   3.610 (r) | FAST    |    0.000 |
S_C_o[1][1][3]     |   7.440 (r) | SLOW    |   3.610 (r) | FAST    |    0.000 |
S_C_o[1][1][4]     |   7.440 (r) | SLOW    |   3.610 (r) | FAST    |    0.000 |
S_C_o[1][1][5]     |   7.440 (r) | SLOW    |   3.610 (r) | FAST    |    0.000 |
S_C_o[1][1][6]     |   7.440 (r) | SLOW    |   3.610 (r) | FAST    |    0.000 |
S_C_o[1][1][7]     |   7.440 (r) | SLOW    |   3.610 (r) | FAST    |    0.000 |
-------------------+-------------+---------+-------------+---------+----------+
Worst Case Summary |   7.440 (r) | SLOW    |   3.610 (r) | FAST    |    0.000 |
-------------------+-------------+---------+-------------+---------+----------+




