Copyright 1986-2022 Xilinx, Inc. All Rights Reserved. Copyright 2022-2024 Advanced Micro Devices, Inc. All Rights Reserved.
---------------------------------------------------------------------------------------------------------------------------------------------------------------------------------------------------------------------------------------------------------------------------------
| Tool Version      : Vivado v.2024.2 (lin64) Build 5239630 Fri Nov 08 22:34:34 MST 2024
| Date              : Fri Jan 16 12:38:06 2026
| Host              : ee-kraken running 64-bit Red Hat Enterprise Linux 9.5 (Plow)
| Command           : report_timing_summary -datasheet -file ./src/attention/synth_output_matmul/matmul_fp_S_q_2_S_kv_2_d_kq_2_d_v_2_k_2_scale_width_8_M1_E_3_M1_M_4_M2_E_3_M2_M_4_M3_E_3_M3_M_4_ACCUM_METHOD_KAHAN_KAHAN_KAHAN_DSP_auto_auto_auto_time_20260116_1234_timing.rpt
| Design            : matmul_fp
| Device            : xcv80-lsva4737
| Speed File        : -2MHP  PRODUCTION 2.04 2024-08-06
| Design State      : Synthesized
| Temperature Grade : E
---------------------------------------------------------------------------------------------------------------------------------------------------------------------------------------------------------------------------------------------------------------------------------

Timing Summary Report

------------------------------------------------------------------------------------------------
| Timer Settings
| --------------
------------------------------------------------------------------------------------------------

  Enable Multi Corner Analysis               :  Yes
  Enable Pessimism Removal                   :  Yes
  Pessimism Removal Resolution               :  Nearest Common Node
  Enable Input Delay Default Clock           :  No
  Enable Preset / Clear Arcs                 :  No
  Disable Flight Delays                      :  No
  Ignore I/O Paths                           :  No
  Timing Early Launch at Borrowing Latches   :  No
  Borrow Time for Max Delay Exceptions       :  Yes
  Merge Timing Exceptions                    :  Yes
  Inter-SLR Compensation                     :  Conservative

  Corner  Analyze    Analyze    
  Name    Max Paths  Min Paths  
  ------  ---------  ---------  
  Slow    Yes        Yes        
  Fast    Yes        Yes        


------------------------------------------------------------------------------------------------
| Report Methodology
| ------------------
------------------------------------------------------------------------------------------------

No report available as report_methodology has not been run prior. Run report_methodology on the current design for the summary of methodology violations.



check_timing report

Table of Contents
-----------------
1. checking no_clock (0)
2. checking constant_clock (0)
3. checking pulse_width_clock (0)
4. checking unconstrained_internal_endpoints (0)
5. checking no_input_delay (96)
6. checking no_output_delay (64)
7. checking multiple_clock (0)
8. checking generated_clocks (0)
9. checking loops (0)
10. checking partial_input_delay (0)
11. checking partial_output_delay (0)
12. checking latch_loops (0)

1. checking no_clock (0)
------------------------
 There are 0 register/latch pins with no clock.


2. checking constant_clock (0)
------------------------------
 There are 0 register/latch pins with constant_clock.


3. checking pulse_width_clock (0)
---------------------------------
 There are 0 register/latch pins which need pulse_width check


4. checking unconstrained_internal_endpoints (0)
------------------------------------------------
 There are 0 pins that are not constrained for maximum delay.

 There are 0 pins that are not constrained for maximum delay due to constant clock.


5. checking no_input_delay (96)
-------------------------------
 There are 96 input ports with no input delay specified. (HIGH)

 There are 0 input ports with no input delay but user has a false path constraint.


6. checking no_output_delay (64)
--------------------------------
 There are 64 ports with no output delay specified. (HIGH)

 There are 0 ports with no output delay but user has a false path constraint

 There are 0 ports with no output delay but with a timing clock defined on it or propagating through it


7. checking multiple_clock (0)
------------------------------
 There are 0 register/latch pins with multiple clocks.


8. checking generated_clocks (0)
--------------------------------
 There are 0 generated clocks that are not connected to a clock source.


9. checking loops (0)
---------------------
 There are 0 combinational loops in the design.


10. checking partial_input_delay (0)
------------------------------------
 There are 0 input ports with partial input delay specified.


11. checking partial_output_delay (0)
-------------------------------------
 There are 0 ports with partial output delay specified.


12. checking latch_loops (0)
----------------------------
 There are 0 combinational latch loops in the design through latch input



------------------------------------------------------------------------------------------------
| Design Timing Summary
| ---------------------
------------------------------------------------------------------------------------------------

    WNS(ns)      TNS(ns)  TNS Failing Endpoints  TNS Total Endpoints      WHS(ns)      THS(ns)  THS Failing Endpoints  THS Total Endpoints     WPWS(ns)     TPWS(ns)  TPWS Failing Endpoints  TPWS Total Endpoints  
    -------      -------  ---------------------  -------------------      -------      -------  ---------------------  -------------------     --------     --------  ----------------------  --------------------  
      3.788        0.000                      0                  199       -0.305      -46.688                    199                  199        1.894        0.000                       0                   296  


Timing constraints are not met.


------------------------------------------------------------------------------------------------
| Clock Summary
| -------------
------------------------------------------------------------------------------------------------

Clock  Waveform(ns)         Period(ns)      Frequency(MHz)
-----  ------------         ----------      --------------
i_clk  {0.000 2.500}        5.000           200.000         


------------------------------------------------------------------------------------------------
| Intra Clock Table
| -----------------
------------------------------------------------------------------------------------------------

Clock             WNS(ns)      TNS(ns)  TNS Failing Endpoints  TNS Total Endpoints      WHS(ns)      THS(ns)  THS Failing Endpoints  THS Total Endpoints     WPWS(ns)     TPWS(ns)  TPWS Failing Endpoints  TPWS Total Endpoints  
-----             -------      -------  ---------------------  -------------------      -------      -------  ---------------------  -------------------     --------     --------  ----------------------  --------------------  
i_clk               3.788        0.000                      0                  199       -0.305      -46.688                    199                  199        1.894        0.000                       0                   296  


------------------------------------------------------------------------------------------------
| Inter Clock Table
| -----------------
------------------------------------------------------------------------------------------------

From Clock    To Clock          WNS(ns)      TNS(ns)  TNS Failing Endpoints  TNS Total Endpoints      WHS(ns)      THS(ns)  THS Failing Endpoints  THS Total Endpoints  
----------    --------          -------      -------  ---------------------  -------------------      -------      -------  ---------------------  -------------------  


------------------------------------------------------------------------------------------------
| Other Path Groups Table
| -----------------------
------------------------------------------------------------------------------------------------

Path Group    From Clock    To Clock          WNS(ns)      TNS(ns)  TNS Failing Endpoints  TNS Total Endpoints      WHS(ns)      THS(ns)  THS Failing Endpoints  THS Total Endpoints  
----------    ----------    --------          -------      -------  ---------------------  -------------------      -------      -------  ---------------------  -------------------  


------------------------------------------------------------------------------------------------
| Timing Details
| --------------
------------------------------------------------------------------------------------------------


---------------------------------------------------------------------------------------------------
From Clock:  i_clk
  To Clock:  i_clk

Setup :            0  Failing Endpoints,  Worst Slack        3.788ns,  Total Violation        0.000ns
Hold  :          199  Failing Endpoints,  Worst Slack       -0.305ns,  Total Violation      -46.688ns
PW    :            0  Failing Endpoints,  Worst Slack        1.894ns,  Total Violation        0.000ns
---------------------------------------------------------------------------------------------------


Max Delay Paths
--------------------------------------------------------------------------------------
Slack (MET) :             3.788ns  (required time - arrival time)
  Source:                 row_loop[0].col_loop[0].u_dot_general/genblk1[0].u_dot_fp/gen_other_accum.gen_kahan_accum.u_kahan_tree/i_vec_reg_reg[1][0]/C
                            (rising edge-triggered cell FDRE clocked by i_clk  {rise@0.000ns fall@2.500ns period=5.000ns})
  Destination:            row_loop[0].col_loop[0].u_dot_general/genblk1[0].u_dot_fp/gen_other_accum.gen_kahan_accum.u_kahan_tree/leaf_node.kahan_step_leaf/t_r_reg[7]/D
                            (rising edge-triggered cell FDRE clocked by i_clk  {rise@0.000ns fall@2.500ns period=5.000ns})
  Path Group:             i_clk
  Path Type:              Setup (Max at Slow Process Corner)
  Requirement:            5.000ns  (i_clk rise@5.000ns - i_clk rise@0.000ns)
  Data Path Delay:        0.790ns  (logic 0.467ns (59.114%)  route 0.323ns (40.886%))
  Logic Levels:           5  (LOOKAHEAD8=1 LUTCY1=1 LUTCY2=3)
  Clock Path Skew:        -0.351ns (DCD - SCD + CPR)
    Destination Clock Delay (DCD):    3.826ns = ( 8.826 - 5.000 ) 
    Source Clock Delay      (SCD):    4.685ns
    Clock Pessimism Removal (CPR):    0.508ns
  Clock Uncertainty:      0.078ns  (CJ)/2 + PE + PJ
    Clock Jitter             (CJ):    0.155ns
    Phase Error              (PE):    0.000ns
    Phase Jitter             (PJ):    0.000ns

    Location             Delay type                Incr(ns)  Path(ns)    Netlist Resource(s)
  -------------------------------------------------------------------    -------------------
                         (clock i_clk rise edge)      0.000     0.000 r  
                                                      0.000     0.000 r  i_clk (IN)
                         net (fo=0)                   0.000     0.000    i_clk
                         IBUF (Prop_IBUF_I_O)         0.685     0.685 r  i_clk_IBUF_inst/O
                         net (fo=1, unplaced)         0.738     1.423    i_clk_IBUF
                         BUFGCE (Prop_BUFGCE_I_O)     0.078     1.501 r  i_clk_IBUF_BUFG_inst/O
                         net (fo=295, unplaced)       3.184     4.685    row_loop[0].col_loop[0].u_dot_general/genblk1[0].u_dot_fp/gen_other_accum.gen_kahan_accum.u_kahan_tree/i_clk_IBUF_BUFG
                         FDRE                                         r  row_loop[0].col_loop[0].u_dot_general/genblk1[0].u_dot_fp/gen_other_accum.gen_kahan_accum.u_kahan_tree/i_vec_reg_reg[1][0]/C
  -------------------------------------------------------------------    -------------------
                         FDRE (Prop_FDRE_C_Q)         0.090     4.775 r  row_loop[0].col_loop[0].u_dot_general/genblk1[0].u_dot_fp/gen_other_accum.gen_kahan_accum.u_kahan_tree/i_vec_reg_reg[1][0]/Q
                         net (fo=2, unplaced)         0.232     5.007    row_loop[0].col_loop[0].u_dot_general/genblk1[0].u_dot_fp/gen_other_accum.gen_kahan_accum.u_kahan_tree/leaf_node.kahan_step_leaf/t_r_reg[0]_i_1/I2
                         LUTCY2 (Prop_LUTCY2_I2_O)    0.088     5.095 r  row_loop[0].col_loop[0].u_dot_general/genblk1[0].u_dot_fp/gen_other_accum.gen_kahan_accum.u_kahan_tree/leaf_node.kahan_step_leaf/t_r_reg[0]_i_1/LUTCY2_INST/O
                         net (fo=3, unplaced)         0.016     5.111    row_loop[0].col_loop[0].u_dot_general/genblk1[0].u_dot_fp/gen_other_accum.gen_kahan_accum.u_kahan_tree/leaf_node.kahan_step_leaf/t_r_reg[1]_i_1/I4
                         LUTCY2 (Prop_LUTCY2_I4_O)    0.050     5.161 r  row_loop[0].col_loop[0].u_dot_general/genblk1[0].u_dot_fp/gen_other_accum.gen_kahan_accum.u_kahan_tree/leaf_node.kahan_step_leaf/t_r_reg[1]_i_1/LUTCY2_INST/O
                         net (fo=1, unplaced)         0.000     5.161    row_loop[0].col_loop[0].u_dot_general/genblk1[0].u_dot_fp/gen_other_accum.gen_kahan_accum.u_kahan_tree/leaf_node.kahan_step_leaf/t_r_reg[1]_i_1_n_2
                         LOOKAHEAD8 (Prop_LOOKAHEAD8_CYB_COUTF)
                                                      0.136     5.297 r  row_loop[0].col_loop[0].u_dot_general/genblk1[0].u_dot_fp/gen_other_accum.gen_kahan_accum.u_kahan_tree/leaf_node.kahan_step_leaf/t_r_reg[6]_i_2/COUTF
                         net (fo=2, unplaced)         0.013     5.310    row_loop[0].col_loop[0].u_dot_general/genblk1[0].u_dot_fp/gen_other_accum.gen_kahan_accum.u_kahan_tree/leaf_node.kahan_step_leaf/t_r_reg[6]_i_1/I4
                         LUTCY2 (Prop_LUTCY2_I4_O)    0.048     5.358 r  row_loop[0].col_loop[0].u_dot_general/genblk1[0].u_dot_fp/gen_other_accum.gen_kahan_accum.u_kahan_tree/leaf_node.kahan_step_leaf/t_r_reg[6]_i_1/LUTCY2_INST/O
                         net (fo=3, unplaced)         0.017     5.375    row_loop[0].col_loop[0].u_dot_general/genblk1[0].u_dot_fp/gen_other_accum.gen_kahan_accum.u_kahan_tree/leaf_node.kahan_step_leaf/t_r_reg[7]_i_1/I4
                         LUTCY1 (Prop_LUTCY1_I4_O)    0.055     5.430 r  row_loop[0].col_loop[0].u_dot_general/genblk1[0].u_dot_fp/gen_other_accum.gen_kahan_accum.u_kahan_tree/leaf_node.kahan_step_leaf/t_r_reg[7]_i_1/LUTCY1_INST/O
                         net (fo=1, unplaced)         0.045     5.475    row_loop[0].col_loop[0].u_dot_general/genblk1[0].u_dot_fp/gen_other_accum.gen_kahan_accum.u_kahan_tree/leaf_node.kahan_step_leaf/t_comb[7]
                         FDRE                                         r  row_loop[0].col_loop[0].u_dot_general/genblk1[0].u_dot_fp/gen_other_accum.gen_kahan_accum.u_kahan_tree/leaf_node.kahan_step_leaf/t_r_reg[7]/D
  -------------------------------------------------------------------    -------------------

                         (clock i_clk rise edge)      5.000     5.000 r  
                                                      0.000     5.000 r  i_clk (IN)
                         net (fo=0)                   0.000     5.000    i_clk
                         IBUF (Prop_IBUF_I_O)         0.377     5.377 r  i_clk_IBUF_inst/O
                         net (fo=1, unplaced)         0.646     6.023    i_clk_IBUF
                         BUFGCE (Prop_BUFGCE_I_O)     0.063     6.086 r  i_clk_IBUF_BUFG_inst/O
                         net (fo=295, unplaced)       2.740     8.826    row_loop[0].col_loop[0].u_dot_general/genblk1[0].u_dot_fp/gen_other_accum.gen_kahan_accum.u_kahan_tree/leaf_node.kahan_step_leaf/i_clk_IBUF_BUFG
                         FDRE                                         r  row_loop[0].col_loop[0].u_dot_general/genblk1[0].u_dot_fp/gen_other_accum.gen_kahan_accum.u_kahan_tree/leaf_node.kahan_step_leaf/t_r_reg[7]/C
                         clock pessimism              0.508     9.334    
                         clock uncertainty           -0.078     9.257    
                         FDRE (Setup_FDRE_C_D)        0.007     9.264    row_loop[0].col_loop[0].u_dot_general/genblk1[0].u_dot_fp/gen_other_accum.gen_kahan_accum.u_kahan_tree/leaf_node.kahan_step_leaf/t_r_reg[7]
  -------------------------------------------------------------------
                         required time                          9.264    
                         arrival time                          -5.475    
  -------------------------------------------------------------------
                         slack                                  3.788    





Min Delay Paths
--------------------------------------------------------------------------------------
Slack (VIOLATED) :        -0.305ns  (arrival time - required time)
  Source:                 row_loop[0].col_loop[0].u_dot_general/genblk1[0].u_dot_fp/gen_other_accum.gen_kahan_accum.u_kahan_tree/i_vec_reg_reg[0][0]_srl2/CLK
                            (rising edge-triggered cell SRL16E clocked by i_clk  {rise@0.000ns fall@2.500ns period=5.000ns})
  Destination:            row_loop[0].col_loop[0].u_dot_general/genblk1[0].u_dot_fp/gen_other_accum.gen_kahan_accum.u_kahan_tree/leaf_node.kahan_step_leaf/y_r_reg[0]/D
                            (rising edge-triggered cell FDRE clocked by i_clk  {rise@0.000ns fall@2.500ns period=5.000ns})
  Path Group:             i_clk
  Path Type:              Hold (Min at Fast Process Corner)
  Requirement:            0.000ns  (i_clk rise@0.000ns - i_clk rise@0.000ns)
  Data Path Delay:        0.130ns  (logic 0.114ns (87.692%)  route 0.016ns (12.308%))
  Logic Levels:           0  
  Clock Path Skew:        0.400ns (DCD - SCD - CPR)
    Destination Clock Delay (DCD):    3.335ns
    Source Clock Delay      (SCD):    2.626ns
    Clock Pessimism Removal (CPR):    0.309ns

    Location             Delay type                Incr(ns)  Path(ns)    Netlist Resource(s)
  -------------------------------------------------------------------    -------------------
                         (clock i_clk rise edge)      0.000     0.000 r  
                                                      0.000     0.000 r  i_clk (IN)
                         net (fo=0)                   0.000     0.000    i_clk
                         IBUF (Prop_IBUF_I_O)         0.313     0.313 r  i_clk_IBUF_inst/O
                         net (fo=1, unplaced)         0.414     0.727    i_clk_IBUF
                         BUFGCE (Prop_BUFGCE_I_O)     0.045     0.772 r  i_clk_IBUF_BUFG_inst/O
                         net (fo=295, unplaced)       1.854     2.626    row_loop[0].col_loop[0].u_dot_general/genblk1[0].u_dot_fp/gen_other_accum.gen_kahan_accum.u_kahan_tree/i_clk_IBUF_BUFG
                         SRL16E                                       r  row_loop[0].col_loop[0].u_dot_general/genblk1[0].u_dot_fp/gen_other_accum.gen_kahan_accum.u_kahan_tree/i_vec_reg_reg[0][0]_srl2/CLK
  -------------------------------------------------------------------    -------------------
                         SRL16E (Prop_SRL16E_CLK_Q)
                                                      0.114     2.740 r  row_loop[0].col_loop[0].u_dot_general/genblk1[0].u_dot_fp/gen_other_accum.gen_kahan_accum.u_kahan_tree/i_vec_reg_reg[0][0]_srl2/Q
                         net (fo=1, unplaced)         0.016     2.756    row_loop[0].col_loop[0].u_dot_general/genblk1[0].u_dot_fp/gen_other_accum.gen_kahan_accum.u_kahan_tree/leaf_node.kahan_step_leaf/y_r_reg[0]_0
                         FDRE                                         r  row_loop[0].col_loop[0].u_dot_general/genblk1[0].u_dot_fp/gen_other_accum.gen_kahan_accum.u_kahan_tree/leaf_node.kahan_step_leaf/y_r_reg[0]/D
  -------------------------------------------------------------------    -------------------

                         (clock i_clk rise edge)      0.000     0.000 r  
                                                      0.000     0.000 r  i_clk (IN)
                         net (fo=0)                   0.000     0.000    i_clk
                         IBUF (Prop_IBUF_I_O)         0.473     0.473 r  i_clk_IBUF_inst/O
                         net (fo=1, unplaced)         0.527     1.000    i_clk_IBUF
                         BUFGCE (Prop_BUFGCE_I_O)     0.061     1.061 r  i_clk_IBUF_BUFG_inst/O
                         net (fo=295, unplaced)       2.273     3.335    row_loop[0].col_loop[0].u_dot_general/genblk1[0].u_dot_fp/gen_other_accum.gen_kahan_accum.u_kahan_tree/leaf_node.kahan_step_leaf/i_clk_IBUF_BUFG
                         FDRE                                         r  row_loop[0].col_loop[0].u_dot_general/genblk1[0].u_dot_fp/gen_other_accum.gen_kahan_accum.u_kahan_tree/leaf_node.kahan_step_leaf/y_r_reg[0]/C
                         clock pessimism             -0.309     3.026    
                         FDRE (Hold_FDRE_C_D)         0.035     3.061    row_loop[0].col_loop[0].u_dot_general/genblk1[0].u_dot_fp/gen_other_accum.gen_kahan_accum.u_kahan_tree/leaf_node.kahan_step_leaf/y_r_reg[0]
  -------------------------------------------------------------------
                         required time                         -3.061    
                         arrival time                           2.756    
  -------------------------------------------------------------------
                         slack                                 -0.305    





Pulse Width Checks
--------------------------------------------------------------------------------------
Clock Name:         i_clk
Waveform(ns):       { 0.000 2.500 }
Period(ns):         5.000
Sources:            { i_clk }

Check Type        Corner  Lib Pin     Reference Pin  Required(ns)  Actual(ns)  Slack(ns)  Location  Pin
Min Period        n/a     SRL16E/CLK  n/a            1.213         5.000       3.787                row_loop[0].col_loop[0].u_dot_general/genblk1[0].u_dot_fp/gen_other_accum.gen_kahan_accum.u_kahan_tree/i_vec_reg_reg[0][0]_srl2/CLK
Low Pulse Width   Slow    SRL16E/CLK  n/a            0.606         2.500       1.894                row_loop[0].col_loop[0].u_dot_general/genblk1[0].u_dot_fp/gen_other_accum.gen_kahan_accum.u_kahan_tree/i_vec_reg_reg[0][0]_srl2/CLK
High Pulse Width  Slow    SRL16E/CLK  n/a            0.606         2.500       1.894                row_loop[0].col_loop[0].u_dot_general/genblk1[0].u_dot_fp/gen_other_accum.gen_kahan_accum.u_kahan_tree/i_vec_reg_reg[0][0]_srl2/CLK



------------------------------------------------------------------------------------------------
| Data sheet
| ----------
------------------------------------------------------------------------------------------------

Input Ports Setup/Hold

----------+----------------+---------+-------+---------------+---------+---------------+---------+----------+
Reference | Input          | IO Reg  | Delay |     Setup(ns) | Process |      Hold(ns) | Process | Internal |
Clock     | Port           | Type    | Type  | to Clk (Edge) | Corner  | to Clk (Edge) | Corner  | Clock    |
----------+----------------+---------+-------+---------------+---------+---------------+---------+----------+
i_clk     | A_i[0][0][0]   | SRL16E  | -     |     0.609 (r) | FAST    |     3.147 (r) | SLOW    |          |
i_clk     | A_i[0][0][1]   | SRL16E  | -     |     0.603 (r) | FAST    |     2.971 (r) | SLOW    |          |
i_clk     | A_i[0][0][2]   | SRL16E  | -     |     0.601 (r) | FAST    |     2.981 (r) | SLOW    |          |
i_clk     | A_i[0][0][3]   | SRL16E  | -     |     0.592 (r) | FAST    |     2.911 (r) | SLOW    |          |
i_clk     | A_i[0][0][4]   | SRL16E  | -     |     0.584 (r) | FAST    |     3.199 (r) | SLOW    |          |
i_clk     | A_i[0][0][5]   | SRL16E  | -     |     0.593 (r) | FAST    |     3.195 (r) | SLOW    |          |
i_clk     | A_i[0][0][6]   | SRL16E  | -     |     0.591 (r) | FAST    |     3.193 (r) | SLOW    |          |
i_clk     | A_i[0][0][7]   | SRL16E  | -     |     0.604 (r) | FAST    |     2.957 (r) | SLOW    |          |
i_clk     | A_i[0][1][0]   | FDRE    | -     |     0.432 (r) | FAST    |     3.147 (r) | SLOW    |          |
i_clk     | A_i[0][1][1]   | FDRE    | -     |     0.423 (r) | FAST    |     2.971 (r) | SLOW    |          |
i_clk     | A_i[0][1][2]   | FDRE    | -     |     0.412 (r) | FAST    |     2.981 (r) | SLOW    |          |
i_clk     | A_i[0][1][3]   | FDRE    | -     |     0.403 (r) | FAST    |     2.911 (r) | SLOW    |          |
i_clk     | A_i[0][1][4]   | FDRE    | -     |     0.411 (r) | FAST    |     3.200 (r) | SLOW    |          |
i_clk     | A_i[0][1][5]   | FDRE    | -     |     0.420 (r) | FAST    |     3.195 (r) | SLOW    |          |
i_clk     | A_i[0][1][6]   | FDRE    | -     |     0.418 (r) | FAST    |     3.198 (r) | SLOW    |          |
i_clk     | A_i[0][1][7]   | FDRE    | -     |     0.434 (r) | FAST    |     2.957 (r) | SLOW    |          |
i_clk     | A_i[1][0][0]   | SRL16E  | -     |     0.665 (r) | FAST    |     2.976 (r) | SLOW    |          |
i_clk     | A_i[1][0][1]   | SRL16E  | -     |     0.657 (r) | FAST    |     2.721 (r) | SLOW    |          |
i_clk     | A_i[1][0][2]   | SRL16E  | -     |     0.656 (r) | FAST    |     2.687 (r) | SLOW    |          |
i_clk     | A_i[1][0][3]   | SRL16E  | -     |     0.647 (r) | FAST    |     2.680 (r) | SLOW    |          |
i_clk     | A_i[1][0][4]   | SRL16E  | -     |     0.639 (r) | FAST    |     3.044 (r) | SLOW    |          |
i_clk     | A_i[1][0][5]   | SRL16E  | -     |     0.648 (r) | FAST    |     3.038 (r) | SLOW    |          |
i_clk     | A_i[1][0][6]   | SRL16E  | -     |     0.645 (r) | FAST    |     3.044 (r) | SLOW    |          |
i_clk     | A_i[1][0][7]   | SRL16E  | -     |     0.658 (r) | FAST    |     2.695 (r) | SLOW    |          |
i_clk     | A_i[1][1][0]   | FDRE    | -     |     0.476 (r) | FAST    |     3.134 (r) | SLOW    |          |
i_clk     | A_i[1][1][1]   | FDRE    | -     |     0.468 (r) | FAST    |     2.879 (r) | SLOW    |          |
i_clk     | A_i[1][1][2]   | FDRE    | -     |     0.467 (r) | FAST    |     2.845 (r) | SLOW    |          |
i_clk     | A_i[1][1][3]   | FDRE    | -     |     0.458 (r) | FAST    |     2.838 (r) | SLOW    |          |
i_clk     | A_i[1][1][4]   | FDRE    | -     |     0.450 (r) | FAST    |     3.202 (r) | SLOW    |          |
i_clk     | A_i[1][1][5]   | FDRE    | -     |     0.459 (r) | FAST    |     3.196 (r) | SLOW    |          |
i_clk     | A_i[1][1][6]   | FDRE    | -     |     0.456 (r) | FAST    |     3.202 (r) | SLOW    |          |
i_clk     | A_i[1][1][7]   | FDRE    | -     |     0.469 (r) | FAST    |     2.853 (r) | SLOW    |          |
i_clk     | B_i[0][0][0]   | SRL16E  | -     |     0.718 (r) | FAST    |     2.996 (r) | SLOW    |          |
i_clk     | B_i[0][0][1]   | SRL16E  | -     |     0.708 (r) | FAST    |     2.815 (r) | SLOW    |          |
i_clk     | B_i[0][0][2]   | SRL16E  | -     |     0.705 (r) | FAST    |     2.576 (r) | SLOW    |          |
i_clk     | B_i[0][0][3]   | SRL16E  | -     |     0.694 (r) | FAST    |     2.575 (r) | SLOW    |          |
i_clk     | B_i[0][0][4]   | SRL16E  | -     |     0.487 (r) | FAST    |     3.038 (r) | SLOW    |          |
i_clk     | B_i[0][0][5]   | SRL16E  | -     |     0.487 (r) | FAST    |     3.038 (r) | SLOW    |          |
i_clk     | B_i[0][0][6]   | SRL16E  | -     |     0.499 (r) | FAST    |     3.033 (r) | SLOW    |          |
i_clk     | B_i[0][0][7]   | SRL16E  | -     |     0.695 (r) | FAST    |     2.792 (r) | SLOW    |          |
i_clk     | B_i[0][1][0]   | SRL16E  | -     |     0.682 (r) | FAST    |     3.133 (r) | SLOW    |          |
i_clk     | B_i[0][1][1]   | SRL16E  | -     |     0.675 (r) | FAST    |     2.951 (r) | SLOW    |          |
i_clk     | B_i[0][1][2]   | SRL16E  | -     |     0.672 (r) | FAST    |     2.745 (r) | SLOW    |          |
i_clk     | B_i[0][1][3]   | SRL16E  | -     |     0.658 (r) | FAST    |     2.733 (r) | SLOW    |          |
i_clk     | B_i[0][1][4]   | SRL16E  | -     |     0.406 (r) | FAST    |     3.195 (r) | SLOW    |          |
i_clk     | B_i[0][1][5]   | SRL16E  | -     |     0.431 (r) | FAST    |     3.189 (r) | SLOW    |          |
i_clk     | B_i[0][1][6]   | SRL16E  | -     |     0.431 (r) | FAST    |     3.189 (r) | SLOW    |          |
i_clk     | B_i[0][1][7]   | SRL16E  | -     |     0.660 (r) | FAST    |     2.928 (r) | SLOW    |          |
i_clk     | B_i[1][0][0]   | FDRE    | -     |     0.529 (r) | FAST    |     3.154 (r) | SLOW    |          |
i_clk     | B_i[1][0][1]   | FDRE    | -     |     0.519 (r) | FAST    |     2.973 (r) | SLOW    |          |
i_clk     | B_i[1][0][2]   | FDRE    | -     |     0.516 (r) | FAST    |     2.734 (r) | SLOW    |          |
i_clk     | B_i[1][0][3]   | FDRE    | -     |     0.505 (r) | FAST    |     2.733 (r) | SLOW    |          |
i_clk     | B_i[1][0][4]   | FDRE    | -     |     0.298 (r) | FAST    |     3.196 (r) | SLOW    |          |
i_clk     | B_i[1][0][5]   | FDRE    | -     |     0.298 (r) | FAST    |     3.196 (r) | SLOW    |          |
i_clk     | B_i[1][0][6]   | FDRE    | -     |     0.310 (r) | FAST    |     3.191 (r) | SLOW    |          |
i_clk     | B_i[1][0][7]   | FDRE    | -     |     0.506 (r) | FAST    |     2.950 (r) | SLOW    |          |
i_clk     | B_i[1][1][0]   | FDRE    | -     |     0.495 (r) | FAST    |     3.154 (r) | SLOW    |          |
i_clk     | B_i[1][1][1]   | FDRE    | -     |     0.488 (r) | FAST    |     2.976 (r) | SLOW    |          |
i_clk     | B_i[1][1][2]   | FDRE    | -     |     0.485 (r) | FAST    |     2.745 (r) | SLOW    |          |
i_clk     | B_i[1][1][3]   | FDRE    | -     |     0.471 (r) | FAST    |     2.739 (r) | SLOW    |          |
i_clk     | B_i[1][1][4]   | FDRE    | -     |     0.219 (r) | FAST    |     3.196 (r) | SLOW    |          |
i_clk     | B_i[1][1][5]   | FDRE    | -     |     0.244 (r) | FAST    |     3.196 (r) | SLOW    |          |
i_clk     | B_i[1][1][6]   | FDRE    | -     |     0.244 (r) | FAST    |     3.196 (r) | SLOW    |          |
i_clk     | B_i[1][1][7]   | FDRE    | -     |     0.451 (r) | FAST    |     2.953 (r) | SLOW    |          |
i_clk     | S_A_i[0][0][0] | FDRE    | -     |    -0.611 (r) | FAST    |     3.368 (r) | SLOW    |          |
i_clk     | S_A_i[0][0][1] | FDRE    | -     |    -0.648 (r) | FAST    |     3.370 (r) | SLOW    |          |
i_clk     | S_A_i[0][0][2] | FDRE    | -     |    -0.644 (r) | FAST    |     3.366 (r) | SLOW    |          |
i_clk     | S_A_i[0][0][3] | FDRE    | -     |    -0.653 (r) | FAST    |     3.370 (r) | SLOW    |          |
i_clk     | S_A_i[0][0][4] | FDRE    | -     |    -0.681 (r) | FAST    |     3.369 (r) | SLOW    |          |
i_clk     | S_A_i[0][0][5] | FDRE    | -     |    -0.696 (r) | FAST    |     3.370 (r) | SLOW    |          |
i_clk     | S_A_i[0][0][6] | FDRE    | -     |    -0.807 (r) | FAST    |     3.367 (r) | SLOW    |          |
i_clk     | S_A_i[0][0][7] | FDRE    | -     |    -0.854 (r) | FAST    |     3.369 (r) | SLOW    |          |
i_clk     | S_A_i[1][0][0] | FDRE    | -     |    -0.611 (r) | FAST    |     3.368 (r) | SLOW    |          |
i_clk     | S_A_i[1][0][1] | FDRE    | -     |    -0.648 (r) | FAST    |     3.370 (r) | SLOW    |          |
i_clk     | S_A_i[1][0][2] | FDRE    | -     |    -0.644 (r) | FAST    |     3.366 (r) | SLOW    |          |
i_clk     | S_A_i[1][0][3] | FDRE    | -     |    -0.653 (r) | FAST    |     3.370 (r) | SLOW    |          |
i_clk     | S_A_i[1][0][4] | FDRE    | -     |    -0.681 (r) | FAST    |     3.369 (r) | SLOW    |          |
i_clk     | S_A_i[1][0][5] | FDRE    | -     |    -0.696 (r) | FAST    |     3.370 (r) | SLOW    |          |
i_clk     | S_A_i[1][0][6] | FDRE    | -     |    -0.807 (r) | FAST    |     3.367 (r) | SLOW    |          |
i_clk     | S_A_i[1][0][7] | FDRE    | -     |    -0.854 (r) | FAST    |     3.369 (r) | SLOW    |          |
i_clk     | S_B_i[0][0][0] | FDRE    | -     |    -0.636 (r) | FAST    |     3.387 (r) | SLOW    |          |
i_clk     | S_B_i[0][0][1] | FDRE    | -     |    -0.673 (r) | FAST    |     3.388 (r) | SLOW    |          |
i_clk     | S_B_i[0][0][2] | FDRE    | -     |    -0.669 (r) | FAST    |     3.384 (r) | SLOW    |          |
i_clk     | S_B_i[0][0][3] | FDRE    | -     |    -0.679 (r) | FAST    |     3.389 (r) | SLOW    |          |
i_clk     | S_B_i[0][0][4] | FDRE    | -     |    -0.707 (r) | FAST    |     3.387 (r) | SLOW    |          |
i_clk     | S_B_i[0][0][5] | FDRE    | -     |    -0.720 (r) | FAST    |     3.387 (r) | SLOW    |          |
i_clk     | S_B_i[0][0][6] | FDRE    | -     |    -0.830 (r) | FAST    |     3.386 (r) | SLOW    |          |
i_clk     | S_B_i[0][0][7] | FDRE    | -     |    -0.878 (r) | FAST    |     3.386 (r) | SLOW    |          |
i_clk     | S_B_i[0][1][0] | FDRE    | -     |    -0.636 (r) | FAST    |     3.387 (r) | SLOW    |          |
i_clk     | S_B_i[0][1][1] | FDRE    | -     |    -0.673 (r) | FAST    |     3.388 (r) | SLOW    |          |
i_clk     | S_B_i[0][1][2] | FDRE    | -     |    -0.669 (r) | FAST    |     3.384 (r) | SLOW    |          |
i_clk     | S_B_i[0][1][3] | FDRE    | -     |    -0.679 (r) | FAST    |     3.389 (r) | SLOW    |          |
i_clk     | S_B_i[0][1][4] | FDRE    | -     |    -0.707 (r) | FAST    |     3.387 (r) | SLOW    |          |
i_clk     | S_B_i[0][1][5] | FDRE    | -     |    -0.720 (r) | FAST    |     3.387 (r) | SLOW    |          |
i_clk     | S_B_i[0][1][6] | FDRE    | -     |    -0.830 (r) | FAST    |     3.386 (r) | SLOW    |          |
i_clk     | S_B_i[0][1][7] | FDRE    | -     |    -0.878 (r) | FAST    |     3.386 (r) | SLOW    |          |
----------+----------------+---------+-------+---------------+---------+---------------+---------+----------+


Output Ports Clock-to-out

----------+----------------+--------+-------+----------------+---------+----------------+---------+----------+
Reference | Output         | IO Reg | Delay | Max Clk (Edge) | Process | Min Clk (Edge) | Process | Internal |
Clock     | Port           | Type   | Type  |    to port(ns) | Corner  |    to port(ns) | Corner  | Clock    |
----------+----------------+--------+-------+----------------+---------+----------------+---------+----------+
i_clk     | C_o[0][0][0]   | FDRE   | -     |      7.440 (r) | SLOW    |      3.610 (r) | FAST    |          |
i_clk     | C_o[0][0][1]   | FDRE   | -     |      7.440 (r) | SLOW    |      3.610 (r) | FAST    |          |
i_clk     | C_o[0][0][2]   | FDRE   | -     |      7.440 (r) | SLOW    |      3.610 (r) | FAST    |          |
i_clk     | C_o[0][0][3]   | FDRE   | -     |      7.440 (r) | SLOW    |      3.610 (r) | FAST    |          |
i_clk     | C_o[0][0][4]   | FDRE   | -     |      7.440 (r) | SLOW    |      3.610 (r) | FAST    |          |
i_clk     | C_o[0][0][5]   | FDRE   | -     |      7.440 (r) | SLOW    |      3.610 (r) | FAST    |          |
i_clk     | C_o[0][0][6]   | FDRE   | -     |      7.440 (r) | SLOW    |      3.610 (r) | FAST    |          |
i_clk     | C_o[0][0][7]   | FDRE   | -     |      7.440 (r) | SLOW    |      3.610 (r) | FAST    |          |
i_clk     | C_o[0][1][0]   | FDRE   | -     |      7.440 (r) | SLOW    |      3.610 (r) | FAST    |          |
i_clk     | C_o[0][1][1]   | FDRE   | -     |      7.440 (r) | SLOW    |      3.610 (r) | FAST    |          |
i_clk     | C_o[0][1][2]   | FDRE   | -     |      7.440 (r) | SLOW    |      3.610 (r) | FAST    |          |
i_clk     | C_o[0][1][3]   | FDRE   | -     |      7.440 (r) | SLOW    |      3.610 (r) | FAST    |          |
i_clk     | C_o[0][1][4]   | FDRE   | -     |      7.440 (r) | SLOW    |      3.610 (r) | FAST    |          |
i_clk     | C_o[0][1][5]   | FDRE   | -     |      7.440 (r) | SLOW    |      3.610 (r) | FAST    |          |
i_clk     | C_o[0][1][6]   | FDRE   | -     |      7.440 (r) | SLOW    |      3.610 (r) | FAST    |          |
i_clk     | C_o[0][1][7]   | FDRE   | -     |      7.440 (r) | SLOW    |      3.610 (r) | FAST    |          |
i_clk     | C_o[1][0][0]   | FDRE   | -     |      7.440 (r) | SLOW    |      3.610 (r) | FAST    |          |
i_clk     | C_o[1][0][1]   | FDRE   | -     |      7.440 (r) | SLOW    |      3.610 (r) | FAST    |          |
i_clk     | C_o[1][0][2]   | FDRE   | -     |      7.440 (r) | SLOW    |      3.610 (r) | FAST    |          |
i_clk     | C_o[1][0][3]   | FDRE   | -     |      7.440 (r) | SLOW    |      3.610 (r) | FAST    |          |
i_clk     | C_o[1][0][4]   | FDRE   | -     |      7.440 (r) | SLOW    |      3.610 (r) | FAST    |          |
i_clk     | C_o[1][0][5]   | FDRE   | -     |      7.440 (r) | SLOW    |      3.610 (r) | FAST    |          |
i_clk     | C_o[1][0][6]   | FDRE   | -     |      7.440 (r) | SLOW    |      3.610 (r) | FAST    |          |
i_clk     | C_o[1][0][7]   | FDRE   | -     |      7.440 (r) | SLOW    |      3.610 (r) | FAST    |          |
i_clk     | C_o[1][1][0]   | FDRE   | -     |      7.440 (r) | SLOW    |      3.610 (r) | FAST    |          |
i_clk     | C_o[1][1][1]   | FDRE   | -     |      7.440 (r) | SLOW    |      3.610 (r) | FAST    |          |
i_clk     | C_o[1][1][2]   | FDRE   | -     |      7.440 (r) | SLOW    |      3.610 (r) | FAST    |          |
i_clk     | C_o[1][1][3]   | FDRE   | -     |      7.440 (r) | SLOW    |      3.610 (r) | FAST    |          |
i_clk     | C_o[1][1][4]   | FDRE   | -     |      7.440 (r) | SLOW    |      3.610 (r) | FAST    |          |
i_clk     | C_o[1][1][5]   | FDRE   | -     |      7.440 (r) | SLOW    |      3.610 (r) | FAST    |          |
i_clk     | C_o[1][1][6]   | FDRE   | -     |      7.440 (r) | SLOW    |      3.610 (r) | FAST    |          |
i_clk     | C_o[1][1][7]   | FDRE   | -     |      7.440 (r) | SLOW    |      3.610 (r) | FAST    |          |
i_clk     | S_C_o[0][0][0] | FDRE   | -     |      7.440 (r) | SLOW    |      3.610 (r) | FAST    |          |
i_clk     | S_C_o[0][0][1] | FDRE   | -     |      7.440 (r) | SLOW    |      3.610 (r) | FAST    |          |
i_clk     | S_C_o[0][0][2] | FDRE   | -     |      7.440 (r) | SLOW    |      3.610 (r) | FAST    |          |
i_clk     | S_C_o[0][0][3] | FDRE   | -     |      7.440 (r) | SLOW    |      3.610 (r) | FAST    |          |
i_clk     | S_C_o[0][0][4] | FDRE   | -     |      7.440 (r) | SLOW    |      3.610 (r) | FAST    |          |
i_clk     | S_C_o[0][0][5] | FDRE   | -     |      7.440 (r) | SLOW    |      3.610 (r) | FAST    |          |
i_clk     | S_C_o[0][0][6] | FDRE   | -     |      7.440 (r) | SLOW    |      3.610 (r) | FAST    |          |
i_clk     | S_C_o[0][0][7] | FDRE   | -     |      7.440 (r) | SLOW    |      3.610 (r) | FAST    |          |
i_clk     | S_C_o[0][1][0] | FDRE   | -     |      7.440 (r) | SLOW    |      3.610 (r) | FAST    |          |
i_clk     | S_C_o[0][1][1] | FDRE   | -     |      7.440 (r) | SLOW    |      3.610 (r) | FAST    |          |
i_clk     | S_C_o[0][1][2] | FDRE   | -     |      7.440 (r) | SLOW    |      3.610 (r) | FAST    |          |
i_clk     | S_C_o[0][1][3] | FDRE   | -     |      7.440 (r) | SLOW    |      3.610 (r) | FAST    |          |
i_clk     | S_C_o[0][1][4] | FDRE   | -     |      7.440 (r) | SLOW    |      3.610 (r) | FAST    |          |
i_clk     | S_C_o[0][1][5] | FDRE   | -     |      7.440 (r) | SLOW    |      3.610 (r) | FAST    |          |
i_clk     | S_C_o[0][1][6] | FDRE   | -     |      7.440 (r) | SLOW    |      3.610 (r) | FAST    |          |
i_clk     | S_C_o[0][1][7] | FDRE   | -     |      7.440 (r) | SLOW    |      3.610 (r) | FAST    |          |
i_clk     | S_C_o[1][0][0] | FDRE   | -     |      7.440 (r) | SLOW    |      3.610 (r) | FAST    |          |
i_clk     | S_C_o[1][0][1] | FDRE   | -     |      7.440 (r) | SLOW    |      3.610 (r) | FAST    |          |
i_clk     | S_C_o[1][0][2] | FDRE   | -     |      7.440 (r) | SLOW    |      3.610 (r) | FAST    |          |
i_clk     | S_C_o[1][0][3] | FDRE   | -     |      7.440 (r) | SLOW    |      3.610 (r) | FAST    |          |
i_clk     | S_C_o[1][0][4] | FDRE   | -     |      7.440 (r) | SLOW    |      3.610 (r) | FAST    |          |
i_clk     | S_C_o[1][0][5] | FDRE   | -     |      7.440 (r) | SLOW    |      3.610 (r) | FAST    |          |
i_clk     | S_C_o[1][0][6] | FDRE   | -     |      7.440 (r) | SLOW    |      3.610 (r) | FAST    |          |
i_clk     | S_C_o[1][0][7] | FDRE   | -     |      7.440 (r) | SLOW    |      3.610 (r) | FAST    |          |
i_clk     | S_C_o[1][1][0] | FDRE   | -     |      7.440 (r) | SLOW    |      3.610 (r) | FAST    |          |
i_clk     | S_C_o[1][1][1] | FDRE   | -     |      7.440 (r) | SLOW    |      3.610 (r) | FAST    |          |
i_clk     | S_C_o[1][1][2] | FDRE   | -     |      7.440 (r) | SLOW    |      3.610 (r) | FAST    |          |
i_clk     | S_C_o[1][1][3] | FDRE   | -     |      7.440 (r) | SLOW    |      3.610 (r) | FAST    |          |
i_clk     | S_C_o[1][1][4] | FDRE   | -     |      7.440 (r) | SLOW    |      3.610 (r) | FAST    |          |
i_clk     | S_C_o[1][1][5] | FDRE   | -     |      7.440 (r) | SLOW    |      3.610 (r) | FAST    |          |
i_clk     | S_C_o[1][1][6] | FDRE   | -     |      7.440 (r) | SLOW    |      3.610 (r) | FAST    |          |
i_clk     | S_C_o[1][1][7] | FDRE   | -     |      7.440 (r) | SLOW    |      3.610 (r) | FAST    |          |
----------+----------------+--------+-------+----------------+---------+----------------+---------+----------+


Setup between Clocks

-------+-------------+---------------+---------+---------------+---------+---------------+---------+---------------+---------+
Source | Destination |  Src:Rise     | Process |  Src:Rise     | Process |  Src:Fall     | Process |  Src:Fall     | Process |
Clock  | Clock       | Dest:Rise(ns) | Corner  | Dest:Fall(ns) | Corner  | Dest:Rise(ns) | Corner  | Dest:Fall(ns) | Corner  |
-------+-------------+---------------+---------+---------------+---------+---------------+---------+---------------+---------+
i_clk  | i_clk       |         1.212 | SLOW    |               |         |               |         |               |         |
-------+-------------+---------------+---------+---------------+---------+---------------+---------+---------------+---------+


Setup / Hold times for input bus
Clocked by: i_clk
Worst Case Data Window: 3.808 ns
Ideal Clock Offset to Actual Clock: 1.295 ns
-------------------+------------+---------+-------------+---------+-----------+-----------+---------------+
                   |            | Process |             | Process | Setup     |  Hold     | Source Offset |
Source             |  Setup(ns) | Corner  |    Hold(ns) | Corner  | Slack(ns) | Slack(ns) | to Center(ns) |
-------------------+------------+---------+-------------+---------+-----------+-----------+---------------+
A_i[0][0][0]       |  0.609 (r) | FAST    |   3.147 (r) | SLOW    |       inf |       inf |             - |
A_i[0][0][1]       |  0.603 (r) | FAST    |   2.971 (r) | SLOW    |       inf |       inf |             - |
A_i[0][0][2]       |  0.601 (r) | FAST    |   2.981 (r) | SLOW    |       inf |       inf |             - |
A_i[0][0][3]       |  0.592 (r) | FAST    |   2.911 (r) | SLOW    |       inf |       inf |             - |
A_i[0][0][4]       |  0.584 (r) | FAST    |   3.199 (r) | SLOW    |       inf |       inf |             - |
A_i[0][0][5]       |  0.593 (r) | FAST    |   3.195 (r) | SLOW    |       inf |       inf |             - |
A_i[0][0][6]       |  0.591 (r) | FAST    |   3.193 (r) | SLOW    |       inf |       inf |             - |
A_i[0][0][7]       |  0.604 (r) | FAST    |   2.957 (r) | SLOW    |       inf |       inf |             - |
-------------------+------------+---------+-------------+---------+-----------+-----------+---------------+
Worst Case Summary |  0.609 (r) | FAST    |   3.199 (r) | SLOW    |       inf |       inf |             - |
-------------------+------------+---------+-------------+---------+-----------+-----------+---------------+



Setup / Hold times for input bus
Clocked by: i_clk
Worst Case Data Window: 3.634 ns
Ideal Clock Offset to Actual Clock: 1.383 ns
-------------------+------------+---------+-------------+---------+-----------+-----------+---------------+
                   |            | Process |             | Process | Setup     |  Hold     | Source Offset |
Source             |  Setup(ns) | Corner  |    Hold(ns) | Corner  | Slack(ns) | Slack(ns) | to Center(ns) |
-------------------+------------+---------+-------------+---------+-----------+-----------+---------------+
A_i[0][1][0]       |  0.432 (r) | FAST    |   3.147 (r) | SLOW    |       inf |       inf |             - |
A_i[0][1][1]       |  0.423 (r) | FAST    |   2.971 (r) | SLOW    |       inf |       inf |             - |
A_i[0][1][2]       |  0.412 (r) | FAST    |   2.981 (r) | SLOW    |       inf |       inf |             - |
A_i[0][1][3]       |  0.403 (r) | FAST    |   2.911 (r) | SLOW    |       inf |       inf |             - |
A_i[0][1][4]       |  0.411 (r) | FAST    |   3.200 (r) | SLOW    |       inf |       inf |             - |
A_i[0][1][5]       |  0.420 (r) | FAST    |   3.195 (r) | SLOW    |       inf |       inf |             - |
A_i[0][1][6]       |  0.418 (r) | FAST    |   3.198 (r) | SLOW    |       inf |       inf |             - |
A_i[0][1][7]       |  0.434 (r) | FAST    |   2.957 (r) | SLOW    |       inf |       inf |             - |
-------------------+------------+---------+-------------+---------+-----------+-----------+---------------+
Worst Case Summary |  0.434 (r) | FAST    |   3.200 (r) | SLOW    |       inf |       inf |             - |
-------------------+------------+---------+-------------+---------+-----------+-----------+---------------+



Setup / Hold times for input bus
Clocked by: i_clk
Worst Case Data Window: 3.709 ns
Ideal Clock Offset to Actual Clock: 1.190 ns
-------------------+------------+---------+-------------+---------+-----------+-----------+---------------+
                   |            | Process |             | Process | Setup     |  Hold     | Source Offset |
Source             |  Setup(ns) | Corner  |    Hold(ns) | Corner  | Slack(ns) | Slack(ns) | to Center(ns) |
-------------------+------------+---------+-------------+---------+-----------+-----------+---------------+
A_i[1][0][0]       |  0.665 (r) | FAST    |   2.976 (r) | SLOW    |       inf |       inf |             - |
A_i[1][0][1]       |  0.657 (r) | FAST    |   2.721 (r) | SLOW    |       inf |       inf |             - |
A_i[1][0][2]       |  0.656 (r) | FAST    |   2.687 (r) | SLOW    |       inf |       inf |             - |
A_i[1][0][3]       |  0.647 (r) | FAST    |   2.680 (r) | SLOW    |       inf |       inf |             - |
A_i[1][0][4]       |  0.639 (r) | FAST    |   3.044 (r) | SLOW    |       inf |       inf |             - |
A_i[1][0][5]       |  0.648 (r) | FAST    |   3.038 (r) | SLOW    |       inf |       inf |             - |
A_i[1][0][6]       |  0.645 (r) | FAST    |   3.044 (r) | SLOW    |       inf |       inf |             - |
A_i[1][0][7]       |  0.658 (r) | FAST    |   2.695 (r) | SLOW    |       inf |       inf |             - |
-------------------+------------+---------+-------------+---------+-----------+-----------+---------------+
Worst Case Summary |  0.665 (r) | FAST    |   3.044 (r) | SLOW    |       inf |       inf |             - |
-------------------+------------+---------+-------------+---------+-----------+-----------+---------------+



Setup / Hold times for input bus
Clocked by: i_clk
Worst Case Data Window: 3.678 ns
Ideal Clock Offset to Actual Clock: 1.363 ns
-------------------+------------+---------+-------------+---------+-----------+-----------+---------------+
                   |            | Process |             | Process | Setup     |  Hold     | Source Offset |
Source             |  Setup(ns) | Corner  |    Hold(ns) | Corner  | Slack(ns) | Slack(ns) | to Center(ns) |
-------------------+------------+---------+-------------+---------+-----------+-----------+---------------+
A_i[1][1][0]       |  0.476 (r) | FAST    |   3.134 (r) | SLOW    |       inf |       inf |             - |
A_i[1][1][1]       |  0.468 (r) | FAST    |   2.879 (r) | SLOW    |       inf |       inf |             - |
A_i[1][1][2]       |  0.467 (r) | FAST    |   2.845 (r) | SLOW    |       inf |       inf |             - |
A_i[1][1][3]       |  0.458 (r) | FAST    |   2.838 (r) | SLOW    |       inf |       inf |             - |
A_i[1][1][4]       |  0.450 (r) | FAST    |   3.202 (r) | SLOW    |       inf |       inf |             - |
A_i[1][1][5]       |  0.459 (r) | FAST    |   3.196 (r) | SLOW    |       inf |       inf |             - |
A_i[1][1][6]       |  0.456 (r) | FAST    |   3.202 (r) | SLOW    |       inf |       inf |             - |
A_i[1][1][7]       |  0.469 (r) | FAST    |   2.853 (r) | SLOW    |       inf |       inf |             - |
-------------------+------------+---------+-------------+---------+-----------+-----------+---------------+
Worst Case Summary |  0.476 (r) | FAST    |   3.202 (r) | SLOW    |       inf |       inf |             - |
-------------------+------------+---------+-------------+---------+-----------+-----------+---------------+



Setup / Hold times for input bus
Clocked by: i_clk
Worst Case Data Window: 3.756 ns
Ideal Clock Offset to Actual Clock: 1.160 ns
-------------------+------------+---------+-------------+---------+-----------+-----------+---------------+
                   |            | Process |             | Process | Setup     |  Hold     | Source Offset |
Source             |  Setup(ns) | Corner  |    Hold(ns) | Corner  | Slack(ns) | Slack(ns) | to Center(ns) |
-------------------+------------+---------+-------------+---------+-----------+-----------+---------------+
B_i[0][0][0]       |  0.718 (r) | FAST    |   2.996 (r) | SLOW    |       inf |       inf |             - |
B_i[0][0][1]       |  0.708 (r) | FAST    |   2.815 (r) | SLOW    |       inf |       inf |             - |
B_i[0][0][2]       |  0.705 (r) | FAST    |   2.576 (r) | SLOW    |       inf |       inf |             - |
B_i[0][0][3]       |  0.694 (r) | FAST    |   2.575 (r) | SLOW    |       inf |       inf |             - |
B_i[0][0][4]       |  0.487 (r) | FAST    |   3.038 (r) | SLOW    |       inf |       inf |             - |
B_i[0][0][5]       |  0.487 (r) | FAST    |   3.038 (r) | SLOW    |       inf |       inf |             - |
B_i[0][0][6]       |  0.499 (r) | FAST    |   3.033 (r) | SLOW    |       inf |       inf |             - |
B_i[0][0][7]       |  0.695 (r) | FAST    |   2.792 (r) | SLOW    |       inf |       inf |             - |
-------------------+------------+---------+-------------+---------+-----------+-----------+---------------+
Worst Case Summary |  0.718 (r) | FAST    |   3.038 (r) | SLOW    |       inf |       inf |             - |
-------------------+------------+---------+-------------+---------+-----------+-----------+---------------+



Setup / Hold times for input bus
Clocked by: i_clk
Worst Case Data Window: 3.877 ns
Ideal Clock Offset to Actual Clock: 1.257 ns
-------------------+------------+---------+-------------+---------+-----------+-----------+---------------+
                   |            | Process |             | Process | Setup     |  Hold     | Source Offset |
Source             |  Setup(ns) | Corner  |    Hold(ns) | Corner  | Slack(ns) | Slack(ns) | to Center(ns) |
-------------------+------------+---------+-------------+---------+-----------+-----------+---------------+
B_i[0][1][0]       |  0.682 (r) | FAST    |   3.133 (r) | SLOW    |       inf |       inf |             - |
B_i[0][1][1]       |  0.675 (r) | FAST    |   2.951 (r) | SLOW    |       inf |       inf |             - |
B_i[0][1][2]       |  0.672 (r) | FAST    |   2.745 (r) | SLOW    |       inf |       inf |             - |
B_i[0][1][3]       |  0.658 (r) | FAST    |   2.733 (r) | SLOW    |       inf |       inf |             - |
B_i[0][1][4]       |  0.406 (r) | FAST    |   3.195 (r) | SLOW    |       inf |       inf |             - |
B_i[0][1][5]       |  0.431 (r) | FAST    |   3.189 (r) | SLOW    |       inf |       inf |             - |
B_i[0][1][6]       |  0.431 (r) | FAST    |   3.189 (r) | SLOW    |       inf |       inf |             - |
B_i[0][1][7]       |  0.660 (r) | FAST    |   2.928 (r) | SLOW    |       inf |       inf |             - |
-------------------+------------+---------+-------------+---------+-----------+-----------+---------------+
Worst Case Summary |  0.682 (r) | FAST    |   3.195 (r) | SLOW    |       inf |       inf |             - |
-------------------+------------+---------+-------------+---------+-----------+-----------+---------------+



Setup / Hold times for input bus
Clocked by: i_clk
Worst Case Data Window: 3.725 ns
Ideal Clock Offset to Actual Clock: 1.334 ns
-------------------+------------+---------+-------------+---------+-----------+-----------+---------------+
                   |            | Process |             | Process | Setup     |  Hold     | Source Offset |
Source             |  Setup(ns) | Corner  |    Hold(ns) | Corner  | Slack(ns) | Slack(ns) | to Center(ns) |
-------------------+------------+---------+-------------+---------+-----------+-----------+---------------+
B_i[1][0][0]       |  0.529 (r) | FAST    |   3.154 (r) | SLOW    |       inf |       inf |             - |
B_i[1][0][1]       |  0.519 (r) | FAST    |   2.973 (r) | SLOW    |       inf |       inf |             - |
B_i[1][0][2]       |  0.516 (r) | FAST    |   2.734 (r) | SLOW    |       inf |       inf |             - |
B_i[1][0][3]       |  0.505 (r) | FAST    |   2.733 (r) | SLOW    |       inf |       inf |             - |
B_i[1][0][4]       |  0.298 (r) | FAST    |   3.196 (r) | SLOW    |       inf |       inf |             - |
B_i[1][0][5]       |  0.298 (r) | FAST    |   3.196 (r) | SLOW    |       inf |       inf |             - |
B_i[1][0][6]       |  0.310 (r) | FAST    |   3.191 (r) | SLOW    |       inf |       inf |             - |
B_i[1][0][7]       |  0.506 (r) | FAST    |   2.950 (r) | SLOW    |       inf |       inf |             - |
-------------------+------------+---------+-------------+---------+-----------+-----------+---------------+
Worst Case Summary |  0.529 (r) | FAST    |   3.196 (r) | SLOW    |       inf |       inf |             - |
-------------------+------------+---------+-------------+---------+-----------+-----------+---------------+



Setup / Hold times for input bus
Clocked by: i_clk
Worst Case Data Window: 3.691 ns
Ideal Clock Offset to Actual Clock: 1.351 ns
-------------------+------------+---------+-------------+---------+-----------+-----------+---------------+
                   |            | Process |             | Process | Setup     |  Hold     | Source Offset |
Source             |  Setup(ns) | Corner  |    Hold(ns) | Corner  | Slack(ns) | Slack(ns) | to Center(ns) |
-------------------+------------+---------+-------------+---------+-----------+-----------+---------------+
B_i[1][1][0]       |  0.495 (r) | FAST    |   3.154 (r) | SLOW    |       inf |       inf |             - |
B_i[1][1][1]       |  0.488 (r) | FAST    |   2.976 (r) | SLOW    |       inf |       inf |             - |
B_i[1][1][2]       |  0.485 (r) | FAST    |   2.745 (r) | SLOW    |       inf |       inf |             - |
B_i[1][1][3]       |  0.471 (r) | FAST    |   2.739 (r) | SLOW    |       inf |       inf |             - |
B_i[1][1][4]       |  0.219 (r) | FAST    |   3.196 (r) | SLOW    |       inf |       inf |             - |
B_i[1][1][5]       |  0.244 (r) | FAST    |   3.196 (r) | SLOW    |       inf |       inf |             - |
B_i[1][1][6]       |  0.244 (r) | FAST    |   3.196 (r) | SLOW    |       inf |       inf |             - |
B_i[1][1][7]       |  0.451 (r) | FAST    |   2.953 (r) | SLOW    |       inf |       inf |             - |
-------------------+------------+---------+-------------+---------+-----------+-----------+---------------+
Worst Case Summary |  0.495 (r) | FAST    |   3.196 (r) | SLOW    |       inf |       inf |             - |
-------------------+------------+---------+-------------+---------+-----------+-----------+---------------+



Setup / Hold times for input bus
Clocked by: i_clk
Worst Case Data Window: 2.759 ns
Ideal Clock Offset to Actual Clock: 1.991 ns
-------------------+------------+---------+-------------+---------+-----------+-----------+---------------+
                   |            | Process |             | Process | Setup     |  Hold     | Source Offset |
Source             |  Setup(ns) | Corner  |    Hold(ns) | Corner  | Slack(ns) | Slack(ns) | to Center(ns) |
-------------------+------------+---------+-------------+---------+-----------+-----------+---------------+
S_A_i[0][0][0]     | -0.611 (r) | FAST    |   3.368 (r) | SLOW    |       inf |       inf |             - |
S_A_i[0][0][1]     | -0.648 (r) | FAST    |   3.370 (r) | SLOW    |       inf |       inf |             - |
S_A_i[0][0][2]     | -0.644 (r) | FAST    |   3.366 (r) | SLOW    |       inf |       inf |             - |
S_A_i[0][0][3]     | -0.653 (r) | FAST    |   3.370 (r) | SLOW    |       inf |       inf |             - |
S_A_i[0][0][4]     | -0.681 (r) | FAST    |   3.369 (r) | SLOW    |       inf |       inf |             - |
S_A_i[0][0][5]     | -0.696 (r) | FAST    |   3.370 (r) | SLOW    |       inf |       inf |             - |
S_A_i[0][0][6]     | -0.807 (r) | FAST    |   3.367 (r) | SLOW    |       inf |       inf |             - |
S_A_i[0][0][7]     | -0.854 (r) | FAST    |   3.369 (r) | SLOW    |       inf |       inf |             - |
-------------------+------------+---------+-------------+---------+-----------+-----------+---------------+
Worst Case Summary | -0.611 (r) | FAST    |   3.370 (r) | SLOW    |       inf |       inf |             - |
-------------------+------------+---------+-------------+---------+-----------+-----------+---------------+



Setup / Hold times for input bus
Clocked by: i_clk
Worst Case Data Window: 2.759 ns
Ideal Clock Offset to Actual Clock: 1.991 ns
-------------------+------------+---------+-------------+---------+-----------+-----------+---------------+
                   |            | Process |             | Process | Setup     |  Hold     | Source Offset |
Source             |  Setup(ns) | Corner  |    Hold(ns) | Corner  | Slack(ns) | Slack(ns) | to Center(ns) |
-------------------+------------+---------+-------------+---------+-----------+-----------+---------------+
S_A_i[1][0][0]     | -0.611 (r) | FAST    |   3.368 (r) | SLOW    |       inf |       inf |             - |
S_A_i[1][0][1]     | -0.648 (r) | FAST    |   3.370 (r) | SLOW    |       inf |       inf |             - |
S_A_i[1][0][2]     | -0.644 (r) | FAST    |   3.366 (r) | SLOW    |       inf |       inf |             - |
S_A_i[1][0][3]     | -0.653 (r) | FAST    |   3.370 (r) | SLOW    |       inf |       inf |             - |
S_A_i[1][0][4]     | -0.681 (r) | FAST    |   3.369 (r) | SLOW    |       inf |       inf |             - |
S_A_i[1][0][5]     | -0.696 (r) | FAST    |   3.370 (r) | SLOW    |       inf |       inf |             - |
S_A_i[1][0][6]     | -0.807 (r) | FAST    |   3.367 (r) | SLOW    |       inf |       inf |             - |
S_A_i[1][0][7]     | -0.854 (r) | FAST    |   3.369 (r) | SLOW    |       inf |       inf |             - |
-------------------+------------+---------+-------------+---------+-----------+-----------+---------------+
Worst Case Summary | -0.611 (r) | FAST    |   3.370 (r) | SLOW    |       inf |       inf |             - |
-------------------+------------+---------+-------------+---------+-----------+-----------+---------------+



Setup / Hold times for input bus
Clocked by: i_clk
Worst Case Data Window: 2.753 ns
Ideal Clock Offset to Actual Clock: 2.013 ns
-------------------+------------+---------+-------------+---------+-----------+-----------+---------------+
                   |            | Process |             | Process | Setup     |  Hold     | Source Offset |
Source             |  Setup(ns) | Corner  |    Hold(ns) | Corner  | Slack(ns) | Slack(ns) | to Center(ns) |
-------------------+------------+---------+-------------+---------+-----------+-----------+---------------+
S_B_i[0][0][0]     | -0.636 (r) | FAST    |   3.387 (r) | SLOW    |       inf |       inf |             - |
S_B_i[0][0][1]     | -0.673 (r) | FAST    |   3.388 (r) | SLOW    |       inf |       inf |             - |
S_B_i[0][0][2]     | -0.669 (r) | FAST    |   3.384 (r) | SLOW    |       inf |       inf |             - |
S_B_i[0][0][3]     | -0.679 (r) | FAST    |   3.389 (r) | SLOW    |       inf |       inf |             - |
S_B_i[0][0][4]     | -0.707 (r) | FAST    |   3.387 (r) | SLOW    |       inf |       inf |             - |
S_B_i[0][0][5]     | -0.720 (r) | FAST    |   3.387 (r) | SLOW    |       inf |       inf |             - |
S_B_i[0][0][6]     | -0.830 (r) | FAST    |   3.386 (r) | SLOW    |       inf |       inf |             - |
S_B_i[0][0][7]     | -0.878 (r) | FAST    |   3.386 (r) | SLOW    |       inf |       inf |             - |
-------------------+------------+---------+-------------+---------+-----------+-----------+---------------+
Worst Case Summary | -0.636 (r) | FAST    |   3.389 (r) | SLOW    |       inf |       inf |             - |
-------------------+------------+---------+-------------+---------+-----------+-----------+---------------+



Setup / Hold times for input bus
Clocked by: i_clk
Worst Case Data Window: 2.753 ns
Ideal Clock Offset to Actual Clock: 2.013 ns
-------------------+------------+---------+-------------+---------+-----------+-----------+---------------+
                   |            | Process |             | Process | Setup     |  Hold     | Source Offset |
Source             |  Setup(ns) | Corner  |    Hold(ns) | Corner  | Slack(ns) | Slack(ns) | to Center(ns) |
-------------------+------------+---------+-------------+---------+-----------+-----------+---------------+
S_B_i[0][1][0]     | -0.636 (r) | FAST    |   3.387 (r) | SLOW    |       inf |       inf |             - |
S_B_i[0][1][1]     | -0.673 (r) | FAST    |   3.388 (r) | SLOW    |       inf |       inf |             - |
S_B_i[0][1][2]     | -0.669 (r) | FAST    |   3.384 (r) | SLOW    |       inf |       inf |             - |
S_B_i[0][1][3]     | -0.679 (r) | FAST    |   3.389 (r) | SLOW    |       inf |       inf |             - |
S_B_i[0][1][4]     | -0.707 (r) | FAST    |   3.387 (r) | SLOW    |       inf |       inf |             - |
S_B_i[0][1][5]     | -0.720 (r) | FAST    |   3.387 (r) | SLOW    |       inf |       inf |             - |
S_B_i[0][1][6]     | -0.830 (r) | FAST    |   3.386 (r) | SLOW    |       inf |       inf |             - |
S_B_i[0][1][7]     | -0.878 (r) | FAST    |   3.386 (r) | SLOW    |       inf |       inf |             - |
-------------------+------------+---------+-------------+---------+-----------+-----------+---------------+
Worst Case Summary | -0.636 (r) | FAST    |   3.389 (r) | SLOW    |       inf |       inf |             - |
-------------------+------------+---------+-------------+---------+-----------+-----------+---------------+



Max / Min delays for output bus
Clocked by: i_clk
Bus Skew: 0.000 ns
-------------------+-------------+---------+-------------+---------+----------+
                   |     Max     | Process |     Min     | Process | Edge     |
Pad                |   Delay(ns) | Corner  |   Delay(ns) | Corner  | Skew(ns) |
-------------------+-------------+---------+-------------+---------+----------+
C_o[0][0][0]       |   7.440 (r) | SLOW    |   3.610 (r) | FAST    |    0.000 |
C_o[0][0][1]       |   7.440 (r) | SLOW    |   3.610 (r) | FAST    |    0.000 |
C_o[0][0][2]       |   7.440 (r) | SLOW    |   3.610 (r) | FAST    |    0.000 |
C_o[0][0][3]       |   7.440 (r) | SLOW    |   3.610 (r) | FAST    |    0.000 |
C_o[0][0][4]       |   7.440 (r) | SLOW    |   3.610 (r) | FAST    |    0.000 |
C_o[0][0][5]       |   7.440 (r) | SLOW    |   3.610 (r) | FAST    |    0.000 |
C_o[0][0][6]       |   7.440 (r) | SLOW    |   3.610 (r) | FAST    |    0.000 |
C_o[0][0][7]       |   7.440 (r) | SLOW    |   3.610 (r) | FAST    |    0.000 |
-------------------+-------------+---------+-------------+---------+----------+
Worst Case Summary |   7.440 (r) | SLOW    |   3.610 (r) | FAST    |    0.000 |
-------------------+-------------+---------+-------------+---------+----------+



Max / Min delays for output bus
Clocked by: i_clk
Bus Skew: 0.000 ns
-------------------+-------------+---------+-------------+---------+----------+
                   |     Max     | Process |     Min     | Process | Edge     |
Pad                |   Delay(ns) | Corner  |   Delay(ns) | Corner  | Skew(ns) |
-------------------+-------------+---------+-------------+---------+----------+
C_o[0][1][0]       |   7.440 (r) | SLOW    |   3.610 (r) | FAST    |    0.000 |
C_o[0][1][1]       |   7.440 (r) | SLOW    |   3.610 (r) | FAST    |    0.000 |
C_o[0][1][2]       |   7.440 (r) | SLOW    |   3.610 (r) | FAST    |    0.000 |
C_o[0][1][3]       |   7.440 (r) | SLOW    |   3.610 (r) | FAST    |    0.000 |
C_o[0][1][4]       |   7.440 (r) | SLOW    |   3.610 (r) | FAST    |    0.000 |
C_o[0][1][5]       |   7.440 (r) | SLOW    |   3.610 (r) | FAST    |    0.000 |
C_o[0][1][6]       |   7.440 (r) | SLOW    |   3.610 (r) | FAST    |    0.000 |
C_o[0][1][7]       |   7.440 (r) | SLOW    |   3.610 (r) | FAST    |    0.000 |
-------------------+-------------+---------+-------------+---------+----------+
Worst Case Summary |   7.440 (r) | SLOW    |   3.610 (r) | FAST    |    0.000 |
-------------------+-------------+---------+-------------+---------+----------+



Max / Min delays for output bus
Clocked by: i_clk
Bus Skew: 0.000 ns
-------------------+-------------+---------+-------------+---------+----------+
                   |     Max     | Process |     Min     | Process | Edge     |
Pad                |   Delay(ns) | Corner  |   Delay(ns) | Corner  | Skew(ns) |
-------------------+-------------+---------+-------------+---------+----------+
C_o[1][0][0]       |   7.440 (r) | SLOW    |   3.610 (r) | FAST    |    0.000 |
C_o[1][0][1]       |   7.440 (r) | SLOW    |   3.610 (r) | FAST    |    0.000 |
C_o[1][0][2]       |   7.440 (r) | SLOW    |   3.610 (r) | FAST    |    0.000 |
C_o[1][0][3]       |   7.440 (r) | SLOW    |   3.610 (r) | FAST    |    0.000 |
C_o[1][0][4]       |   7.440 (r) | SLOW    |   3.610 (r) | FAST    |    0.000 |
C_o[1][0][5]       |   7.440 (r) | SLOW    |   3.610 (r) | FAST    |    0.000 |
C_o[1][0][6]       |   7.440 (r) | SLOW    |   3.610 (r) | FAST    |    0.000 |
C_o[1][0][7]       |   7.440 (r) | SLOW    |   3.610 (r) | FAST    |    0.000 |
-------------------+-------------+---------+-------------+---------+----------+
Worst Case Summary |   7.440 (r) | SLOW    |   3.610 (r) | FAST    |    0.000 |
-------------------+-------------+---------+-------------+---------+----------+



Max / Min delays for output bus
Clocked by: i_clk
Bus Skew: 0.000 ns
-------------------+-------------+---------+-------------+---------+----------+
                   |     Max     | Process |     Min     | Process | Edge     |
Pad                |   Delay(ns) | Corner  |   Delay(ns) | Corner  | Skew(ns) |
-------------------+-------------+---------+-------------+---------+----------+
C_o[1][1][0]       |   7.440 (r) | SLOW    |   3.610 (r) | FAST    |    0.000 |
C_o[1][1][1]       |   7.440 (r) | SLOW    |   3.610 (r) | FAST    |    0.000 |
C_o[1][1][2]       |   7.440 (r) | SLOW    |   3.610 (r) | FAST    |    0.000 |
C_o[1][1][3]       |   7.440 (r) | SLOW    |   3.610 (r) | FAST    |    0.000 |
C_o[1][1][4]       |   7.440 (r) | SLOW    |   3.610 (r) | FAST    |    0.000 |
C_o[1][1][5]       |   7.440 (r) | SLOW    |   3.610 (r) | FAST    |    0.000 |
C_o[1][1][6]       |   7.440 (r) | SLOW    |   3.610 (r) | FAST    |    0.000 |
C_o[1][1][7]       |   7.440 (r) | SLOW    |   3.610 (r) | FAST    |    0.000 |
-------------------+-------------+---------+-------------+---------+----------+
Worst Case Summary |   7.440 (r) | SLOW    |   3.610 (r) | FAST    |    0.000 |
-------------------+-------------+---------+-------------+---------+----------+



Max / Min delays for output bus
Clocked by: i_clk
Bus Skew: 0.000 ns
-------------------+-------------+---------+-------------+---------+----------+
                   |     Max     | Process |     Min     | Process | Edge     |
Pad                |   Delay(ns) | Corner  |   Delay(ns) | Corner  | Skew(ns) |
-------------------+-------------+---------+-------------+---------+----------+
S_C_o[0][0][0]     |   7.440 (r) | SLOW    |   3.610 (r) | FAST    |    0.000 |
S_C_o[0][0][1]     |   7.440 (r) | SLOW    |   3.610 (r) | FAST    |    0.000 |
S_C_o[0][0][2]     |   7.440 (r) | SLOW    |   3.610 (r) | FAST    |    0.000 |
S_C_o[0][0][3]     |   7.440 (r) | SLOW    |   3.610 (r) | FAST    |    0.000 |
S_C_o[0][0][4]     |   7.440 (r) | SLOW    |   3.610 (r) | FAST    |    0.000 |
S_C_o[0][0][5]     |   7.440 (r) | SLOW    |   3.610 (r) | FAST    |    0.000 |
S_C_o[0][0][6]     |   7.440 (r) | SLOW    |   3.610 (r) | FAST    |    0.000 |
S_C_o[0][0][7]     |   7.440 (r) | SLOW    |   3.610 (r) | FAST    |    0.000 |
-------------------+-------------+---------+-------------+---------+----------+
Worst Case Summary |   7.440 (r) | SLOW    |   3.610 (r) | FAST    |    0.000 |
-------------------+-------------+---------+-------------+---------+----------+



Max / Min delays for output bus
Clocked by: i_clk
Bus Skew: 0.000 ns
-------------------+-------------+---------+-------------+---------+----------+
                   |     Max     | Process |     Min     | Process | Edge     |
Pad                |   Delay(ns) | Corner  |   Delay(ns) | Corner  | Skew(ns) |
-------------------+-------------+---------+-------------+---------+----------+
S_C_o[0][1][0]     |   7.440 (r) | SLOW    |   3.610 (r) | FAST    |    0.000 |
S_C_o[0][1][1]     |   7.440 (r) | SLOW    |   3.610 (r) | FAST    |    0.000 |
S_C_o[0][1][2]     |   7.440 (r) | SLOW    |   3.610 (r) | FAST    |    0.000 |
S_C_o[0][1][3]     |   7.440 (r) | SLOW    |   3.610 (r) | FAST    |    0.000 |
S_C_o[0][1][4]     |   7.440 (r) | SLOW    |   3.610 (r) | FAST    |    0.000 |
S_C_o[0][1][5]     |   7.440 (r) | SLOW    |   3.610 (r) | FAST    |    0.000 |
S_C_o[0][1][6]     |   7.440 (r) | SLOW    |   3.610 (r) | FAST    |    0.000 |
S_C_o[0][1][7]     |   7.440 (r) | SLOW    |   3.610 (r) | FAST    |    0.000 |
-------------------+-------------+---------+-------------+---------+----------+
Worst Case Summary |   7.440 (r) | SLOW    |   3.610 (r) | FAST    |    0.000 |
-------------------+-------------+---------+-------------+---------+----------+



Max / Min delays for output bus
Clocked by: i_clk
Bus Skew: 0.000 ns
-------------------+-------------+---------+-------------+---------+----------+
                   |     Max     | Process |     Min     | Process | Edge     |
Pad                |   Delay(ns) | Corner  |   Delay(ns) | Corner  | Skew(ns) |
-------------------+-------------+---------+-------------+---------+----------+
S_C_o[1][0][0]     |   7.440 (r) | SLOW    |   3.610 (r) | FAST    |    0.000 |
S_C_o[1][0][1]     |   7.440 (r) | SLOW    |   3.610 (r) | FAST    |    0.000 |
S_C_o[1][0][2]     |   7.440 (r) | SLOW    |   3.610 (r) | FAST    |    0.000 |
S_C_o[1][0][3]     |   7.440 (r) | SLOW    |   3.610 (r) | FAST    |    0.000 |
S_C_o[1][0][4]     |   7.440 (r) | SLOW    |   3.610 (r) | FAST    |    0.000 |
S_C_o[1][0][5]     |   7.440 (r) | SLOW    |   3.610 (r) | FAST    |    0.000 |
S_C_o[1][0][6]     |   7.440 (r) | SLOW    |   3.610 (r) | FAST    |    0.000 |
S_C_o[1][0][7]     |   7.440 (r) | SLOW    |   3.610 (r) | FAST    |    0.000 |
-------------------+-------------+---------+-------------+---------+----------+
Worst Case Summary |   7.440 (r) | SLOW    |   3.610 (r) | FAST    |    0.000 |
-------------------+-------------+---------+-------------+---------+----------+



Max / Min delays for output bus
Clocked by: i_clk
Bus Skew: 0.000 ns
-------------------+-------------+---------+-------------+---------+----------+
                   |     Max     | Process |     Min     | Process | Edge     |
Pad                |   Delay(ns) | Corner  |   Delay(ns) | Corner  | Skew(ns) |
-------------------+-------------+---------+-------------+---------+----------+
S_C_o[1][1][0]     |   7.440 (r) | SLOW    |   3.610 (r) | FAST    |    0.000 |
S_C_o[1][1][1]     |   7.440 (r) | SLOW    |   3.610 (r) | FAST    |    0.000 |
S_C_o[1][1][2]     |   7.440 (r) | SLOW    |   3.610 (r) | FAST    |    0.000 |
S_C_o[1][1][3]     |   7.440 (r) | SLOW    |   3.610 (r) | FAST    |    0.000 |
S_C_o[1][1][4]     |   7.440 (r) | SLOW    |   3.610 (r) | FAST    |    0.000 |
S_C_o[1][1][5]     |   7.440 (r) | SLOW    |   3.610 (r) | FAST    |    0.000 |
S_C_o[1][1][6]     |   7.440 (r) | SLOW    |   3.610 (r) | FAST    |    0.000 |
S_C_o[1][1][7]     |   7.440 (r) | SLOW    |   3.610 (r) | FAST    |    0.000 |
-------------------+-------------+---------+-------------+---------+----------+
Worst Case Summary |   7.440 (r) | SLOW    |   3.610 (r) | FAST    |    0.000 |
-------------------+-------------+---------+-------------+---------+----------+




