Copyright 1986-2022 Xilinx, Inc. All Rights Reserved. Copyright 2022-2024 Advanced Micro Devices, Inc. All Rights Reserved.
-------------------------------------------------------------------------------------------------------------------------------------------------------------------------------------------------------------------------------------------------------------------------
| Tool Version     : Vivado v.2024.2 (lin64) Build 5239630 Fri Nov 08 22:34:34 MST 2024
| Date             : Thu Jan 15 23:51:58 2026
| Host             : ee-kraken running 64-bit Red Hat Enterprise Linux 9.5 (Plow)
| Command          : report_power -file ./src/attention/synth_output_matmul/matmul_fp_S_q_4_S_kv_4_d_kq_4_d_v_4_k_4_scale_width_8_M1_E_3_M1_M_3_M2_E_3_M2_M_3_M3_E_3_M3_M_3_ACCUM_METHOD_KULISCH_KULISCH_KULISCH_DSP_auto_auto_auto_time_20260115_2347_power.rpt
| Design           : matmul_fp
| Device           : xcv80-lsva4737-2MHP-e-S
| Design State     : synthesized
| Grade            : extended
| Process          : typical
| Characterization : Production
-------------------------------------------------------------------------------------------------------------------------------------------------------------------------------------------------------------------------------------------------------------------------

Power Report

Table of Contents
-----------------
1. Summary
1.1 On-Chip Components
1.2 Power Supply Summary
1.3 Confidence Level
2. Settings
2.1 Environment
2.2 Clock Constraints
3. Detailed Reports
3.1 By Hierarchy

1. Summary
----------

+--------------------------+--------------+
| Total On-Chip Power (W)  | 22.996       |
|   FPGA Power (W)         | 21.895       |
|   HBM Power (W)          | 1.101        |
| Design Power Budget (W)  | Unspecified* |
| Power Budget Margin (W)  | NA           |
| Dynamic (W)              | 0.058        |
| Device Static (W)        | 22.938**     |
| Effective TJA (C/W)      | 3.3          |
| Max Ambient (C)          | 25.0         |
| Junction Temperature (C) | 100.0**      |
| Confidence Level         | Low          |
| Setting File             | ---          |
| Simulation Activity File | ---          |
| Design Nets Matched      | NA           |
+--------------------------+--------------+
* Specify Design Power Budget using, set_operating_conditions -design_power_budget <value in Watts>
** No environmental constraints detected, worst case junction temperature (Tj) will be used, this will not impact the dynamic power estimate but will impact the static power shown.
To more accurately reflect the environmental and thermal operating condition of the application the following constraints should be applied, to reflect the applications specifications:
   set_operating_conditions -ambient_temp 25
   set_operating_conditions -thetaja 1.0

Where Ambient Temperature is defined as degrees Celsius and Theta Ja is the effectiveness of the thermal solution described as C/W to represent the rise in junction temperature for every watt dissipated
To set the junction temperature to a specific value the following constraint should be used:
   set_operating_conditions -junction_temp 25

For the Versal architecture, a default junction temperature of 100C is assumed when no environmental conditions are set (Ta/Tj/TJA).


1.1 On-Chip Components
----------------------

+-------------------+-----------+----------+-----------+-----------------+
| On-Chip           | Power (W) | Used     | Available | Utilization (%) |
+-------------------+-----------+----------+-----------+-----------------+
| Clocks            |     0.002 |        3 |       --- |             --- |
| Logic             |     0.025 |     6017 |       --- |             --- |
|   LUT as Logic    |     0.023 |     3192 |   2574208 |            0.12 |
|   CLE FF Register |     0.002 |     1168 |   5148416 |            0.02 |
|   LOOKAHEAD8      |    <0.001 |      128 |    321776 |            0.04 |
|   Others          |     0.000 |       97 |       --- |             --- |
| Signals           |     0.031 |     4304 |       --- |             --- |
| I/O               |     0.000 |      529 |       --- |             --- |
| Static Power      |    22.938 |          |           |                 |
| Total             |    22.996 |          |           |                 |
+-------------------+-----------+----------+-----------+-----------------+


1.2 Power Supply Summary
------------------------

+---------------+-------------+-----------+-------------+------------+-------------+-------------+------------+
| Source        | Voltage (V) | Total (A) | Dynamic (A) | Static (A) | Powerup (A) | Budget (A)  | Margin (A) |
+---------------+-------------+-----------+-------------+------------+-------------+-------------+------------+
| Vccint        |       0.800 |    17.833 |       0.073 |     17.760 |       NA    | Unspecified | NA         |
| VCC_SOC       |       0.800 |     3.171 |       0.000 |      3.171 |       NA    | Unspecified | NA         |
| VCC_IO        |       0.800 |     0.297 |       0.000 |      0.297 |       NA    | Unspecified | NA         |
| VCC_RAM       |       0.800 |     1.497 |       0.000 |      1.497 |       NA    | Unspecified | NA         |
| Vccaux        |       1.500 |     2.882 |       0.000 |      2.882 |       NA    | Unspecified | NA         |
| VCCO_503      |       3.300 |     0.001 |       0.000 |      0.001 |       NA    | Unspecified | NA         |
| VCCO_500      |       3.300 |     0.000 |       0.000 |      0.000 |       NA    | Unspecified | NA         |
| VCCO_501      |       3.300 |     0.000 |       0.000 |      0.000 |       NA    | Unspecified | NA         |
| VCCO_502      |       3.300 |     0.000 |       0.000 |      0.000 |       NA    | Unspecified | NA         |
| VCC_FUSE      |       1.800 |     0.000 |       0.000 |      0.000 |       NA    | Unspecified | NA         |
| VCC_BATT      |       1.500 |     0.000 |       0.000 |      0.000 |       NA    | Unspecified | NA         |
| Vcco33        |       3.300 |     0.000 |       0.000 |      0.000 |       NA    | Unspecified | NA         |
| Vcco25        |       2.500 |     0.000 |       0.000 |      0.000 |       NA    | Unspecified | NA         |
| Vcco18        |       1.800 |     0.000 |       0.000 |      0.000 |       NA    | Unspecified | NA         |
| Vcco15        |       1.500 |     0.000 |       0.000 |      0.000 |       NA    | Unspecified | NA         |
| Vcco135       |       1.350 |     0.000 |       0.000 |      0.000 |       NA    | Unspecified | NA         |
| Vcco12        |       1.200 |     0.000 |       0.000 |      0.000 |       NA    | Unspecified | NA         |
| Vcco11        |       1.100 |     0.000 |       0.000 |      0.000 |       NA    | Unspecified | NA         |
| Vcco10        |       1.000 |     0.000 |       0.000 |      0.000 |       NA    | Unspecified | NA         |
| VCC_PMC       |       0.880 |     0.124 |       0.000 |      0.124 |       NA    | Unspecified | NA         |
| VCCAUX_PMC    |       1.500 |     0.005 |       0.000 |      0.005 |       NA    | Unspecified | NA         |
| VCCAUX_SMON   |       1.500 |     0.001 |       0.000 |      0.001 |       NA    | Unspecified | NA         |
| VCC_PSLP      |       0.880 |     0.119 |       0.000 |      0.119 |       NA    | Unspecified | NA         |
| VCC_PSFP      |       0.880 |     0.117 |       0.000 |      0.117 |       NA    | Unspecified | NA         |
| VCC_CPM5      |       0.880 |     0.472 |       0.000 |      0.472 |       NA    | Unspecified | NA         |
| VCCO_HBM      |       1.200 |     0.287 |       0.000 |      0.287 |       NA    | Unspecified | NA         |
| VCCINT_IO_HBM |       0.800 |     0.385 |       0.000 |      0.385 |       NA    | Unspecified | NA         |
| VCC_HBM       |       1.200 |     0.552 |       0.000 |      0.552 |       NA    | Unspecified | NA         |
| VCCAUX_HBM    |       2.500 |     0.041 |       0.000 |      0.041 |       NA    | Unspecified | NA         |
| Vccint_gt     |       0.800 |     1.027 |       0.000 |      1.027 |       NA    | Unspecified | NA         |
| VGTM_AVCC     |       0.920 |     0.000 |       0.000 |      0.000 |       NA    | Unspecified | NA         |
| VGTM_AVTT     |       1.200 |     0.000 |       0.000 |      0.000 |       NA    | Unspecified | NA         |
| VGTM_AVCCAUX  |       1.500 |     0.000 |       0.000 |      0.000 |       NA    | Unspecified | NA         |
| VGTYP_AVCC    |       0.920 |     0.000 |       0.000 |      0.000 |       NA    | Unspecified | NA         |
| VGTYP_AVTT    |       1.200 |     0.000 |       0.000 |      0.000 |       NA    | Unspecified | NA         |
| VGTYP_AVCCAUX |       1.500 |     0.000 |       0.000 |      0.000 |       NA    | Unspecified | NA         |
+---------------+-------------+-----------+-------------+------------+-------------+-------------+------------+


1.3 Confidence Level
--------------------

+-----------------------------+------------+--------------------------------------------------------+------------------------------------------------------------------------------------------------------------+
| User Input Data             | Confidence | Details                                                | Action                                                                                                     |
+-----------------------------+------------+--------------------------------------------------------+------------------------------------------------------------------------------------------------------------+
| Design implementation state | Low        | Design is synthesized                                  | Accuracy of the tool is not optimal until design is fully placed and routed                                |
| Clock nodes activity        | High       | User specified more than 95% of clocks                 |                                                                                                            |
| I/O nodes activity          | Low        | More than 75% of inputs are missing user specification | Provide missing input activity with simulation results or by editing the "By Resource Type -> I/Os" view   |
| Internal nodes activity     | Medium     | User specified less than 25% of internal nodes         | Provide missing internal nodes activity with simulation results or by editing the "By Resource Type" views |
| Device models               | High       | Device models are Production                           |                                                                                                            |
|                             |            |                                                        |                                                                                                            |
| Overall confidence level    | Low        |                                                        |                                                                                                            |
+-----------------------------+------------+--------------------------------------------------------+------------------------------------------------------------------------------------------------------------+


2. Settings
-----------

2.1 Environment
---------------

+------------------+------+
| Ambient Temp (C) | 25.0 |
| ThetaJA (C/W)    | 3.3  |
+------------------+------+


2.2 Clock Constraints
---------------------

+-------+--------+-----------------+
| Clock | Domain | Constraint (ns) |
+-------+--------+-----------------+
| i_clk | i_clk  |             5.0 |
+-------+--------+-----------------+


3. Detailed Reports
-------------------

3.1 By Hierarchy
----------------

+-----------------------------------------+-----------+
| Name                                    | Power (W) |
+-----------------------------------------+-----------+
| matmul_fp                               |     0.058 |
|   row_loop[0].col_loop[0].u_dot_general |     0.003 |
|     genblk1[0].u_dot_fp                 |     0.003 |
|   row_loop[0].col_loop[1].u_dot_general |     0.003 |
|     genblk1[0].u_dot_fp                 |     0.003 |
|   row_loop[0].col_loop[2].u_dot_general |     0.003 |
|     genblk1[0].u_dot_fp                 |     0.003 |
|   row_loop[0].col_loop[3].u_dot_general |     0.004 |
|     genblk1[0].u_dot_fp                 |     0.004 |
|   row_loop[1].col_loop[0].u_dot_general |     0.003 |
|     genblk1[0].u_dot_fp                 |     0.003 |
|   row_loop[1].col_loop[1].u_dot_general |     0.003 |
|     genblk1[0].u_dot_fp                 |     0.003 |
|   row_loop[1].col_loop[2].u_dot_general |     0.003 |
|     genblk1[0].u_dot_fp                 |     0.003 |
|   row_loop[1].col_loop[3].u_dot_general |     0.004 |
|     genblk1[0].u_dot_fp                 |     0.003 |
|   row_loop[2].col_loop[0].u_dot_general |     0.003 |
|     genblk1[0].u_dot_fp                 |     0.003 |
|   row_loop[2].col_loop[1].u_dot_general |     0.003 |
|     genblk1[0].u_dot_fp                 |     0.003 |
|   row_loop[2].col_loop[2].u_dot_general |     0.003 |
|     genblk1[0].u_dot_fp                 |     0.003 |
|   row_loop[2].col_loop[3].u_dot_general |     0.004 |
|     genblk1[0].u_dot_fp                 |     0.003 |
|   row_loop[3].col_loop[0].u_dot_general |     0.003 |
|     genblk1[0].u_dot_fp                 |     0.003 |
|   row_loop[3].col_loop[1].u_dot_general |     0.003 |
|     genblk1[0].u_dot_fp                 |     0.003 |
|   row_loop[3].col_loop[2].u_dot_general |     0.003 |
|     genblk1[0].u_dot_fp                 |     0.003 |
|   row_loop[3].col_loop[3].u_dot_general |     0.004 |
|     genblk1[0].u_dot_fp                 |     0.004 |
+-----------------------------------------+-----------+


