Copyright 1986-2022 Xilinx, Inc. All Rights Reserved. Copyright 2022-2024 Advanced Micro Devices, Inc. All Rights Reserved.
--------------------------------------------------------------------------------------------------------------------------------------------------------------------------------------------------------------------------------------------------------------------------------------------
| Tool Version      : Vivado v.2024.2 (lin64) Build 5239630 Fri Nov 08 22:34:34 MST 2024
| Date              : Fri Jan 16 06:04:30 2026
| Host              : ee-kraken running 64-bit Red Hat Enterprise Linux 9.5 (Plow)
| Command           : report_timing_summary -datasheet -file ./src/attention/synth_output_softmax/mxint_softmax_S_q_8_S_kv_8_d_kq_8_d_v_8_k_8_scale_width_8_M1_E_3_M1_M_4_M2_E_3_M2_M_4_M3_E_3_M3_M_3_ACCUM_METHOD_KULISCH_KULISCH_KULISCH_DSP_auto_auto_auto_time_20260116_0601_timing.rpt
| Design            : mxint_softmax
| Device            : xcv80-lsva4737
| Speed File        : -2MHP  PRODUCTION 2.04 2024-08-06
| Design State      : Synthesized
| Temperature Grade : E
--------------------------------------------------------------------------------------------------------------------------------------------------------------------------------------------------------------------------------------------------------------------------------------------

Timing Summary Report

------------------------------------------------------------------------------------------------
| Timer Settings
| --------------
------------------------------------------------------------------------------------------------

  Enable Multi Corner Analysis               :  Yes
  Enable Pessimism Removal                   :  Yes
  Pessimism Removal Resolution               :  Nearest Common Node
  Enable Input Delay Default Clock           :  No
  Enable Preset / Clear Arcs                 :  No
  Disable Flight Delays                      :  No
  Ignore I/O Paths                           :  No
  Timing Early Launch at Borrowing Latches   :  No
  Borrow Time for Max Delay Exceptions       :  Yes
  Merge Timing Exceptions                    :  Yes
  Inter-SLR Compensation                     :  Conservative

  Corner  Analyze    Analyze    
  Name    Max Paths  Min Paths  
  ------  ---------  ---------  
  Slow    Yes        Yes        
  Fast    Yes        Yes        


------------------------------------------------------------------------------------------------
| Report Methodology
| ------------------
------------------------------------------------------------------------------------------------

No report available as report_methodology has not been run prior. Run report_methodology on the current design for the summary of methodology violations.



check_timing report

Table of Contents
-----------------
1. checking no_clock (0)
2. checking constant_clock (0)
3. checking pulse_width_clock (0)
4. checking unconstrained_internal_endpoints (0)
5. checking no_input_delay (72)
6. checking no_output_delay (65)
7. checking multiple_clock (0)
8. checking generated_clocks (0)
9. checking loops (0)
10. checking partial_input_delay (0)
11. checking partial_output_delay (0)
12. checking latch_loops (0)

1. checking no_clock (0)
------------------------
 There are 0 register/latch pins with no clock.


2. checking constant_clock (0)
------------------------------
 There are 0 register/latch pins with constant_clock.


3. checking pulse_width_clock (0)
---------------------------------
 There are 0 register/latch pins which need pulse_width check


4. checking unconstrained_internal_endpoints (0)
------------------------------------------------
 There are 0 pins that are not constrained for maximum delay.

 There are 0 pins that are not constrained for maximum delay due to constant clock.


5. checking no_input_delay (72)
-------------------------------
 There are 72 input ports with no input delay specified. (HIGH)

 There are 0 input ports with no input delay but user has a false path constraint.


6. checking no_output_delay (65)
--------------------------------
 There are 65 ports with no output delay specified. (HIGH)

 There are 0 ports with no output delay but user has a false path constraint

 There are 0 ports with no output delay but with a timing clock defined on it or propagating through it


7. checking multiple_clock (0)
------------------------------
 There are 0 register/latch pins with multiple clocks.


8. checking generated_clocks (0)
--------------------------------
 There are 0 generated clocks that are not connected to a clock source.


9. checking loops (0)
---------------------
 There are 0 combinational loops in the design.


10. checking partial_input_delay (0)
------------------------------------
 There are 0 input ports with partial input delay specified.


11. checking partial_output_delay (0)
-------------------------------------
 There are 0 ports with partial output delay specified.


12. checking latch_loops (0)
----------------------------
 There are 0 combinational latch loops in the design through latch input



------------------------------------------------------------------------------------------------
| Design Timing Summary
| ---------------------
------------------------------------------------------------------------------------------------

    WNS(ns)      TNS(ns)  TNS Failing Endpoints  TNS Total Endpoints      WHS(ns)      THS(ns)  THS Failing Endpoints  THS Total Endpoints     WPWS(ns)     TPWS(ns)  TPWS Failing Endpoints  TPWS Total Endpoints  
    -------      -------  ---------------------  -------------------      -------      -------  ---------------------  -------------------     --------     --------  ----------------------  --------------------  
      2.051        0.000                      0                 1459       -0.305     -211.305                   1412                 1459        1.894        0.000                       0                   783  


Timing constraints are not met.


------------------------------------------------------------------------------------------------
| Clock Summary
| -------------
------------------------------------------------------------------------------------------------

Clock  Waveform(ns)         Period(ns)      Frequency(MHz)
-----  ------------         ----------      --------------
i_clk  {0.000 2.500}        5.000           200.000         


------------------------------------------------------------------------------------------------
| Intra Clock Table
| -----------------
------------------------------------------------------------------------------------------------

Clock             WNS(ns)      TNS(ns)  TNS Failing Endpoints  TNS Total Endpoints      WHS(ns)      THS(ns)  THS Failing Endpoints  THS Total Endpoints     WPWS(ns)     TPWS(ns)  TPWS Failing Endpoints  TPWS Total Endpoints  
-----             -------      -------  ---------------------  -------------------      -------      -------  ---------------------  -------------------     --------     --------  ----------------------  --------------------  
i_clk               2.051        0.000                      0                 1459       -0.305     -211.305                   1412                 1459        1.894        0.000                       0                   783  


------------------------------------------------------------------------------------------------
| Inter Clock Table
| -----------------
------------------------------------------------------------------------------------------------

From Clock    To Clock          WNS(ns)      TNS(ns)  TNS Failing Endpoints  TNS Total Endpoints      WHS(ns)      THS(ns)  THS Failing Endpoints  THS Total Endpoints  
----------    --------          -------      -------  ---------------------  -------------------      -------      -------  ---------------------  -------------------  


------------------------------------------------------------------------------------------------
| Other Path Groups Table
| -----------------------
------------------------------------------------------------------------------------------------

Path Group    From Clock    To Clock          WNS(ns)      TNS(ns)  TNS Failing Endpoints  TNS Total Endpoints      WHS(ns)      THS(ns)  THS Failing Endpoints  THS Total Endpoints  
----------    ----------    --------          -------      -------  ---------------------  -------------------      -------      -------  ---------------------  -------------------  


------------------------------------------------------------------------------------------------
| Timing Details
| --------------
------------------------------------------------------------------------------------------------


---------------------------------------------------------------------------------------------------
From Clock:  i_clk
  To Clock:  i_clk

Setup :            0  Failing Endpoints,  Worst Slack        2.051ns,  Total Violation        0.000ns
Hold  :         1412  Failing Endpoints,  Worst Slack       -0.305ns,  Total Violation     -211.305ns
PW    :            0  Failing Endpoints,  Worst Slack        1.894ns,  Total Violation        0.000ns
---------------------------------------------------------------------------------------------------


Max Delay Paths
--------------------------------------------------------------------------------------
Slack (MET) :             2.051ns  (required time - arrival time)
  Source:                 cast_exp_inst/data_in_0_unpacked_mx_split2_with_data_i/fifo_out_reg_slice/register_slice_i/data_out_reg[69]/C
                            (rising edge-triggered cell FDRE clocked by i_clk  {rise@0.000ns fall@2.500ns period=5.000ns})
  Destination:            cast_exp_inst/output_skid_buffer/register_slice_i/data_out_reg[13]_bret__3_bret__2/D
                            (rising edge-triggered cell FDRE clocked by i_clk  {rise@0.000ns fall@2.500ns period=5.000ns})
  Path Group:             i_clk
  Path Type:              Setup (Max at Slow Process Corner)
  Requirement:            5.000ns  (i_clk rise@5.000ns - i_clk rise@0.000ns)
  Data Path Delay:        2.527ns  (logic 0.852ns (33.716%)  route 1.675ns (66.284%))
  Logic Levels:           9  (LOOKAHEAD8=1 LUT4=1 LUT5=2 LUT6=3 LUTCY1=2)
  Clock Path Skew:        -0.351ns (DCD - SCD + CPR)
    Destination Clock Delay (DCD):    3.826ns = ( 8.826 - 5.000 ) 
    Source Clock Delay      (SCD):    4.685ns
    Clock Pessimism Removal (CPR):    0.508ns
  Clock Uncertainty:      0.078ns  (CJ)/2 + PE + PJ
    Clock Jitter             (CJ):    0.155ns
    Phase Error              (PE):    0.000ns
    Phase Jitter             (PJ):    0.000ns

    Location             Delay type                Incr(ns)  Path(ns)    Netlist Resource(s)
  -------------------------------------------------------------------    -------------------
                         (clock i_clk rise edge)      0.000     0.000 r  
                                                      0.000     0.000 r  i_clk (IN)
                         net (fo=0)                   0.000     0.000    i_clk
                         IBUF (Prop_IBUF_I_O)         0.685     0.685 r  i_clk_IBUF_inst/O
                         net (fo=1, unplaced)         0.738     1.423    i_clk_IBUF
                         BUFGCE (Prop_BUFGCE_I_O)     0.078     1.501 r  i_clk_IBUF_BUFG_inst/O
                         net (fo=782, unplaced)       3.184     4.685    cast_exp_inst/data_in_0_unpacked_mx_split2_with_data_i/fifo_out_reg_slice/register_slice_i/i_clk_IBUF_BUFG
                         FDRE                                         r  cast_exp_inst/data_in_0_unpacked_mx_split2_with_data_i/fifo_out_reg_slice/register_slice_i/data_out_reg[69]/C
  -------------------------------------------------------------------    -------------------
                         FDRE (Prop_FDRE_C_Q)         0.090     4.775 r  cast_exp_inst/data_in_0_unpacked_mx_split2_with_data_i/fifo_out_reg_slice/register_slice_i/data_out_reg[69]/Q
                         net (fo=13, unplaced)        0.186     4.961    cast_exp_inst/data_in_0_unpacked_mx_split2_with_data_i/fifo_out_reg_slice/register_slice_i/edata_for_out[5]
                         LUT5 (Prop_LUT5_I0_O)        0.074     5.035 r  cast_exp_inst/data_in_0_unpacked_mx_split2_with_data_i/fifo_out_reg_slice/register_slice_i/data_out[61]_i_1/O
                         net (fo=5, unplaced)         0.237     5.272    cast_exp_inst/data_in_0_unpacked_mx_split2_with_data_i/fifo_out_reg_slice/register_slice_i/data_out_reg[27]_bret_bret__0_i_6/I1
                         LUTCY1 (Prop_LUTCY1_I1_PROP)
                                                      0.116     5.388 r  cast_exp_inst/data_in_0_unpacked_mx_split2_with_data_i/fifo_out_reg_slice/register_slice_i/data_out_reg[27]_bret_bret__0_i_6/LUTCY1_INST/PROP
                         net (fo=1, unplaced)         0.002     5.390    cast_exp_inst/data_in_0_unpacked_mx_split2_with_data_i/fifo_out_reg_slice/register_slice_i/data_out_reg[27]_bret_bret__0_i_6_n_3
                         LOOKAHEAD8 (Prop_LOOKAHEAD8_PROPG_COUTH)
                                                      0.124     5.514 r  cast_exp_inst/data_in_0_unpacked_mx_split2_with_data_i/fifo_out_reg_slice/register_slice_i/data_out_reg[27]_bret_bret__0_i_10/COUTH
                         net (fo=3, unplaced)         0.166     5.680    cast_exp_inst/data_in_0_unpacked_mx_split2_with_data_i/fifo_out_reg_slice/register_slice_i/data_out_reg[27]_bret__2_bret__0_i_2/I4
                         LUTCY1 (Prop_LUTCY1_I4_O)    0.057     5.737 f  cast_exp_inst/data_in_0_unpacked_mx_split2_with_data_i/fifo_out_reg_slice/register_slice_i/data_out_reg[27]_bret__2_bret__0_i_2/LUTCY1_INST/O
                         net (fo=151, unplaced)       0.291     6.028    cast_exp_inst/data_in_0_unpacked_mx_split2_with_data_i/fifo_out_reg_slice/register_slice_i/shift_value[8]
                         LUT6 (Prop_LUT6_I5_O)        0.051     6.079 r  cast_exp_inst/data_in_0_unpacked_mx_split2_with_data_i/fifo_out_reg_slice/register_slice_i/data_out[27]_bret__0_bret__4_i_5/O
                         net (fo=71, unplaced)        0.225     6.304    cast_exp_inst/data_in_0_unpacked_mx_split2_with_data_i/fifo_out_reg_slice/register_slice_i/data_out[27]_bret__0_bret__4_i_5_n_0
                         LUT4 (Prop_LUT4_I3_O)        0.082     6.386 r  cast_exp_inst/data_in_0_unpacked_mx_split2_with_data_i/fifo_out_reg_slice/register_slice_i/data_out[6]_bret__4_bret__2_i_5/O
                         net (fo=26, unplaced)        0.181     6.567    cast_exp_inst/data_in_0_unpacked_mx_split2_with_data_i/fifo_out_reg_slice/register_slice_i/data_out[6]_bret__4_bret__2_i_5_n_0
                         LUT6 (Prop_LUT6_I3_O)        0.074     6.641 f  cast_exp_inst/data_in_0_unpacked_mx_split2_with_data_i/fifo_out_reg_slice/register_slice_i/data_out[13]_bret__4_bret__2_i_8/O
                         net (fo=2, unplaced)         0.199     6.840    cast_exp_inst/data_in_0_unpacked_mx_split2_with_data_i/fifo_out_reg_slice/register_slice_i/data_out[13]_bret__4_bret__2_i_8_n_0
                         LUT6 (Prop_LUT6_I2_O)        0.088     6.928 r  cast_exp_inst/data_in_0_unpacked_mx_split2_with_data_i/fifo_out_reg_slice/register_slice_i/data_out[13]_bret__4_bret__2_i_3/O
                         net (fo=1, unplaced)         0.126     7.054    cast_exp_inst/data_in_0_unpacked_mx_split2_with_data_i/fifo_out_reg_slice/register_slice_i/data_out[13]_bret__4_bret__2_i_3_n_0
                         LUT5 (Prop_LUT5_I1_O)        0.096     7.150 r  cast_exp_inst/data_in_0_unpacked_mx_split2_with_data_i/fifo_out_reg_slice/register_slice_i/data_out[13]_bret__4_bret__2_i_1/O
                         net (fo=2, unplaced)         0.062     7.212    cast_exp_inst/output_skid_buffer/register_slice_i/out_data1_5
                         FDRE                                         r  cast_exp_inst/output_skid_buffer/register_slice_i/data_out_reg[13]_bret__3_bret__2/D
  -------------------------------------------------------------------    -------------------

                         (clock i_clk rise edge)      5.000     5.000 r  
                                                      0.000     5.000 r  i_clk (IN)
                         net (fo=0)                   0.000     5.000    i_clk
                         IBUF (Prop_IBUF_I_O)         0.377     5.377 r  i_clk_IBUF_inst/O
                         net (fo=1, unplaced)         0.646     6.023    i_clk_IBUF
                         BUFGCE (Prop_BUFGCE_I_O)     0.063     6.086 r  i_clk_IBUF_BUFG_inst/O
                         net (fo=782, unplaced)       2.740     8.826    cast_exp_inst/output_skid_buffer/register_slice_i/i_clk_IBUF_BUFG
                         FDRE                                         r  cast_exp_inst/output_skid_buffer/register_slice_i/data_out_reg[13]_bret__3_bret__2/C
                         clock pessimism              0.508     9.334    
                         clock uncertainty           -0.078     9.257    
                         FDRE (Setup_FDRE_C_D)        0.007     9.264    cast_exp_inst/output_skid_buffer/register_slice_i/data_out_reg[13]_bret__3_bret__2
  -------------------------------------------------------------------
                         required time                          9.264    
                         arrival time                          -7.212    
  -------------------------------------------------------------------
                         slack                                  2.051    





Min Delay Paths
--------------------------------------------------------------------------------------
Slack (VIOLATED) :        -0.305ns  (arrival time - required time)
  Source:                 edata_delay_line_reg[2][0]_srl3/CLK
                            (rising edge-triggered cell SRL16E clocked by i_clk  {rise@0.000ns fall@2.500ns period=5.000ns})
  Destination:            edata_delay_line_reg[3][0]/D
                            (rising edge-triggered cell FDRE clocked by i_clk  {rise@0.000ns fall@2.500ns period=5.000ns})
  Path Group:             i_clk
  Path Type:              Hold (Min at Fast Process Corner)
  Requirement:            0.000ns  (i_clk rise@0.000ns - i_clk rise@0.000ns)
  Data Path Delay:        0.130ns  (logic 0.114ns (87.692%)  route 0.016ns (12.308%))
  Logic Levels:           0  
  Clock Path Skew:        0.400ns (DCD - SCD - CPR)
    Destination Clock Delay (DCD):    3.335ns
    Source Clock Delay      (SCD):    2.626ns
    Clock Pessimism Removal (CPR):    0.309ns

    Location             Delay type                Incr(ns)  Path(ns)    Netlist Resource(s)
  -------------------------------------------------------------------    -------------------
                         (clock i_clk rise edge)      0.000     0.000 r  
                                                      0.000     0.000 r  i_clk (IN)
                         net (fo=0)                   0.000     0.000    i_clk
                         IBUF (Prop_IBUF_I_O)         0.313     0.313 r  i_clk_IBUF_inst/O
                         net (fo=1, unplaced)         0.414     0.727    i_clk_IBUF
                         BUFGCE (Prop_BUFGCE_I_O)     0.045     0.772 r  i_clk_IBUF_BUFG_inst/O
                         net (fo=782, unplaced)       1.854     2.626    i_clk_IBUF_BUFG
                         SRL16E                                       r  edata_delay_line_reg[2][0]_srl3/CLK
  -------------------------------------------------------------------    -------------------
                         SRL16E (Prop_SRL16E_CLK_Q)
                                                      0.114     2.740 r  edata_delay_line_reg[2][0]_srl3/Q
                         net (fo=1, unplaced)         0.016     2.756    edata_delay_line_reg[2][0]_srl3_n_0
                         FDRE                                         r  edata_delay_line_reg[3][0]/D
  -------------------------------------------------------------------    -------------------

                         (clock i_clk rise edge)      0.000     0.000 r  
                                                      0.000     0.000 r  i_clk (IN)
                         net (fo=0)                   0.000     0.000    i_clk
                         IBUF (Prop_IBUF_I_O)         0.473     0.473 r  i_clk_IBUF_inst/O
                         net (fo=1, unplaced)         0.527     1.000    i_clk_IBUF
                         BUFGCE (Prop_BUFGCE_I_O)     0.061     1.061 r  i_clk_IBUF_BUFG_inst/O
                         net (fo=782, unplaced)       2.273     3.335    i_clk_IBUF_BUFG
                         FDRE                                         r  edata_delay_line_reg[3][0]/C
                         clock pessimism             -0.309     3.026    
                         FDRE (Hold_FDRE_C_D)         0.035     3.061    edata_delay_line_reg[3][0]
  -------------------------------------------------------------------
                         required time                         -3.061    
                         arrival time                           2.756    
  -------------------------------------------------------------------
                         slack                                 -0.305    





Pulse Width Checks
--------------------------------------------------------------------------------------
Clock Name:         i_clk
Waveform(ns):       { 0.000 2.500 }
Period(ns):         5.000
Sources:            { i_clk }

Check Type        Corner  Lib Pin     Reference Pin  Required(ns)  Actual(ns)  Slack(ns)  Location  Pin
Min Period        n/a     SRL16E/CLK  n/a            1.213         5.000       3.787                edata_delay_line_reg[2][0]_srl3/CLK
Low Pulse Width   Slow    SRL16E/CLK  n/a            0.606         2.500       1.894                edata_delay_line_reg[2][0]_srl3/CLK
High Pulse Width  Slow    SRL16E/CLK  n/a            0.606         2.500       1.894                edata_delay_line_reg[2][0]_srl3/CLK



------------------------------------------------------------------------------------------------
| Data sheet
| ----------
------------------------------------------------------------------------------------------------

Input Ports Setup/Hold

----------+------------------+---------+-------+---------------+---------+---------------+---------+----------+
Reference | Input            | IO Reg  | Delay |     Setup(ns) | Process |      Hold(ns) | Process | Internal |
Clock     | Port             | Type    | Type  | to Clk (Edge) | Corner  | to Clk (Edge) | Corner  | Clock    |
----------+------------------+---------+-------+---------------+---------+---------------+---------+----------+
i_clk     | data_in_0_valid  | FDRE    | -     |    -0.939 (r) | FAST    |     3.462 (r) | SLOW    |          |
i_clk     | edata_in_0[0]    | FDRE    | -     |     0.721 (r) | FAST    |     3.165 (r) | SLOW    |          |
i_clk     | edata_in_0[1]    | FDRE    | -     |     0.730 (r) | FAST    |     3.146 (r) | SLOW    |          |
i_clk     | edata_in_0[2]    | FDRE    | -     |     0.683 (r) | FAST    |     3.149 (r) | SLOW    |          |
i_clk     | edata_in_0[3]    | FDRE    | -     |     0.588 (r) | FAST    |     3.162 (r) | SLOW    |          |
i_clk     | edata_in_0[4]    | FDRE    | -     |     0.581 (r) | FAST    |     3.170 (r) | SLOW    |          |
i_clk     | edata_in_0[5]    | FDRE    | -     |     0.491 (r) | FAST    |     3.164 (r) | SLOW    |          |
i_clk     | mdata_in_0[0][0] | FDRE    | -     |     1.383 (r) | FAST    |     2.906 (r) | SLOW    |          |
i_clk     | mdata_in_0[0][1] | FDRE    | -     |     1.171 (r) | FAST    |     2.938 (r) | SLOW    |          |
i_clk     | mdata_in_0[0][2] | FDRE    | -     |     1.384 (r) | FAST    |     2.949 (r) | SLOW    |          |
i_clk     | mdata_in_0[0][3] | FDRE    | -     |     1.308 (r) | FAST    |     2.948 (r) | SLOW    |          |
i_clk     | mdata_in_0[0][4] | FDRE    | -     |     1.363 (r) | FAST    |     2.960 (r) | SLOW    |          |
i_clk     | mdata_in_0[0][5] | FDRE    | -     |     1.375 (r) | FAST    |     2.962 (r) | SLOW    |          |
i_clk     | mdata_in_0[0][6] | FDRE    | -     |     1.322 (r) | FAST    |     3.045 (r) | SLOW    |          |
i_clk     | mdata_in_0[0][7] | FDRE    | -     |     1.369 (r) | FAST    |     3.071 (r) | SLOW    |          |
i_clk     | mdata_in_0[1][0] | FDRE    | -     |     1.200 (r) | FAST    |     2.923 (r) | SLOW    |          |
i_clk     | mdata_in_0[1][1] | FDRE    | -     |     0.988 (r) | FAST    |     2.955 (r) | SLOW    |          |
i_clk     | mdata_in_0[1][2] | FDRE    | -     |     1.201 (r) | FAST    |     2.966 (r) | SLOW    |          |
i_clk     | mdata_in_0[1][3] | FDRE    | -     |     1.166 (r) | FAST    |     2.965 (r) | SLOW    |          |
i_clk     | mdata_in_0[1][4] | FDRE    | -     |     1.182 (r) | FAST    |     2.977 (r) | SLOW    |          |
i_clk     | mdata_in_0[1][5] | FDRE    | -     |     1.192 (r) | FAST    |     2.979 (r) | SLOW    |          |
i_clk     | mdata_in_0[1][6] | FDRE    | -     |     1.180 (r) | FAST    |     3.062 (r) | SLOW    |          |
i_clk     | mdata_in_0[1][7] | FDRE    | -     |     1.186 (r) | FAST    |     3.088 (r) | SLOW    |          |
i_clk     | mdata_in_0[2][0] | FDRE    | -     |     1.200 (r) | FAST    |     2.923 (r) | SLOW    |          |
i_clk     | mdata_in_0[2][1] | FDRE    | -     |     0.988 (r) | FAST    |     2.955 (r) | SLOW    |          |
i_clk     | mdata_in_0[2][2] | FDRE    | -     |     1.201 (r) | FAST    |     2.966 (r) | SLOW    |          |
i_clk     | mdata_in_0[2][3] | FDRE    | -     |     1.166 (r) | FAST    |     2.965 (r) | SLOW    |          |
i_clk     | mdata_in_0[2][4] | FDRE    | -     |     1.182 (r) | FAST    |     2.977 (r) | SLOW    |          |
i_clk     | mdata_in_0[2][5] | FDRE    | -     |     1.192 (r) | FAST    |     2.979 (r) | SLOW    |          |
i_clk     | mdata_in_0[2][6] | FDRE    | -     |     1.180 (r) | FAST    |     3.062 (r) | SLOW    |          |
i_clk     | mdata_in_0[2][7] | FDRE    | -     |     1.186 (r) | FAST    |     3.088 (r) | SLOW    |          |
i_clk     | mdata_in_0[3][0] | FDRE    | -     |     1.200 (r) | FAST    |     2.923 (r) | SLOW    |          |
i_clk     | mdata_in_0[3][1] | FDRE    | -     |     0.988 (r) | FAST    |     2.955 (r) | SLOW    |          |
i_clk     | mdata_in_0[3][2] | FDRE    | -     |     1.201 (r) | FAST    |     2.966 (r) | SLOW    |          |
i_clk     | mdata_in_0[3][3] | FDRE    | -     |     1.166 (r) | FAST    |     2.965 (r) | SLOW    |          |
i_clk     | mdata_in_0[3][4] | FDRE    | -     |     1.182 (r) | FAST    |     2.977 (r) | SLOW    |          |
i_clk     | mdata_in_0[3][5] | FDRE    | -     |     1.192 (r) | FAST    |     2.979 (r) | SLOW    |          |
i_clk     | mdata_in_0[3][6] | FDRE    | -     |     1.180 (r) | FAST    |     3.062 (r) | SLOW    |          |
i_clk     | mdata_in_0[3][7] | FDRE    | -     |     1.186 (r) | FAST    |     3.088 (r) | SLOW    |          |
i_clk     | mdata_in_0[4][0] | FDRE    | -     |     1.220 (r) | FAST    |     2.923 (r) | SLOW    |          |
i_clk     | mdata_in_0[4][1] | FDRE    | -     |     1.008 (r) | FAST    |     2.955 (r) | SLOW    |          |
i_clk     | mdata_in_0[4][2] | FDRE    | -     |     1.221 (r) | FAST    |     2.966 (r) | SLOW    |          |
i_clk     | mdata_in_0[4][3] | FDRE    | -     |     1.166 (r) | FAST    |     2.965 (r) | SLOW    |          |
i_clk     | mdata_in_0[4][4] | FDRE    | -     |     1.183 (r) | FAST    |     2.977 (r) | SLOW    |          |
i_clk     | mdata_in_0[4][5] | FDRE    | -     |     1.212 (r) | FAST    |     2.979 (r) | SLOW    |          |
i_clk     | mdata_in_0[4][6] | FDRE    | -     |     1.160 (r) | FAST    |     3.062 (r) | SLOW    |          |
i_clk     | mdata_in_0[4][7] | FDRE    | -     |     1.186 (r) | FAST    |     3.088 (r) | SLOW    |          |
i_clk     | mdata_in_0[5][0] | FDRE    | -     |     1.220 (r) | FAST    |     2.923 (r) | SLOW    |          |
i_clk     | mdata_in_0[5][1] | FDRE    | -     |     1.008 (r) | FAST    |     2.955 (r) | SLOW    |          |
i_clk     | mdata_in_0[5][2] | FDRE    | -     |     1.221 (r) | FAST    |     2.966 (r) | SLOW    |          |
i_clk     | mdata_in_0[5][3] | FDRE    | -     |     1.166 (r) | FAST    |     2.965 (r) | SLOW    |          |
i_clk     | mdata_in_0[5][4] | FDRE    | -     |     1.183 (r) | FAST    |     2.977 (r) | SLOW    |          |
i_clk     | mdata_in_0[5][5] | FDRE    | -     |     1.212 (r) | FAST    |     2.979 (r) | SLOW    |          |
i_clk     | mdata_in_0[5][6] | FDRE    | -     |     1.160 (r) | FAST    |     3.062 (r) | SLOW    |          |
i_clk     | mdata_in_0[5][7] | FDRE    | -     |     1.186 (r) | FAST    |     3.088 (r) | SLOW    |          |
i_clk     | mdata_in_0[6][0] | FDRE    | -     |     1.220 (r) | FAST    |     2.923 (r) | SLOW    |          |
i_clk     | mdata_in_0[6][1] | FDRE    | -     |     1.008 (r) | FAST    |     2.955 (r) | SLOW    |          |
i_clk     | mdata_in_0[6][2] | FDRE    | -     |     1.221 (r) | FAST    |     2.966 (r) | SLOW    |          |
i_clk     | mdata_in_0[6][3] | FDRE    | -     |     1.166 (r) | FAST    |     2.965 (r) | SLOW    |          |
i_clk     | mdata_in_0[6][4] | FDRE    | -     |     1.183 (r) | FAST    |     2.977 (r) | SLOW    |          |
i_clk     | mdata_in_0[6][5] | FDRE    | -     |     1.212 (r) | FAST    |     2.979 (r) | SLOW    |          |
i_clk     | mdata_in_0[6][6] | FDRE    | -     |     1.160 (r) | FAST    |     3.062 (r) | SLOW    |          |
i_clk     | mdata_in_0[6][7] | FDRE    | -     |     1.186 (r) | FAST    |     3.088 (r) | SLOW    |          |
i_clk     | mdata_in_0[7][0] | FDRE    | -     |     1.220 (r) | FAST    |     2.923 (r) | SLOW    |          |
i_clk     | mdata_in_0[7][1] | FDRE    | -     |     1.008 (r) | FAST    |     2.955 (r) | SLOW    |          |
i_clk     | mdata_in_0[7][2] | FDRE    | -     |     1.221 (r) | FAST    |     2.966 (r) | SLOW    |          |
i_clk     | mdata_in_0[7][3] | FDRE    | -     |     1.166 (r) | FAST    |     2.965 (r) | SLOW    |          |
i_clk     | mdata_in_0[7][4] | FDRE    | -     |     1.183 (r) | FAST    |     2.977 (r) | SLOW    |          |
i_clk     | mdata_in_0[7][5] | FDRE    | -     |     1.212 (r) | FAST    |     2.979 (r) | SLOW    |          |
i_clk     | mdata_in_0[7][6] | FDRE    | -     |     1.160 (r) | FAST    |     3.062 (r) | SLOW    |          |
i_clk     | mdata_in_0[7][7] | FDRE    | -     |     1.186 (r) | FAST    |     3.088 (r) | SLOW    |          |
i_clk     | rst              | FDRE    | -     |    -0.385 (r) | FAST    |     3.087 (r) | SLOW    |          |
----------+------------------+---------+-------+---------------+---------+---------------+---------+----------+


Output Ports Clock-to-out

----------+-------------------+--------+-------+----------------+---------+----------------+---------+----------+
Reference | Output            | IO Reg | Delay | Max Clk (Edge) | Process | Min Clk (Edge) | Process | Internal |
Clock     | Port              | Type   | Type  |    to port(ns) | Corner  |    to port(ns) | Corner  | Clock    |
----------+-------------------+--------+-------+----------------+---------+----------------+---------+----------+
i_clk     | data_in_0_ready   | FDRE   | -     |      7.938 (r) | SLOW    |      3.735 (r) | FAST    |          |
i_clk     | edata_out_0[0]    | FDRE   | -     |      7.466 (r) | SLOW    |      3.622 (r) | FAST    |          |
i_clk     | edata_out_0[1]    | FDRE   | -     |      7.662 (r) | SLOW    |      3.733 (r) | FAST    |          |
i_clk     | edata_out_0[2]    | FDRE   | -     |      7.699 (r) | SLOW    |      3.751 (r) | FAST    |          |
i_clk     | edata_out_0[3]    | FDRE   | -     |      7.677 (r) | SLOW    |      3.728 (r) | FAST    |          |
i_clk     | edata_out_0[4]    | FDRE   | -     |      7.699 (r) | SLOW    |      3.745 (r) | FAST    |          |
i_clk     | edata_out_0[5]    | FDRE   | -     |      7.776 (r) | SLOW    |      3.723 (r) | FAST    |          |
i_clk     | edata_out_0[6]    | FDRE   | -     |      7.971 (r) | SLOW    |      3.723 (r) | FAST    |          |
i_clk     | edata_out_0[7]    | FDRE   | -     |      7.995 (r) | SLOW    |      3.743 (r) | FAST    |          |
i_clk     | mdata_out_0[0][0] | FDRE   | -     |     11.357 (r) | SLOW    |      3.861 (r) | FAST    |          |
i_clk     | mdata_out_0[0][1] | FDRE   | -     |     10.902 (r) | SLOW    |      3.885 (r) | FAST    |          |
i_clk     | mdata_out_0[0][2] | FDRE   | -     |     10.327 (r) | SLOW    |      3.885 (r) | FAST    |          |
i_clk     | mdata_out_0[0][3] | FDRE   | -     |      9.822 (r) | SLOW    |      3.885 (r) | FAST    |          |
i_clk     | mdata_out_0[0][4] | FDRE   | -     |      9.247 (r) | SLOW    |      3.882 (r) | FAST    |          |
i_clk     | mdata_out_0[0][5] | FDRE   | -     |      8.742 (r) | SLOW    |      3.860 (r) | FAST    |          |
i_clk     | mdata_out_0[0][6] | FDRE   | -     |      8.078 (r) | SLOW    |      3.807 (r) | FAST    |          |
i_clk     | mdata_out_0[1][0] | FDRE   | -     |     11.357 (r) | SLOW    |      3.861 (r) | FAST    |          |
i_clk     | mdata_out_0[1][1] | FDRE   | -     |     10.902 (r) | SLOW    |      3.885 (r) | FAST    |          |
i_clk     | mdata_out_0[1][2] | FDRE   | -     |     10.327 (r) | SLOW    |      3.885 (r) | FAST    |          |
i_clk     | mdata_out_0[1][3] | FDRE   | -     |      9.822 (r) | SLOW    |      3.885 (r) | FAST    |          |
i_clk     | mdata_out_0[1][4] | FDRE   | -     |      9.247 (r) | SLOW    |      3.882 (r) | FAST    |          |
i_clk     | mdata_out_0[1][5] | FDRE   | -     |      8.742 (r) | SLOW    |      3.860 (r) | FAST    |          |
i_clk     | mdata_out_0[1][6] | FDRE   | -     |      8.078 (r) | SLOW    |      3.807 (r) | FAST    |          |
i_clk     | mdata_out_0[2][0] | FDRE   | -     |     11.357 (r) | SLOW    |      3.861 (r) | FAST    |          |
i_clk     | mdata_out_0[2][1] | FDRE   | -     |     10.902 (r) | SLOW    |      3.885 (r) | FAST    |          |
i_clk     | mdata_out_0[2][2] | FDRE   | -     |     10.327 (r) | SLOW    |      3.885 (r) | FAST    |          |
i_clk     | mdata_out_0[2][3] | FDRE   | -     |      9.822 (r) | SLOW    |      3.885 (r) | FAST    |          |
i_clk     | mdata_out_0[2][4] | FDRE   | -     |      9.247 (r) | SLOW    |      3.882 (r) | FAST    |          |
i_clk     | mdata_out_0[2][5] | FDRE   | -     |      8.742 (r) | SLOW    |      3.860 (r) | FAST    |          |
i_clk     | mdata_out_0[2][6] | FDRE   | -     |      8.078 (r) | SLOW    |      3.807 (r) | FAST    |          |
i_clk     | mdata_out_0[3][0] | FDRE   | -     |     11.357 (r) | SLOW    |      3.861 (r) | FAST    |          |
i_clk     | mdata_out_0[3][1] | FDRE   | -     |     10.902 (r) | SLOW    |      3.885 (r) | FAST    |          |
i_clk     | mdata_out_0[3][2] | FDRE   | -     |     10.327 (r) | SLOW    |      3.885 (r) | FAST    |          |
i_clk     | mdata_out_0[3][3] | FDRE   | -     |      9.822 (r) | SLOW    |      3.885 (r) | FAST    |          |
i_clk     | mdata_out_0[3][4] | FDRE   | -     |      9.247 (r) | SLOW    |      3.882 (r) | FAST    |          |
i_clk     | mdata_out_0[3][5] | FDRE   | -     |      8.742 (r) | SLOW    |      3.860 (r) | FAST    |          |
i_clk     | mdata_out_0[3][6] | FDRE   | -     |      8.078 (r) | SLOW    |      3.807 (r) | FAST    |          |
i_clk     | mdata_out_0[4][0] | FDRE   | -     |     11.357 (r) | SLOW    |      3.861 (r) | FAST    |          |
i_clk     | mdata_out_0[4][1] | FDRE   | -     |     10.902 (r) | SLOW    |      3.885 (r) | FAST    |          |
i_clk     | mdata_out_0[4][2] | FDRE   | -     |     10.327 (r) | SLOW    |      3.885 (r) | FAST    |          |
i_clk     | mdata_out_0[4][3] | FDRE   | -     |      9.822 (r) | SLOW    |      3.885 (r) | FAST    |          |
i_clk     | mdata_out_0[4][4] | FDRE   | -     |      9.247 (r) | SLOW    |      3.882 (r) | FAST    |          |
i_clk     | mdata_out_0[4][5] | FDRE   | -     |      8.742 (r) | SLOW    |      3.860 (r) | FAST    |          |
i_clk     | mdata_out_0[4][6] | FDRE   | -     |      8.078 (r) | SLOW    |      3.807 (r) | FAST    |          |
i_clk     | mdata_out_0[5][0] | FDRE   | -     |     11.357 (r) | SLOW    |      3.861 (r) | FAST    |          |
i_clk     | mdata_out_0[5][1] | FDRE   | -     |     10.902 (r) | SLOW    |      3.885 (r) | FAST    |          |
i_clk     | mdata_out_0[5][2] | FDRE   | -     |     10.327 (r) | SLOW    |      3.885 (r) | FAST    |          |
i_clk     | mdata_out_0[5][3] | FDRE   | -     |      9.822 (r) | SLOW    |      3.885 (r) | FAST    |          |
i_clk     | mdata_out_0[5][4] | FDRE   | -     |      9.247 (r) | SLOW    |      3.882 (r) | FAST    |          |
i_clk     | mdata_out_0[5][5] | FDRE   | -     |      8.742 (r) | SLOW    |      3.860 (r) | FAST    |          |
i_clk     | mdata_out_0[5][6] | FDRE   | -     |      8.078 (r) | SLOW    |      3.807 (r) | FAST    |          |
i_clk     | mdata_out_0[6][0] | FDRE   | -     |     11.357 (r) | SLOW    |      3.861 (r) | FAST    |          |
i_clk     | mdata_out_0[6][1] | FDRE   | -     |     10.902 (r) | SLOW    |      3.885 (r) | FAST    |          |
i_clk     | mdata_out_0[6][2] | FDRE   | -     |     10.327 (r) | SLOW    |      3.885 (r) | FAST    |          |
i_clk     | mdata_out_0[6][3] | FDRE   | -     |      9.822 (r) | SLOW    |      3.885 (r) | FAST    |          |
i_clk     | mdata_out_0[6][4] | FDRE   | -     |      9.247 (r) | SLOW    |      3.882 (r) | FAST    |          |
i_clk     | mdata_out_0[6][5] | FDRE   | -     |      8.742 (r) | SLOW    |      3.860 (r) | FAST    |          |
i_clk     | mdata_out_0[6][6] | FDRE   | -     |      8.078 (r) | SLOW    |      3.807 (r) | FAST    |          |
i_clk     | mdata_out_0[7][0] | FDRE   | -     |     11.357 (r) | SLOW    |      3.861 (r) | FAST    |          |
i_clk     | mdata_out_0[7][1] | FDRE   | -     |     10.902 (r) | SLOW    |      3.885 (r) | FAST    |          |
i_clk     | mdata_out_0[7][2] | FDRE   | -     |     10.327 (r) | SLOW    |      3.885 (r) | FAST    |          |
i_clk     | mdata_out_0[7][3] | FDRE   | -     |      9.822 (r) | SLOW    |      3.885 (r) | FAST    |          |
i_clk     | mdata_out_0[7][4] | FDRE   | -     |      9.247 (r) | SLOW    |      3.882 (r) | FAST    |          |
i_clk     | mdata_out_0[7][5] | FDRE   | -     |      8.742 (r) | SLOW    |      3.860 (r) | FAST    |          |
i_clk     | mdata_out_0[7][6] | FDRE   | -     |      8.078 (r) | SLOW    |      3.807 (r) | FAST    |          |
----------+-------------------+--------+-------+----------------+---------+----------------+---------+----------+


Setup between Clocks

-------+-------------+---------------+---------+---------------+---------+---------------+---------+---------------+---------+
Source | Destination |  Src:Rise     | Process |  Src:Rise     | Process |  Src:Fall     | Process |  Src:Fall     | Process |
Clock  | Clock       | Dest:Rise(ns) | Corner  | Dest:Fall(ns) | Corner  | Dest:Rise(ns) | Corner  | Dest:Fall(ns) | Corner  |
-------+-------------+---------------+---------+---------------+---------+---------------+---------+---------------+---------+
i_clk  | i_clk       |         2.949 | SLOW    |               |         |               |         |               |         |
-------+-------------+---------------+---------+---------------+---------+---------------+---------+---------------+---------+


Setup / Hold times for input bus
Clocked by: i_clk
Worst Case Data Window: 3.900 ns
Ideal Clock Offset to Actual Clock: 1.220 ns
-------------------+------------+---------+-------------+---------+-----------+-----------+---------------+
                   |            | Process |             | Process | Setup     |  Hold     | Source Offset |
Source             |  Setup(ns) | Corner  |    Hold(ns) | Corner  | Slack(ns) | Slack(ns) | to Center(ns) |
-------------------+------------+---------+-------------+---------+-----------+-----------+---------------+
edata_in_0[0]      |  0.721 (r) | FAST    |   3.165 (r) | SLOW    |       inf |       inf |             - |
edata_in_0[1]      |  0.730 (r) | FAST    |   3.146 (r) | SLOW    |       inf |       inf |             - |
edata_in_0[2]      |  0.683 (r) | FAST    |   3.149 (r) | SLOW    |       inf |       inf |             - |
edata_in_0[3]      |  0.588 (r) | FAST    |   3.162 (r) | SLOW    |       inf |       inf |             - |
edata_in_0[4]      |  0.581 (r) | FAST    |   3.170 (r) | SLOW    |       inf |       inf |             - |
edata_in_0[5]      |  0.491 (r) | FAST    |   3.164 (r) | SLOW    |       inf |       inf |             - |
edata_in_0[6]      |          - | -       |           - | -       |       inf |       inf |             - |
edata_in_0[7]      |          - | -       |           - | -       |       inf |       inf |             - |
-------------------+------------+---------+-------------+---------+-----------+-----------+---------------+
Worst Case Summary |  0.730 (r) | FAST    |   3.170 (r) | SLOW    |       inf |       inf |             - |
-------------------+------------+---------+-------------+---------+-----------+-----------+---------------+



Setup / Hold times for input bus
Clocked by: i_clk
Worst Case Data Window: 4.455 ns
Ideal Clock Offset to Actual Clock: 0.844 ns
-------------------+-------------+---------+-------------+---------+-----------+-----------+---------------+
                   |             | Process |             | Process | Setup     |  Hold     | Source Offset |
Source             |   Setup(ns) | Corner  |    Hold(ns) | Corner  | Slack(ns) | Slack(ns) | to Center(ns) |
-------------------+-------------+---------+-------------+---------+-----------+-----------+---------------+
mdata_in_0[0][0]   |   1.383 (r) | FAST    |   2.906 (r) | SLOW    |       inf |       inf |             - |
mdata_in_0[0][1]   |   1.171 (r) | FAST    |   2.938 (r) | SLOW    |       inf |       inf |             - |
mdata_in_0[0][2]   |   1.384 (r) | FAST    |   2.949 (r) | SLOW    |       inf |       inf |             - |
mdata_in_0[0][3]   |   1.308 (r) | FAST    |   2.948 (r) | SLOW    |       inf |       inf |             - |
mdata_in_0[0][4]   |   1.363 (r) | FAST    |   2.960 (r) | SLOW    |       inf |       inf |             - |
mdata_in_0[0][5]   |   1.375 (r) | FAST    |   2.962 (r) | SLOW    |       inf |       inf |             - |
mdata_in_0[0][6]   |   1.322 (r) | FAST    |   3.045 (r) | SLOW    |       inf |       inf |             - |
mdata_in_0[0][7]   |   1.369 (r) | FAST    |   3.071 (r) | SLOW    |       inf |       inf |             - |
-------------------+-------------+---------+-------------+---------+-----------+-----------+---------------+
Worst Case Summary |   1.384 (r) | FAST    |   3.071 (r) | SLOW    |       inf |       inf |             - |
-------------------+-------------+---------+-------------+---------+-----------+-----------+---------------+



Setup / Hold times for input bus
Clocked by: i_clk
Worst Case Data Window: 4.289 ns
Ideal Clock Offset to Actual Clock: 0.944 ns
-------------------+-------------+---------+-------------+---------+-----------+-----------+---------------+
                   |             | Process |             | Process | Setup     |  Hold     | Source Offset |
Source             |   Setup(ns) | Corner  |    Hold(ns) | Corner  | Slack(ns) | Slack(ns) | to Center(ns) |
-------------------+-------------+---------+-------------+---------+-----------+-----------+---------------+
mdata_in_0[1][0]   |   1.200 (r) | FAST    |   2.923 (r) | SLOW    |       inf |       inf |             - |
mdata_in_0[1][1]   |   0.988 (r) | FAST    |   2.955 (r) | SLOW    |       inf |       inf |             - |
mdata_in_0[1][2]   |   1.201 (r) | FAST    |   2.966 (r) | SLOW    |       inf |       inf |             - |
mdata_in_0[1][3]   |   1.166 (r) | FAST    |   2.965 (r) | SLOW    |       inf |       inf |             - |
mdata_in_0[1][4]   |   1.182 (r) | FAST    |   2.977 (r) | SLOW    |       inf |       inf |             - |
mdata_in_0[1][5]   |   1.192 (r) | FAST    |   2.979 (r) | SLOW    |       inf |       inf |             - |
mdata_in_0[1][6]   |   1.180 (r) | FAST    |   3.062 (r) | SLOW    |       inf |       inf |             - |
mdata_in_0[1][7]   |   1.186 (r) | FAST    |   3.088 (r) | SLOW    |       inf |       inf |             - |
-------------------+-------------+---------+-------------+---------+-----------+-----------+---------------+
Worst Case Summary |   1.201 (r) | FAST    |   3.088 (r) | SLOW    |       inf |       inf |             - |
-------------------+-------------+---------+-------------+---------+-----------+-----------+---------------+



Setup / Hold times for input bus
Clocked by: i_clk
Worst Case Data Window: 4.289 ns
Ideal Clock Offset to Actual Clock: 0.944 ns
-------------------+-------------+---------+-------------+---------+-----------+-----------+---------------+
                   |             | Process |             | Process | Setup     |  Hold     | Source Offset |
Source             |   Setup(ns) | Corner  |    Hold(ns) | Corner  | Slack(ns) | Slack(ns) | to Center(ns) |
-------------------+-------------+---------+-------------+---------+-----------+-----------+---------------+
mdata_in_0[2][0]   |   1.200 (r) | FAST    |   2.923 (r) | SLOW    |       inf |       inf |             - |
mdata_in_0[2][1]   |   0.988 (r) | FAST    |   2.955 (r) | SLOW    |       inf |       inf |             - |
mdata_in_0[2][2]   |   1.201 (r) | FAST    |   2.966 (r) | SLOW    |       inf |       inf |             - |
mdata_in_0[2][3]   |   1.166 (r) | FAST    |   2.965 (r) | SLOW    |       inf |       inf |             - |
mdata_in_0[2][4]   |   1.182 (r) | FAST    |   2.977 (r) | SLOW    |       inf |       inf |             - |
mdata_in_0[2][5]   |   1.192 (r) | FAST    |   2.979 (r) | SLOW    |       inf |       inf |             - |
mdata_in_0[2][6]   |   1.180 (r) | FAST    |   3.062 (r) | SLOW    |       inf |       inf |             - |
mdata_in_0[2][7]   |   1.186 (r) | FAST    |   3.088 (r) | SLOW    |       inf |       inf |             - |
-------------------+-------------+---------+-------------+---------+-----------+-----------+---------------+
Worst Case Summary |   1.201 (r) | FAST    |   3.088 (r) | SLOW    |       inf |       inf |             - |
-------------------+-------------+---------+-------------+---------+-----------+-----------+---------------+



Setup / Hold times for input bus
Clocked by: i_clk
Worst Case Data Window: 4.289 ns
Ideal Clock Offset to Actual Clock: 0.944 ns
-------------------+-------------+---------+-------------+---------+-----------+-----------+---------------+
                   |             | Process |             | Process | Setup     |  Hold     | Source Offset |
Source             |   Setup(ns) | Corner  |    Hold(ns) | Corner  | Slack(ns) | Slack(ns) | to Center(ns) |
-------------------+-------------+---------+-------------+---------+-----------+-----------+---------------+
mdata_in_0[3][0]   |   1.200 (r) | FAST    |   2.923 (r) | SLOW    |       inf |       inf |             - |
mdata_in_0[3][1]   |   0.988 (r) | FAST    |   2.955 (r) | SLOW    |       inf |       inf |             - |
mdata_in_0[3][2]   |   1.201 (r) | FAST    |   2.966 (r) | SLOW    |       inf |       inf |             - |
mdata_in_0[3][3]   |   1.166 (r) | FAST    |   2.965 (r) | SLOW    |       inf |       inf |             - |
mdata_in_0[3][4]   |   1.182 (r) | FAST    |   2.977 (r) | SLOW    |       inf |       inf |             - |
mdata_in_0[3][5]   |   1.192 (r) | FAST    |   2.979 (r) | SLOW    |       inf |       inf |             - |
mdata_in_0[3][6]   |   1.180 (r) | FAST    |   3.062 (r) | SLOW    |       inf |       inf |             - |
mdata_in_0[3][7]   |   1.186 (r) | FAST    |   3.088 (r) | SLOW    |       inf |       inf |             - |
-------------------+-------------+---------+-------------+---------+-----------+-----------+---------------+
Worst Case Summary |   1.201 (r) | FAST    |   3.088 (r) | SLOW    |       inf |       inf |             - |
-------------------+-------------+---------+-------------+---------+-----------+-----------+---------------+



Setup / Hold times for input bus
Clocked by: i_clk
Worst Case Data Window: 4.309 ns
Ideal Clock Offset to Actual Clock: 0.934 ns
-------------------+-------------+---------+-------------+---------+-----------+-----------+---------------+
                   |             | Process |             | Process | Setup     |  Hold     | Source Offset |
Source             |   Setup(ns) | Corner  |    Hold(ns) | Corner  | Slack(ns) | Slack(ns) | to Center(ns) |
-------------------+-------------+---------+-------------+---------+-----------+-----------+---------------+
mdata_in_0[4][0]   |   1.220 (r) | FAST    |   2.923 (r) | SLOW    |       inf |       inf |             - |
mdata_in_0[4][1]   |   1.008 (r) | FAST    |   2.955 (r) | SLOW    |       inf |       inf |             - |
mdata_in_0[4][2]   |   1.221 (r) | FAST    |   2.966 (r) | SLOW    |       inf |       inf |             - |
mdata_in_0[4][3]   |   1.166 (r) | FAST    |   2.965 (r) | SLOW    |       inf |       inf |             - |
mdata_in_0[4][4]   |   1.183 (r) | FAST    |   2.977 (r) | SLOW    |       inf |       inf |             - |
mdata_in_0[4][5]   |   1.212 (r) | FAST    |   2.979 (r) | SLOW    |       inf |       inf |             - |
mdata_in_0[4][6]   |   1.160 (r) | FAST    |   3.062 (r) | SLOW    |       inf |       inf |             - |
mdata_in_0[4][7]   |   1.186 (r) | FAST    |   3.088 (r) | SLOW    |       inf |       inf |             - |
-------------------+-------------+---------+-------------+---------+-----------+-----------+---------------+
Worst Case Summary |   1.221 (r) | FAST    |   3.088 (r) | SLOW    |       inf |       inf |             - |
-------------------+-------------+---------+-------------+---------+-----------+-----------+---------------+



Setup / Hold times for input bus
Clocked by: i_clk
Worst Case Data Window: 4.309 ns
Ideal Clock Offset to Actual Clock: 0.934 ns
-------------------+-------------+---------+-------------+---------+-----------+-----------+---------------+
                   |             | Process |             | Process | Setup     |  Hold     | Source Offset |
Source             |   Setup(ns) | Corner  |    Hold(ns) | Corner  | Slack(ns) | Slack(ns) | to Center(ns) |
-------------------+-------------+---------+-------------+---------+-----------+-----------+---------------+
mdata_in_0[5][0]   |   1.220 (r) | FAST    |   2.923 (r) | SLOW    |       inf |       inf |             - |
mdata_in_0[5][1]   |   1.008 (r) | FAST    |   2.955 (r) | SLOW    |       inf |       inf |             - |
mdata_in_0[5][2]   |   1.221 (r) | FAST    |   2.966 (r) | SLOW    |       inf |       inf |             - |
mdata_in_0[5][3]   |   1.166 (r) | FAST    |   2.965 (r) | SLOW    |       inf |       inf |             - |
mdata_in_0[5][4]   |   1.183 (r) | FAST    |   2.977 (r) | SLOW    |       inf |       inf |             - |
mdata_in_0[5][5]   |   1.212 (r) | FAST    |   2.979 (r) | SLOW    |       inf |       inf |             - |
mdata_in_0[5][6]   |   1.160 (r) | FAST    |   3.062 (r) | SLOW    |       inf |       inf |             - |
mdata_in_0[5][7]   |   1.186 (r) | FAST    |   3.088 (r) | SLOW    |       inf |       inf |             - |
-------------------+-------------+---------+-------------+---------+-----------+-----------+---------------+
Worst Case Summary |   1.221 (r) | FAST    |   3.088 (r) | SLOW    |       inf |       inf |             - |
-------------------+-------------+---------+-------------+---------+-----------+-----------+---------------+



Setup / Hold times for input bus
Clocked by: i_clk
Worst Case Data Window: 4.309 ns
Ideal Clock Offset to Actual Clock: 0.934 ns
-------------------+-------------+---------+-------------+---------+-----------+-----------+---------------+
                   |             | Process |             | Process | Setup     |  Hold     | Source Offset |
Source             |   Setup(ns) | Corner  |    Hold(ns) | Corner  | Slack(ns) | Slack(ns) | to Center(ns) |
-------------------+-------------+---------+-------------+---------+-----------+-----------+---------------+
mdata_in_0[6][0]   |   1.220 (r) | FAST    |   2.923 (r) | SLOW    |       inf |       inf |             - |
mdata_in_0[6][1]   |   1.008 (r) | FAST    |   2.955 (r) | SLOW    |       inf |       inf |             - |
mdata_in_0[6][2]   |   1.221 (r) | FAST    |   2.966 (r) | SLOW    |       inf |       inf |             - |
mdata_in_0[6][3]   |   1.166 (r) | FAST    |   2.965 (r) | SLOW    |       inf |       inf |             - |
mdata_in_0[6][4]   |   1.183 (r) | FAST    |   2.977 (r) | SLOW    |       inf |       inf |             - |
mdata_in_0[6][5]   |   1.212 (r) | FAST    |   2.979 (r) | SLOW    |       inf |       inf |             - |
mdata_in_0[6][6]   |   1.160 (r) | FAST    |   3.062 (r) | SLOW    |       inf |       inf |             - |
mdata_in_0[6][7]   |   1.186 (r) | FAST    |   3.088 (r) | SLOW    |       inf |       inf |             - |
-------------------+-------------+---------+-------------+---------+-----------+-----------+---------------+
Worst Case Summary |   1.221 (r) | FAST    |   3.088 (r) | SLOW    |       inf |       inf |             - |
-------------------+-------------+---------+-------------+---------+-----------+-----------+---------------+



Setup / Hold times for input bus
Clocked by: i_clk
Worst Case Data Window: 4.309 ns
Ideal Clock Offset to Actual Clock: 0.934 ns
-------------------+-------------+---------+-------------+---------+-----------+-----------+---------------+
                   |             | Process |             | Process | Setup     |  Hold     | Source Offset |
Source             |   Setup(ns) | Corner  |    Hold(ns) | Corner  | Slack(ns) | Slack(ns) | to Center(ns) |
-------------------+-------------+---------+-------------+---------+-----------+-----------+---------------+
mdata_in_0[7][0]   |   1.220 (r) | FAST    |   2.923 (r) | SLOW    |       inf |       inf |             - |
mdata_in_0[7][1]   |   1.008 (r) | FAST    |   2.955 (r) | SLOW    |       inf |       inf |             - |
mdata_in_0[7][2]   |   1.221 (r) | FAST    |   2.966 (r) | SLOW    |       inf |       inf |             - |
mdata_in_0[7][3]   |   1.166 (r) | FAST    |   2.965 (r) | SLOW    |       inf |       inf |             - |
mdata_in_0[7][4]   |   1.183 (r) | FAST    |   2.977 (r) | SLOW    |       inf |       inf |             - |
mdata_in_0[7][5]   |   1.212 (r) | FAST    |   2.979 (r) | SLOW    |       inf |       inf |             - |
mdata_in_0[7][6]   |   1.160 (r) | FAST    |   3.062 (r) | SLOW    |       inf |       inf |             - |
mdata_in_0[7][7]   |   1.186 (r) | FAST    |   3.088 (r) | SLOW    |       inf |       inf |             - |
-------------------+-------------+---------+-------------+---------+-----------+-----------+---------------+
Worst Case Summary |   1.221 (r) | FAST    |   3.088 (r) | SLOW    |       inf |       inf |             - |
-------------------+-------------+---------+-------------+---------+-----------+-----------+---------------+



Max / Min delays for output bus
Clocked by: i_clk
Bus Skew: 0.529 ns
-------------------+-------------+---------+-------------+---------+----------+
                   |     Max     | Process |     Min     | Process | Edge     |
Pad                |   Delay(ns) | Corner  |   Delay(ns) | Corner  | Skew(ns) |
-------------------+-------------+---------+-------------+---------+----------+
edata_out_0[0]     |   7.466 (r) | SLOW    |   3.622 (r) | FAST    |    0.000 |
edata_out_0[1]     |   7.662 (r) | SLOW    |   3.733 (r) | FAST    |    0.196 |
edata_out_0[2]     |   7.699 (r) | SLOW    |   3.751 (r) | FAST    |    0.233 |
edata_out_0[3]     |   7.677 (r) | SLOW    |   3.728 (r) | FAST    |    0.211 |
edata_out_0[4]     |   7.699 (r) | SLOW    |   3.745 (r) | FAST    |    0.233 |
edata_out_0[5]     |   7.776 (r) | SLOW    |   3.723 (r) | FAST    |    0.310 |
edata_out_0[6]     |   7.971 (r) | SLOW    |   3.723 (r) | FAST    |    0.505 |
edata_out_0[7]     |   7.995 (r) | SLOW    |   3.743 (r) | FAST    |    0.529 |
-------------------+-------------+---------+-------------+---------+----------+
Worst Case Summary |   7.995 (r) | SLOW    |   3.622 (r) | FAST    |    0.529 |
-------------------+-------------+---------+-------------+---------+----------+



Max / Min delays for output bus
Clocked by: i_clk
Bus Skew: 3.279 ns
-------------------+--------------+---------+-------------+---------+----------+
                   |      Max     | Process |     Min     | Process | Edge     |
Pad                |    Delay(ns) | Corner  |   Delay(ns) | Corner  | Skew(ns) |
-------------------+--------------+---------+-------------+---------+----------+
mdata_out_0[0][0]  |   11.357 (r) | SLOW    |   3.861 (r) | FAST    |    3.279 |
mdata_out_0[0][1]  |   10.902 (r) | SLOW    |   3.885 (r) | FAST    |    2.824 |
mdata_out_0[0][2]  |   10.327 (r) | SLOW    |   3.885 (r) | FAST    |    2.249 |
mdata_out_0[0][3]  |    9.822 (r) | SLOW    |   3.885 (r) | FAST    |    1.744 |
mdata_out_0[0][4]  |    9.247 (r) | SLOW    |   3.882 (r) | FAST    |    1.169 |
mdata_out_0[0][5]  |    8.742 (r) | SLOW    |   3.860 (r) | FAST    |    0.664 |
mdata_out_0[0][6]  |    8.078 (r) | SLOW    |   3.807 (r) | FAST    |    0.000 |
-------------------+--------------+---------+-------------+---------+----------+
Worst Case Summary |   11.357 (r) | SLOW    |   3.807 (r) | FAST    |    3.279 |
-------------------+--------------+---------+-------------+---------+----------+



Max / Min delays for output bus
Clocked by: i_clk
Bus Skew: 3.279 ns
-------------------+--------------+---------+-------------+---------+----------+
                   |      Max     | Process |     Min     | Process | Edge     |
Pad                |    Delay(ns) | Corner  |   Delay(ns) | Corner  | Skew(ns) |
-------------------+--------------+---------+-------------+---------+----------+
mdata_out_0[1][0]  |   11.357 (r) | SLOW    |   3.861 (r) | FAST    |    3.279 |
mdata_out_0[1][1]  |   10.902 (r) | SLOW    |   3.885 (r) | FAST    |    2.824 |
mdata_out_0[1][2]  |   10.327 (r) | SLOW    |   3.885 (r) | FAST    |    2.249 |
mdata_out_0[1][3]  |    9.822 (r) | SLOW    |   3.885 (r) | FAST    |    1.744 |
mdata_out_0[1][4]  |    9.247 (r) | SLOW    |   3.882 (r) | FAST    |    1.169 |
mdata_out_0[1][5]  |    8.742 (r) | SLOW    |   3.860 (r) | FAST    |    0.664 |
mdata_out_0[1][6]  |    8.078 (r) | SLOW    |   3.807 (r) | FAST    |    0.000 |
-------------------+--------------+---------+-------------+---------+----------+
Worst Case Summary |   11.357 (r) | SLOW    |   3.807 (r) | FAST    |    3.279 |
-------------------+--------------+---------+-------------+---------+----------+



Max / Min delays for output bus
Clocked by: i_clk
Bus Skew: 3.279 ns
-------------------+--------------+---------+-------------+---------+----------+
                   |      Max     | Process |     Min     | Process | Edge     |
Pad                |    Delay(ns) | Corner  |   Delay(ns) | Corner  | Skew(ns) |
-------------------+--------------+---------+-------------+---------+----------+
mdata_out_0[2][0]  |   11.357 (r) | SLOW    |   3.861 (r) | FAST    |    3.279 |
mdata_out_0[2][1]  |   10.902 (r) | SLOW    |   3.885 (r) | FAST    |    2.824 |
mdata_out_0[2][2]  |   10.327 (r) | SLOW    |   3.885 (r) | FAST    |    2.249 |
mdata_out_0[2][3]  |    9.822 (r) | SLOW    |   3.885 (r) | FAST    |    1.744 |
mdata_out_0[2][4]  |    9.247 (r) | SLOW    |   3.882 (r) | FAST    |    1.169 |
mdata_out_0[2][5]  |    8.742 (r) | SLOW    |   3.860 (r) | FAST    |    0.664 |
mdata_out_0[2][6]  |    8.078 (r) | SLOW    |   3.807 (r) | FAST    |    0.000 |
-------------------+--------------+---------+-------------+---------+----------+
Worst Case Summary |   11.357 (r) | SLOW    |   3.807 (r) | FAST    |    3.279 |
-------------------+--------------+---------+-------------+---------+----------+



Max / Min delays for output bus
Clocked by: i_clk
Bus Skew: 3.279 ns
-------------------+--------------+---------+-------------+---------+----------+
                   |      Max     | Process |     Min     | Process | Edge     |
Pad                |    Delay(ns) | Corner  |   Delay(ns) | Corner  | Skew(ns) |
-------------------+--------------+---------+-------------+---------+----------+
mdata_out_0[3][0]  |   11.357 (r) | SLOW    |   3.861 (r) | FAST    |    3.279 |
mdata_out_0[3][1]  |   10.902 (r) | SLOW    |   3.885 (r) | FAST    |    2.824 |
mdata_out_0[3][2]  |   10.327 (r) | SLOW    |   3.885 (r) | FAST    |    2.249 |
mdata_out_0[3][3]  |    9.822 (r) | SLOW    |   3.885 (r) | FAST    |    1.744 |
mdata_out_0[3][4]  |    9.247 (r) | SLOW    |   3.882 (r) | FAST    |    1.169 |
mdata_out_0[3][5]  |    8.742 (r) | SLOW    |   3.860 (r) | FAST    |    0.664 |
mdata_out_0[3][6]  |    8.078 (r) | SLOW    |   3.807 (r) | FAST    |    0.000 |
-------------------+--------------+---------+-------------+---------+----------+
Worst Case Summary |   11.357 (r) | SLOW    |   3.807 (r) | FAST    |    3.279 |
-------------------+--------------+---------+-------------+---------+----------+



Max / Min delays for output bus
Clocked by: i_clk
Bus Skew: 3.279 ns
-------------------+--------------+---------+-------------+---------+----------+
                   |      Max     | Process |     Min     | Process | Edge     |
Pad                |    Delay(ns) | Corner  |   Delay(ns) | Corner  | Skew(ns) |
-------------------+--------------+---------+-------------+---------+----------+
mdata_out_0[4][0]  |   11.357 (r) | SLOW    |   3.861 (r) | FAST    |    3.279 |
mdata_out_0[4][1]  |   10.902 (r) | SLOW    |   3.885 (r) | FAST    |    2.824 |
mdata_out_0[4][2]  |   10.327 (r) | SLOW    |   3.885 (r) | FAST    |    2.249 |
mdata_out_0[4][3]  |    9.822 (r) | SLOW    |   3.885 (r) | FAST    |    1.744 |
mdata_out_0[4][4]  |    9.247 (r) | SLOW    |   3.882 (r) | FAST    |    1.169 |
mdata_out_0[4][5]  |    8.742 (r) | SLOW    |   3.860 (r) | FAST    |    0.664 |
mdata_out_0[4][6]  |    8.078 (r) | SLOW    |   3.807 (r) | FAST    |    0.000 |
-------------------+--------------+---------+-------------+---------+----------+
Worst Case Summary |   11.357 (r) | SLOW    |   3.807 (r) | FAST    |    3.279 |
-------------------+--------------+---------+-------------+---------+----------+



Max / Min delays for output bus
Clocked by: i_clk
Bus Skew: 3.279 ns
-------------------+--------------+---------+-------------+---------+----------+
                   |      Max     | Process |     Min     | Process | Edge     |
Pad                |    Delay(ns) | Corner  |   Delay(ns) | Corner  | Skew(ns) |
-------------------+--------------+---------+-------------+---------+----------+
mdata_out_0[5][0]  |   11.357 (r) | SLOW    |   3.861 (r) | FAST    |    3.279 |
mdata_out_0[5][1]  |   10.902 (r) | SLOW    |   3.885 (r) | FAST    |    2.824 |
mdata_out_0[5][2]  |   10.327 (r) | SLOW    |   3.885 (r) | FAST    |    2.249 |
mdata_out_0[5][3]  |    9.822 (r) | SLOW    |   3.885 (r) | FAST    |    1.744 |
mdata_out_0[5][4]  |    9.247 (r) | SLOW    |   3.882 (r) | FAST    |    1.169 |
mdata_out_0[5][5]  |    8.742 (r) | SLOW    |   3.860 (r) | FAST    |    0.664 |
mdata_out_0[5][6]  |    8.078 (r) | SLOW    |   3.807 (r) | FAST    |    0.000 |
-------------------+--------------+---------+-------------+---------+----------+
Worst Case Summary |   11.357 (r) | SLOW    |   3.807 (r) | FAST    |    3.279 |
-------------------+--------------+---------+-------------+---------+----------+



Max / Min delays for output bus
Clocked by: i_clk
Bus Skew: 3.279 ns
-------------------+--------------+---------+-------------+---------+----------+
                   |      Max     | Process |     Min     | Process | Edge     |
Pad                |    Delay(ns) | Corner  |   Delay(ns) | Corner  | Skew(ns) |
-------------------+--------------+---------+-------------+---------+----------+
mdata_out_0[6][0]  |   11.357 (r) | SLOW    |   3.861 (r) | FAST    |    3.279 |
mdata_out_0[6][1]  |   10.902 (r) | SLOW    |   3.885 (r) | FAST    |    2.824 |
mdata_out_0[6][2]  |   10.327 (r) | SLOW    |   3.885 (r) | FAST    |    2.249 |
mdata_out_0[6][3]  |    9.822 (r) | SLOW    |   3.885 (r) | FAST    |    1.744 |
mdata_out_0[6][4]  |    9.247 (r) | SLOW    |   3.882 (r) | FAST    |    1.169 |
mdata_out_0[6][5]  |    8.742 (r) | SLOW    |   3.860 (r) | FAST    |    0.664 |
mdata_out_0[6][6]  |    8.078 (r) | SLOW    |   3.807 (r) | FAST    |    0.000 |
-------------------+--------------+---------+-------------+---------+----------+
Worst Case Summary |   11.357 (r) | SLOW    |   3.807 (r) | FAST    |    3.279 |
-------------------+--------------+---------+-------------+---------+----------+



Max / Min delays for output bus
Clocked by: i_clk
Bus Skew: 3.279 ns
-------------------+--------------+---------+-------------+---------+----------+
                   |      Max     | Process |     Min     | Process | Edge     |
Pad                |    Delay(ns) | Corner  |   Delay(ns) | Corner  | Skew(ns) |
-------------------+--------------+---------+-------------+---------+----------+
mdata_out_0[7][0]  |   11.357 (r) | SLOW    |   3.861 (r) | FAST    |    3.279 |
mdata_out_0[7][1]  |   10.902 (r) | SLOW    |   3.885 (r) | FAST    |    2.824 |
mdata_out_0[7][2]  |   10.327 (r) | SLOW    |   3.885 (r) | FAST    |    2.249 |
mdata_out_0[7][3]  |    9.822 (r) | SLOW    |   3.885 (r) | FAST    |    1.744 |
mdata_out_0[7][4]  |    9.247 (r) | SLOW    |   3.882 (r) | FAST    |    1.169 |
mdata_out_0[7][5]  |    8.742 (r) | SLOW    |   3.860 (r) | FAST    |    0.664 |
mdata_out_0[7][6]  |    8.078 (r) | SLOW    |   3.807 (r) | FAST    |    0.000 |
-------------------+--------------+---------+-------------+---------+----------+
Worst Case Summary |   11.357 (r) | SLOW    |   3.807 (r) | FAST    |    3.279 |
-------------------+--------------+---------+-------------+---------+----------+




