Copyright 1986-2022 Xilinx, Inc. All Rights Reserved. Copyright 2022-2024 Advanced Micro Devices, Inc. All Rights Reserved.
-------------------------------------------------------------------------------------------------------------------------------------------------------------------------------------------------------------------------------------------------------------------------------------------------
| Tool Version      : Vivado v.2024.2 (lin64) Build 5239630 Fri Nov 08 22:34:34 MST 2024
| Date              : Fri Jan 16 05:42:32 2026
| Host              : ee-kraken running 64-bit Red Hat Enterprise Linux 9.5 (Plow)
| Command           : report_timing_summary -datasheet -file ./src/attention/synth_output_softmax/mxint_softmax_S_q_16_S_kv_16_d_kq_16_d_v_16_k_16_scale_width_8_M1_E_2_M1_M_3_M2_E_2_M2_M_3_M3_E_2_M3_M_3_ACCUM_METHOD_KULISCH_KULISCH_KULISCH_DSP_auto_auto_auto_time_20260116_0539_timing.rpt
| Design            : mxint_softmax
| Device            : xcv80-lsva4737
| Speed File        : -2MHP  PRODUCTION 2.04 2024-08-06
| Design State      : Synthesized
| Temperature Grade : E
-------------------------------------------------------------------------------------------------------------------------------------------------------------------------------------------------------------------------------------------------------------------------------------------------

Timing Summary Report

------------------------------------------------------------------------------------------------
| Timer Settings
| --------------
------------------------------------------------------------------------------------------------

  Enable Multi Corner Analysis               :  Yes
  Enable Pessimism Removal                   :  Yes
  Pessimism Removal Resolution               :  Nearest Common Node
  Enable Input Delay Default Clock           :  No
  Enable Preset / Clear Arcs                 :  No
  Disable Flight Delays                      :  No
  Ignore I/O Paths                           :  No
  Timing Early Launch at Borrowing Latches   :  No
  Borrow Time for Max Delay Exceptions       :  Yes
  Merge Timing Exceptions                    :  Yes
  Inter-SLR Compensation                     :  Conservative

  Corner  Analyze    Analyze    
  Name    Max Paths  Min Paths  
  ------  ---------  ---------  
  Slow    Yes        Yes        
  Fast    Yes        Yes        


------------------------------------------------------------------------------------------------
| Report Methodology
| ------------------
------------------------------------------------------------------------------------------------

No report available as report_methodology has not been run prior. Run report_methodology on the current design for the summary of methodology violations.



check_timing report

Table of Contents
-----------------
1. checking no_clock (0)
2. checking constant_clock (0)
3. checking pulse_width_clock (0)
4. checking unconstrained_internal_endpoints (0)
5. checking no_input_delay (104)
6. checking no_output_delay (105)
7. checking multiple_clock (0)
8. checking generated_clocks (0)
9. checking loops (0)
10. checking partial_input_delay (0)
11. checking partial_output_delay (0)
12. checking latch_loops (0)

1. checking no_clock (0)
------------------------
 There are 0 register/latch pins with no clock.


2. checking constant_clock (0)
------------------------------
 There are 0 register/latch pins with constant_clock.


3. checking pulse_width_clock (0)
---------------------------------
 There are 0 register/latch pins which need pulse_width check


4. checking unconstrained_internal_endpoints (0)
------------------------------------------------
 There are 0 pins that are not constrained for maximum delay.

 There are 0 pins that are not constrained for maximum delay due to constant clock.


5. checking no_input_delay (104)
--------------------------------
 There are 104 input ports with no input delay specified. (HIGH)

 There are 0 input ports with no input delay but user has a false path constraint.


6. checking no_output_delay (105)
---------------------------------
 There are 105 ports with no output delay specified. (HIGH)

 There are 0 ports with no output delay but user has a false path constraint

 There are 0 ports with no output delay but with a timing clock defined on it or propagating through it


7. checking multiple_clock (0)
------------------------------
 There are 0 register/latch pins with multiple clocks.


8. checking generated_clocks (0)
--------------------------------
 There are 0 generated clocks that are not connected to a clock source.


9. checking loops (0)
---------------------
 There are 0 combinational loops in the design.


10. checking partial_input_delay (0)
------------------------------------
 There are 0 input ports with partial input delay specified.


11. checking partial_output_delay (0)
-------------------------------------
 There are 0 ports with partial output delay specified.


12. checking latch_loops (0)
----------------------------
 There are 0 combinational latch loops in the design through latch input



------------------------------------------------------------------------------------------------
| Design Timing Summary
| ---------------------
------------------------------------------------------------------------------------------------

    WNS(ns)      TNS(ns)  TNS Failing Endpoints  TNS Total Endpoints      WHS(ns)      THS(ns)  THS Failing Endpoints  THS Total Endpoints     WPWS(ns)     TPWS(ns)  TPWS Failing Endpoints  TPWS Total Endpoints  
    -------      -------  ---------------------  -------------------      -------      -------  ---------------------  -------------------     --------     --------  ----------------------  --------------------  
      2.065        0.000                      0                 1622       -0.305     -216.169                   1606                 1622        1.894        0.000                       0                   857  


Timing constraints are not met.


------------------------------------------------------------------------------------------------
| Clock Summary
| -------------
------------------------------------------------------------------------------------------------

Clock  Waveform(ns)         Period(ns)      Frequency(MHz)
-----  ------------         ----------      --------------
i_clk  {0.000 2.500}        5.000           200.000         


------------------------------------------------------------------------------------------------
| Intra Clock Table
| -----------------
------------------------------------------------------------------------------------------------

Clock             WNS(ns)      TNS(ns)  TNS Failing Endpoints  TNS Total Endpoints      WHS(ns)      THS(ns)  THS Failing Endpoints  THS Total Endpoints     WPWS(ns)     TPWS(ns)  TPWS Failing Endpoints  TPWS Total Endpoints  
-----             -------      -------  ---------------------  -------------------      -------      -------  ---------------------  -------------------     --------     --------  ----------------------  --------------------  
i_clk               2.065        0.000                      0                 1622       -0.305     -216.169                   1606                 1622        1.894        0.000                       0                   857  


------------------------------------------------------------------------------------------------
| Inter Clock Table
| -----------------
------------------------------------------------------------------------------------------------

From Clock    To Clock          WNS(ns)      TNS(ns)  TNS Failing Endpoints  TNS Total Endpoints      WHS(ns)      THS(ns)  THS Failing Endpoints  THS Total Endpoints  
----------    --------          -------      -------  ---------------------  -------------------      -------      -------  ---------------------  -------------------  


------------------------------------------------------------------------------------------------
| Other Path Groups Table
| -----------------------
------------------------------------------------------------------------------------------------

Path Group    From Clock    To Clock          WNS(ns)      TNS(ns)  TNS Failing Endpoints  TNS Total Endpoints      WHS(ns)      THS(ns)  THS Failing Endpoints  THS Total Endpoints  
----------    ----------    --------          -------      -------  ---------------------  -------------------      -------      -------  ---------------------  -------------------  


------------------------------------------------------------------------------------------------
| Timing Details
| --------------
------------------------------------------------------------------------------------------------


---------------------------------------------------------------------------------------------------
From Clock:  i_clk
  To Clock:  i_clk

Setup :            0  Failing Endpoints,  Worst Slack        2.065ns,  Total Violation        0.000ns
Hold  :         1606  Failing Endpoints,  Worst Slack       -0.305ns,  Total Violation     -216.169ns
PW    :            0  Failing Endpoints,  Worst Slack        1.894ns,  Total Violation        0.000ns
---------------------------------------------------------------------------------------------------


Max Delay Paths
--------------------------------------------------------------------------------------
Slack (MET) :             2.065ns  (required time - arrival time)
  Source:                 cast_exp_inst/data_in_0_unpacked_mx_split2_with_data_i/fifo_out_reg_slice/register_slice_i/data_out_reg[100]/C
                            (rising edge-triggered cell FDRE clocked by i_clk  {rise@0.000ns fall@2.500ns period=5.000ns})
  Destination:            cast_exp_inst/output_skid_buffer/register_slice_i/data_out_reg[10]_bret/D
                            (rising edge-triggered cell FDRE clocked by i_clk  {rise@0.000ns fall@2.500ns period=5.000ns})
  Path Group:             i_clk
  Path Type:              Setup (Max at Slow Process Corner)
  Requirement:            5.000ns  (i_clk rise@5.000ns - i_clk rise@0.000ns)
  Data Path Delay:        2.513ns  (logic 0.888ns (35.336%)  route 1.625ns (64.664%))
  Logic Levels:           9  (LOOKAHEAD8=1 LUT3=1 LUT4=1 LUT5=1 LUT6=3 LUTCY1=2)
  Clock Path Skew:        -0.351ns (DCD - SCD + CPR)
    Destination Clock Delay (DCD):    3.826ns = ( 8.826 - 5.000 ) 
    Source Clock Delay      (SCD):    4.685ns
    Clock Pessimism Removal (CPR):    0.508ns
  Clock Uncertainty:      0.078ns  (CJ)/2 + PE + PJ
    Clock Jitter             (CJ):    0.155ns
    Phase Error              (PE):    0.000ns
    Phase Jitter             (PJ):    0.000ns

    Location             Delay type                Incr(ns)  Path(ns)    Netlist Resource(s)
  -------------------------------------------------------------------    -------------------
                         (clock i_clk rise edge)      0.000     0.000 r  
                                                      0.000     0.000 r  i_clk (IN)
                         net (fo=0)                   0.000     0.000    i_clk
                         IBUF (Prop_IBUF_I_O)         0.685     0.685 r  i_clk_IBUF_inst/O
                         net (fo=1, unplaced)         0.738     1.423    i_clk_IBUF
                         BUFGCE (Prop_BUFGCE_I_O)     0.078     1.501 r  i_clk_IBUF_BUFG_inst/O
                         net (fo=856, unplaced)       3.184     4.685    cast_exp_inst/data_in_0_unpacked_mx_split2_with_data_i/fifo_out_reg_slice/register_slice_i/i_clk_IBUF_BUFG
                         FDRE                                         r  cast_exp_inst/data_in_0_unpacked_mx_split2_with_data_i/fifo_out_reg_slice/register_slice_i/data_out_reg[100]/C
  -------------------------------------------------------------------    -------------------
                         FDRE (Prop_FDRE_C_Q)         0.090     4.775 r  cast_exp_inst/data_in_0_unpacked_mx_split2_with_data_i/fifo_out_reg_slice/register_slice_i/data_out_reg[100]/Q
                         net (fo=11, unplaced)        0.190     4.965    cast_exp_inst/data_in_0_unpacked_mx_split2_with_data_i/fifo_out_reg_slice/register_slice_i/data_out_reg[100]_0
                         LUT3 (Prop_LUT3_I2_O)        0.082     5.047 r  cast_exp_inst/data_in_0_unpacked_mx_split2_with_data_i/fifo_out_reg_slice/register_slice_i/data_out[2]_bret_i_29/O
                         net (fo=4, unplaced)         0.201     5.248    cast_exp_inst/log2_reg_slice/data_out_reg[2]_bret_i_26/I0
                         LUTCY1 (Prop_LUTCY1_I0_PROP)
                                                      0.133     5.381 r  cast_exp_inst/log2_reg_slice/data_out_reg[2]_bret_i_26/LUTCY1_INST/PROP
                         net (fo=1, unplaced)         0.001     5.382    cast_exp_inst/log2_reg_slice/data_out_reg[2]_bret_i_26_n_3
                         LOOKAHEAD8 (Prop_LOOKAHEAD8_PROPH_COUTH)
                                                      0.129     5.511 r  cast_exp_inst/log2_reg_slice/data_out_reg[2]_bret_i_28/COUTH
                         net (fo=3, unplaced)         0.166     5.677    cast_exp_inst/log2_reg_slice/data_out_reg[2]_bret_i_22/I4
                         LUTCY1 (Prop_LUTCY1_I4_O)    0.057     5.734 f  cast_exp_inst/log2_reg_slice/data_out_reg[2]_bret_i_22/LUTCY1_INST/O
                         net (fo=5, unplaced)         0.214     5.948    cast_exp_inst/log2_reg_slice/shift_value[8]
                         LUT6 (Prop_LUT6_I4_O)        0.051     5.999 f  cast_exp_inst/log2_reg_slice/data_out[2]_bret_i_23/O
                         net (fo=84, unplaced)        0.207     6.206    cast_exp_inst/log2_reg_slice/data_out[2]_bret_i_23_n_0
                         LUT4 (Prop_LUT4_I0_O)        0.096     6.302 f  cast_exp_inst/log2_reg_slice/data_out[4]_bret__1_i_5/O
                         net (fo=32, unplaced)        0.259     6.561    cast_exp_inst/log2_reg_slice/data_out_reg[98]
                         LUT6 (Prop_LUT6_I1_O)        0.088     6.649 r  cast_exp_inst/log2_reg_slice/data_out[8]_bret__0_i_5/O
                         net (fo=1, unplaced)         0.126     6.775    cast_exp_inst/log2_reg_slice/data_out[8]_bret__0_i_5_n_0
                         LUT5 (Prop_LUT5_I2_O)        0.074     6.849 f  cast_exp_inst/log2_reg_slice/data_out[8]_bret__0_i_4/O
                         net (fo=1, unplaced)         0.199     7.048    cast_exp_inst/log2_reg_slice/data_out[8]_bret__0_i_4_n_0
                         LUT6 (Prop_LUT6_I2_O)        0.088     7.136 r  cast_exp_inst/log2_reg_slice/data_out[8]_bret__0_i_1/O
                         net (fo=2, unplaced)         0.062     7.198    cast_exp_inst/output_skid_buffer/register_slice_i/data_out_reg[10]_bret_0
                         FDRE                                         r  cast_exp_inst/output_skid_buffer/register_slice_i/data_out_reg[10]_bret/D
  -------------------------------------------------------------------    -------------------

                         (clock i_clk rise edge)      5.000     5.000 r  
                                                      0.000     5.000 r  i_clk (IN)
                         net (fo=0)                   0.000     5.000    i_clk
                         IBUF (Prop_IBUF_I_O)         0.377     5.377 r  i_clk_IBUF_inst/O
                         net (fo=1, unplaced)         0.646     6.023    i_clk_IBUF
                         BUFGCE (Prop_BUFGCE_I_O)     0.063     6.086 r  i_clk_IBUF_BUFG_inst/O
                         net (fo=856, unplaced)       2.740     8.826    cast_exp_inst/output_skid_buffer/register_slice_i/i_clk_IBUF_BUFG
                         FDRE                                         r  cast_exp_inst/output_skid_buffer/register_slice_i/data_out_reg[10]_bret/C
                         clock pessimism              0.508     9.334    
                         clock uncertainty           -0.078     9.257    
                         FDRE (Setup_FDRE_C_D)        0.007     9.264    cast_exp_inst/output_skid_buffer/register_slice_i/data_out_reg[10]_bret
  -------------------------------------------------------------------
                         required time                          9.264    
                         arrival time                          -7.198    
  -------------------------------------------------------------------
                         slack                                  2.065    





Min Delay Paths
--------------------------------------------------------------------------------------
Slack (VIOLATED) :        -0.305ns  (arrival time - required time)
  Source:                 edata_delay_line_reg[3][0]_srl4/CLK
                            (rising edge-triggered cell SRL16E clocked by i_clk  {rise@0.000ns fall@2.500ns period=5.000ns})
  Destination:            edata_delay_line_reg[4][0]/D
                            (rising edge-triggered cell FDRE clocked by i_clk  {rise@0.000ns fall@2.500ns period=5.000ns})
  Path Group:             i_clk
  Path Type:              Hold (Min at Fast Process Corner)
  Requirement:            0.000ns  (i_clk rise@0.000ns - i_clk rise@0.000ns)
  Data Path Delay:        0.130ns  (logic 0.114ns (87.692%)  route 0.016ns (12.308%))
  Logic Levels:           0  
  Clock Path Skew:        0.400ns (DCD - SCD - CPR)
    Destination Clock Delay (DCD):    3.335ns
    Source Clock Delay      (SCD):    2.626ns
    Clock Pessimism Removal (CPR):    0.309ns

    Location             Delay type                Incr(ns)  Path(ns)    Netlist Resource(s)
  -------------------------------------------------------------------    -------------------
                         (clock i_clk rise edge)      0.000     0.000 r  
                                                      0.000     0.000 r  i_clk (IN)
                         net (fo=0)                   0.000     0.000    i_clk
                         IBUF (Prop_IBUF_I_O)         0.313     0.313 r  i_clk_IBUF_inst/O
                         net (fo=1, unplaced)         0.414     0.727    i_clk_IBUF
                         BUFGCE (Prop_BUFGCE_I_O)     0.045     0.772 r  i_clk_IBUF_BUFG_inst/O
                         net (fo=856, unplaced)       1.854     2.626    i_clk_IBUF_BUFG
                         SRL16E                                       r  edata_delay_line_reg[3][0]_srl4/CLK
  -------------------------------------------------------------------    -------------------
                         SRL16E (Prop_SRL16E_CLK_Q)
                                                      0.114     2.740 r  edata_delay_line_reg[3][0]_srl4/Q
                         net (fo=1, unplaced)         0.016     2.756    edata_delay_line_reg[3][0]_srl4_n_0
                         FDRE                                         r  edata_delay_line_reg[4][0]/D
  -------------------------------------------------------------------    -------------------

                         (clock i_clk rise edge)      0.000     0.000 r  
                                                      0.000     0.000 r  i_clk (IN)
                         net (fo=0)                   0.000     0.000    i_clk
                         IBUF (Prop_IBUF_I_O)         0.473     0.473 r  i_clk_IBUF_inst/O
                         net (fo=1, unplaced)         0.527     1.000    i_clk_IBUF
                         BUFGCE (Prop_BUFGCE_I_O)     0.061     1.061 r  i_clk_IBUF_BUFG_inst/O
                         net (fo=856, unplaced)       2.273     3.335    i_clk_IBUF_BUFG
                         FDRE                                         r  edata_delay_line_reg[4][0]/C
                         clock pessimism             -0.309     3.026    
                         FDRE (Hold_FDRE_C_D)         0.035     3.061    edata_delay_line_reg[4][0]
  -------------------------------------------------------------------
                         required time                         -3.061    
                         arrival time                           2.756    
  -------------------------------------------------------------------
                         slack                                 -0.305    





Pulse Width Checks
--------------------------------------------------------------------------------------
Clock Name:         i_clk
Waveform(ns):       { 0.000 2.500 }
Period(ns):         5.000
Sources:            { i_clk }

Check Type        Corner  Lib Pin     Reference Pin  Required(ns)  Actual(ns)  Slack(ns)  Location  Pin
Min Period        n/a     SRL16E/CLK  n/a            1.213         5.000       3.787                edata_delay_line_reg[3][0]_srl4/CLK
Low Pulse Width   Slow    SRL16E/CLK  n/a            0.606         2.500       1.894                edata_delay_line_reg[3][0]_srl4/CLK
High Pulse Width  Slow    SRL16E/CLK  n/a            0.606         2.500       1.894                edata_delay_line_reg[3][0]_srl4/CLK



------------------------------------------------------------------------------------------------
| Data sheet
| ----------
------------------------------------------------------------------------------------------------

Input Ports Setup/Hold

----------+-------------------+---------+-------+---------------+---------+---------------+---------+----------+
Reference | Input             | IO Reg  | Delay |     Setup(ns) | Process |      Hold(ns) | Process | Internal |
Clock     | Port              | Type    | Type  | to Clk (Edge) | Corner  | to Clk (Edge) | Corner  | Clock    |
----------+-------------------+---------+-------+---------------+---------+---------------+---------+----------+
i_clk     | data_in_0_valid   | FDRE    | -     |    -0.939 (r) | FAST    |     3.462 (r) | SLOW    |          |
i_clk     | edata_in_0[0]     | FDRE    | -     |     0.547 (r) | FAST    |     3.153 (r) | SLOW    |          |
i_clk     | edata_in_0[1]     | FDRE    | -     |     0.543 (r) | FAST    |     3.134 (r) | SLOW    |          |
i_clk     | edata_in_0[2]     | FDRE    | -     |     0.510 (r) | FAST    |     3.153 (r) | SLOW    |          |
i_clk     | edata_in_0[3]     | FDRE    | -     |     0.503 (r) | FAST    |     3.164 (r) | SLOW    |          |
i_clk     | edata_in_0[4]     | FDRE    | -     |     0.491 (r) | FAST    |     3.175 (r) | SLOW    |          |
i_clk     | edata_in_0[5]     | FDRE    | -     |     0.380 (r) | FAST    |     3.184 (r) | SLOW    |          |
i_clk     | mdata_in_0[0][0]  | FDRE    | -     |     1.301 (r) | FAST    |     2.955 (r) | SLOW    |          |
i_clk     | mdata_in_0[0][1]  | FDRE    | -     |     1.314 (r) | FAST    |     2.929 (r) | SLOW    |          |
i_clk     | mdata_in_0[0][2]  | FDRE    | -     |     1.303 (r) | FAST    |     2.932 (r) | SLOW    |          |
i_clk     | mdata_in_0[0][3]  | FDRE    | -     |     1.314 (r) | FAST    |     2.948 (r) | SLOW    |          |
i_clk     | mdata_in_0[0][4]  | FDRE    | -     |     1.309 (r) | FAST    |     3.042 (r) | SLOW    |          |
i_clk     | mdata_in_0[0][5]  | FDRE    | -     |     1.306 (r) | FAST    |     3.065 (r) | SLOW    |          |
i_clk     | mdata_in_0[10][0] | FDRE    | -     |     1.281 (r) | FAST    |     2.962 (r) | SLOW    |          |
i_clk     | mdata_in_0[10][1] | FDRE    | -     |     1.274 (r) | FAST    |     2.936 (r) | SLOW    |          |
i_clk     | mdata_in_0[10][2] | FDRE    | -     |     1.283 (r) | FAST    |     2.939 (r) | SLOW    |          |
i_clk     | mdata_in_0[10][3] | FDRE    | -     |     1.274 (r) | FAST    |     2.955 (r) | SLOW    |          |
i_clk     | mdata_in_0[10][4] | FDRE    | -     |     1.278 (r) | FAST    |     3.049 (r) | SLOW    |          |
i_clk     | mdata_in_0[10][5] | FDRE    | -     |     1.266 (r) | FAST    |     3.072 (r) | SLOW    |          |
i_clk     | mdata_in_0[11][0] | FDRE    | -     |     1.281 (r) | FAST    |     2.962 (r) | SLOW    |          |
i_clk     | mdata_in_0[11][1] | FDRE    | -     |     1.274 (r) | FAST    |     2.936 (r) | SLOW    |          |
i_clk     | mdata_in_0[11][2] | FDRE    | -     |     1.283 (r) | FAST    |     2.939 (r) | SLOW    |          |
i_clk     | mdata_in_0[11][3] | FDRE    | -     |     1.274 (r) | FAST    |     2.955 (r) | SLOW    |          |
i_clk     | mdata_in_0[11][4] | FDRE    | -     |     1.278 (r) | FAST    |     3.049 (r) | SLOW    |          |
i_clk     | mdata_in_0[11][5] | FDRE    | -     |     1.266 (r) | FAST    |     3.072 (r) | SLOW    |          |
i_clk     | mdata_in_0[12][0] | FDRE    | -     |     1.281 (r) | FAST    |     2.962 (r) | SLOW    |          |
i_clk     | mdata_in_0[12][1] | FDRE    | -     |     1.274 (r) | FAST    |     2.936 (r) | SLOW    |          |
i_clk     | mdata_in_0[12][2] | FDRE    | -     |     1.283 (r) | FAST    |     2.939 (r) | SLOW    |          |
i_clk     | mdata_in_0[12][3] | FDRE    | -     |     1.274 (r) | FAST    |     2.955 (r) | SLOW    |          |
i_clk     | mdata_in_0[12][4] | FDRE    | -     |     1.278 (r) | FAST    |     3.049 (r) | SLOW    |          |
i_clk     | mdata_in_0[12][5] | FDRE    | -     |     1.266 (r) | FAST    |     3.072 (r) | SLOW    |          |
i_clk     | mdata_in_0[13][0] | FDRE    | -     |     1.281 (r) | FAST    |     2.962 (r) | SLOW    |          |
i_clk     | mdata_in_0[13][1] | FDRE    | -     |     1.274 (r) | FAST    |     2.936 (r) | SLOW    |          |
i_clk     | mdata_in_0[13][2] | FDRE    | -     |     1.283 (r) | FAST    |     2.939 (r) | SLOW    |          |
i_clk     | mdata_in_0[13][3] | FDRE    | -     |     1.274 (r) | FAST    |     2.955 (r) | SLOW    |          |
i_clk     | mdata_in_0[13][4] | FDRE    | -     |     1.278 (r) | FAST    |     3.049 (r) | SLOW    |          |
i_clk     | mdata_in_0[13][5] | FDRE    | -     |     1.266 (r) | FAST    |     3.072 (r) | SLOW    |          |
i_clk     | mdata_in_0[14][0] | FDRE    | -     |     1.281 (r) | FAST    |     2.962 (r) | SLOW    |          |
i_clk     | mdata_in_0[14][1] | FDRE    | -     |     1.274 (r) | FAST    |     2.936 (r) | SLOW    |          |
i_clk     | mdata_in_0[14][2] | FDRE    | -     |     1.283 (r) | FAST    |     2.939 (r) | SLOW    |          |
i_clk     | mdata_in_0[14][3] | FDRE    | -     |     1.274 (r) | FAST    |     2.955 (r) | SLOW    |          |
i_clk     | mdata_in_0[14][4] | FDRE    | -     |     1.278 (r) | FAST    |     3.049 (r) | SLOW    |          |
i_clk     | mdata_in_0[14][5] | FDRE    | -     |     1.266 (r) | FAST    |     3.072 (r) | SLOW    |          |
i_clk     | mdata_in_0[15][0] | FDRE    | -     |     1.281 (r) | FAST    |     2.962 (r) | SLOW    |          |
i_clk     | mdata_in_0[15][1] | FDRE    | -     |     1.274 (r) | FAST    |     2.936 (r) | SLOW    |          |
i_clk     | mdata_in_0[15][2] | FDRE    | -     |     1.283 (r) | FAST    |     2.939 (r) | SLOW    |          |
i_clk     | mdata_in_0[15][3] | FDRE    | -     |     1.274 (r) | FAST    |     2.955 (r) | SLOW    |          |
i_clk     | mdata_in_0[15][4] | FDRE    | -     |     1.278 (r) | FAST    |     3.049 (r) | SLOW    |          |
i_clk     | mdata_in_0[15][5] | FDRE    | -     |     1.266 (r) | FAST    |     3.072 (r) | SLOW    |          |
i_clk     | mdata_in_0[1][0]  | FDRE    | -     |     1.281 (r) | FAST    |     2.962 (r) | SLOW    |          |
i_clk     | mdata_in_0[1][1]  | FDRE    | -     |     1.294 (r) | FAST    |     2.936 (r) | SLOW    |          |
i_clk     | mdata_in_0[1][2]  | FDRE    | -     |     1.283 (r) | FAST    |     2.939 (r) | SLOW    |          |
i_clk     | mdata_in_0[1][3]  | FDRE    | -     |     1.294 (r) | FAST    |     2.955 (r) | SLOW    |          |
i_clk     | mdata_in_0[1][4]  | FDRE    | -     |     1.289 (r) | FAST    |     3.049 (r) | SLOW    |          |
i_clk     | mdata_in_0[1][5]  | FDRE    | -     |     1.286 (r) | FAST    |     3.072 (r) | SLOW    |          |
i_clk     | mdata_in_0[2][0]  | FDRE    | -     |     1.281 (r) | FAST    |     2.962 (r) | SLOW    |          |
i_clk     | mdata_in_0[2][1]  | FDRE    | -     |     1.294 (r) | FAST    |     2.936 (r) | SLOW    |          |
i_clk     | mdata_in_0[2][2]  | FDRE    | -     |     1.283 (r) | FAST    |     2.939 (r) | SLOW    |          |
i_clk     | mdata_in_0[2][3]  | FDRE    | -     |     1.294 (r) | FAST    |     2.955 (r) | SLOW    |          |
i_clk     | mdata_in_0[2][4]  | FDRE    | -     |     1.289 (r) | FAST    |     3.049 (r) | SLOW    |          |
i_clk     | mdata_in_0[2][5]  | FDRE    | -     |     1.286 (r) | FAST    |     3.072 (r) | SLOW    |          |
i_clk     | mdata_in_0[3][0]  | FDRE    | -     |     1.281 (r) | FAST    |     2.962 (r) | SLOW    |          |
i_clk     | mdata_in_0[3][1]  | FDRE    | -     |     1.294 (r) | FAST    |     2.936 (r) | SLOW    |          |
i_clk     | mdata_in_0[3][2]  | FDRE    | -     |     1.283 (r) | FAST    |     2.939 (r) | SLOW    |          |
i_clk     | mdata_in_0[3][3]  | FDRE    | -     |     1.294 (r) | FAST    |     2.955 (r) | SLOW    |          |
i_clk     | mdata_in_0[3][4]  | FDRE    | -     |     1.289 (r) | FAST    |     3.049 (r) | SLOW    |          |
i_clk     | mdata_in_0[3][5]  | FDRE    | -     |     1.286 (r) | FAST    |     3.072 (r) | SLOW    |          |
i_clk     | mdata_in_0[4][0]  | FDRE    | -     |     1.281 (r) | FAST    |     2.962 (r) | SLOW    |          |
i_clk     | mdata_in_0[4][1]  | FDRE    | -     |     1.294 (r) | FAST    |     2.936 (r) | SLOW    |          |
i_clk     | mdata_in_0[4][2]  | FDRE    | -     |     1.283 (r) | FAST    |     2.939 (r) | SLOW    |          |
i_clk     | mdata_in_0[4][3]  | FDRE    | -     |     1.294 (r) | FAST    |     2.955 (r) | SLOW    |          |
i_clk     | mdata_in_0[4][4]  | FDRE    | -     |     1.289 (r) | FAST    |     3.049 (r) | SLOW    |          |
i_clk     | mdata_in_0[4][5]  | FDRE    | -     |     1.286 (r) | FAST    |     3.072 (r) | SLOW    |          |
i_clk     | mdata_in_0[5][0]  | FDRE    | -     |     1.281 (r) | FAST    |     2.962 (r) | SLOW    |          |
i_clk     | mdata_in_0[5][1]  | FDRE    | -     |     1.294 (r) | FAST    |     2.936 (r) | SLOW    |          |
i_clk     | mdata_in_0[5][2]  | FDRE    | -     |     1.283 (r) | FAST    |     2.939 (r) | SLOW    |          |
i_clk     | mdata_in_0[5][3]  | FDRE    | -     |     1.294 (r) | FAST    |     2.955 (r) | SLOW    |          |
i_clk     | mdata_in_0[5][4]  | FDRE    | -     |     1.289 (r) | FAST    |     3.049 (r) | SLOW    |          |
i_clk     | mdata_in_0[5][5]  | FDRE    | -     |     1.286 (r) | FAST    |     3.072 (r) | SLOW    |          |
i_clk     | mdata_in_0[6][0]  | FDRE    | -     |     1.281 (r) | FAST    |     2.962 (r) | SLOW    |          |
i_clk     | mdata_in_0[6][1]  | FDRE    | -     |     1.294 (r) | FAST    |     2.936 (r) | SLOW    |          |
i_clk     | mdata_in_0[6][2]  | FDRE    | -     |     1.283 (r) | FAST    |     2.939 (r) | SLOW    |          |
i_clk     | mdata_in_0[6][3]  | FDRE    | -     |     1.294 (r) | FAST    |     2.955 (r) | SLOW    |          |
i_clk     | mdata_in_0[6][4]  | FDRE    | -     |     1.289 (r) | FAST    |     3.049 (r) | SLOW    |          |
i_clk     | mdata_in_0[6][5]  | FDRE    | -     |     1.286 (r) | FAST    |     3.072 (r) | SLOW    |          |
i_clk     | mdata_in_0[7][0]  | FDRE    | -     |     1.281 (r) | FAST    |     2.962 (r) | SLOW    |          |
i_clk     | mdata_in_0[7][1]  | FDRE    | -     |     1.294 (r) | FAST    |     2.936 (r) | SLOW    |          |
i_clk     | mdata_in_0[7][2]  | FDRE    | -     |     1.283 (r) | FAST    |     2.939 (r) | SLOW    |          |
i_clk     | mdata_in_0[7][3]  | FDRE    | -     |     1.294 (r) | FAST    |     2.955 (r) | SLOW    |          |
i_clk     | mdata_in_0[7][4]  | FDRE    | -     |     1.289 (r) | FAST    |     3.049 (r) | SLOW    |          |
i_clk     | mdata_in_0[7][5]  | FDRE    | -     |     1.286 (r) | FAST    |     3.072 (r) | SLOW    |          |
i_clk     | mdata_in_0[8][0]  | FDRE    | -     |     1.281 (r) | FAST    |     2.962 (r) | SLOW    |          |
i_clk     | mdata_in_0[8][1]  | FDRE    | -     |     1.274 (r) | FAST    |     2.936 (r) | SLOW    |          |
i_clk     | mdata_in_0[8][2]  | FDRE    | -     |     1.283 (r) | FAST    |     2.939 (r) | SLOW    |          |
i_clk     | mdata_in_0[8][3]  | FDRE    | -     |     1.274 (r) | FAST    |     2.955 (r) | SLOW    |          |
i_clk     | mdata_in_0[8][4]  | FDRE    | -     |     1.278 (r) | FAST    |     3.049 (r) | SLOW    |          |
i_clk     | mdata_in_0[8][5]  | FDRE    | -     |     1.266 (r) | FAST    |     3.072 (r) | SLOW    |          |
i_clk     | mdata_in_0[9][0]  | FDRE    | -     |     1.281 (r) | FAST    |     2.962 (r) | SLOW    |          |
i_clk     | mdata_in_0[9][1]  | FDRE    | -     |     1.274 (r) | FAST    |     2.936 (r) | SLOW    |          |
i_clk     | mdata_in_0[9][2]  | FDRE    | -     |     1.283 (r) | FAST    |     2.939 (r) | SLOW    |          |
i_clk     | mdata_in_0[9][3]  | FDRE    | -     |     1.274 (r) | FAST    |     2.955 (r) | SLOW    |          |
i_clk     | mdata_in_0[9][4]  | FDRE    | -     |     1.278 (r) | FAST    |     3.049 (r) | SLOW    |          |
i_clk     | mdata_in_0[9][5]  | FDRE    | -     |     1.266 (r) | FAST    |     3.072 (r) | SLOW    |          |
i_clk     | rst               | FDRE    | -     |    -0.384 (r) | FAST    |     3.087 (r) | SLOW    |          |
----------+-------------------+---------+-------+---------------+---------+---------------+---------+----------+


Output Ports Clock-to-out

----------+--------------------+--------+-------+----------------+---------+----------------+---------+----------+
Reference | Output             | IO Reg | Delay | Max Clk (Edge) | Process | Min Clk (Edge) | Process | Internal |
Clock     | Port               | Type   | Type  |    to port(ns) | Corner  |    to port(ns) | Corner  | Clock    |
----------+--------------------+--------+-------+----------------+---------+----------------+---------+----------+
i_clk     | data_in_0_ready    | FDRE   | -     |      7.988 (r) | SLOW    |      3.733 (r) | FAST    |          |
i_clk     | edata_out_0[0]     | FDRE   | -     |      7.466 (r) | SLOW    |      3.622 (r) | FAST    |          |
i_clk     | edata_out_0[1]     | FDRE   | -     |      7.662 (r) | SLOW    |      3.733 (r) | FAST    |          |
i_clk     | edata_out_0[2]     | FDRE   | -     |      7.699 (r) | SLOW    |      3.751 (r) | FAST    |          |
i_clk     | edata_out_0[3]     | FDRE   | -     |      7.677 (r) | SLOW    |      3.728 (r) | FAST    |          |
i_clk     | edata_out_0[4]     | FDRE   | -     |      7.699 (r) | SLOW    |      3.745 (r) | FAST    |          |
i_clk     | edata_out_0[5]     | FDRE   | -     |      7.776 (r) | SLOW    |      3.723 (r) | FAST    |          |
i_clk     | edata_out_0[6]     | FDRE   | -     |      7.971 (r) | SLOW    |      3.723 (r) | FAST    |          |
i_clk     | edata_out_0[7]     | FDRE   | -     |      7.995 (r) | SLOW    |      3.743 (r) | FAST    |          |
i_clk     | mdata_out_0[0][0]  | FDRE   | -     |      7.821 (r) | SLOW    |      3.757 (r) | FAST    |          |
i_clk     | mdata_out_0[0][1]  | FDRE   | -     |      7.821 (r) | SLOW    |      3.757 (r) | FAST    |          |
i_clk     | mdata_out_0[0][2]  | FDRE   | -     |      7.821 (r) | SLOW    |      3.757 (r) | FAST    |          |
i_clk     | mdata_out_0[0][3]  | FDRE   | -     |      7.821 (r) | SLOW    |      3.757 (r) | FAST    |          |
i_clk     | mdata_out_0[0][4]  | FDRE   | -     |      7.821 (r) | SLOW    |      3.757 (r) | FAST    |          |
i_clk     | mdata_out_0[0][5]  | FDRE   | -     |      7.821 (r) | SLOW    |      3.757 (r) | FAST    |          |
i_clk     | mdata_out_0[10][0] | FDRE   | -     |      7.821 (r) | SLOW    |      3.757 (r) | FAST    |          |
i_clk     | mdata_out_0[10][1] | FDRE   | -     |      7.821 (r) | SLOW    |      3.757 (r) | FAST    |          |
i_clk     | mdata_out_0[10][2] | FDRE   | -     |      7.821 (r) | SLOW    |      3.757 (r) | FAST    |          |
i_clk     | mdata_out_0[10][3] | FDRE   | -     |      7.821 (r) | SLOW    |      3.757 (r) | FAST    |          |
i_clk     | mdata_out_0[10][4] | FDRE   | -     |      7.821 (r) | SLOW    |      3.757 (r) | FAST    |          |
i_clk     | mdata_out_0[10][5] | FDRE   | -     |      7.821 (r) | SLOW    |      3.757 (r) | FAST    |          |
i_clk     | mdata_out_0[11][0] | FDRE   | -     |      7.821 (r) | SLOW    |      3.757 (r) | FAST    |          |
i_clk     | mdata_out_0[11][1] | FDRE   | -     |      7.821 (r) | SLOW    |      3.757 (r) | FAST    |          |
i_clk     | mdata_out_0[11][2] | FDRE   | -     |      7.821 (r) | SLOW    |      3.757 (r) | FAST    |          |
i_clk     | mdata_out_0[11][3] | FDRE   | -     |      7.821 (r) | SLOW    |      3.757 (r) | FAST    |          |
i_clk     | mdata_out_0[11][4] | FDRE   | -     |      7.821 (r) | SLOW    |      3.757 (r) | FAST    |          |
i_clk     | mdata_out_0[11][5] | FDRE   | -     |      7.821 (r) | SLOW    |      3.757 (r) | FAST    |          |
i_clk     | mdata_out_0[12][0] | FDRE   | -     |      7.821 (r) | SLOW    |      3.757 (r) | FAST    |          |
i_clk     | mdata_out_0[12][1] | FDRE   | -     |      7.821 (r) | SLOW    |      3.757 (r) | FAST    |          |
i_clk     | mdata_out_0[12][2] | FDRE   | -     |      7.821 (r) | SLOW    |      3.757 (r) | FAST    |          |
i_clk     | mdata_out_0[12][3] | FDRE   | -     |      7.821 (r) | SLOW    |      3.757 (r) | FAST    |          |
i_clk     | mdata_out_0[12][4] | FDRE   | -     |      7.821 (r) | SLOW    |      3.757 (r) | FAST    |          |
i_clk     | mdata_out_0[12][5] | FDRE   | -     |      7.821 (r) | SLOW    |      3.757 (r) | FAST    |          |
i_clk     | mdata_out_0[13][0] | FDRE   | -     |      7.821 (r) | SLOW    |      3.757 (r) | FAST    |          |
i_clk     | mdata_out_0[13][1] | FDRE   | -     |      7.821 (r) | SLOW    |      3.757 (r) | FAST    |          |
i_clk     | mdata_out_0[13][2] | FDRE   | -     |      7.821 (r) | SLOW    |      3.757 (r) | FAST    |          |
i_clk     | mdata_out_0[13][3] | FDRE   | -     |      7.821 (r) | SLOW    |      3.757 (r) | FAST    |          |
i_clk     | mdata_out_0[13][4] | FDRE   | -     |      7.821 (r) | SLOW    |      3.757 (r) | FAST    |          |
i_clk     | mdata_out_0[13][5] | FDRE   | -     |      7.821 (r) | SLOW    |      3.757 (r) | FAST    |          |
i_clk     | mdata_out_0[14][0] | FDRE   | -     |      7.821 (r) | SLOW    |      3.757 (r) | FAST    |          |
i_clk     | mdata_out_0[14][1] | FDRE   | -     |      7.821 (r) | SLOW    |      3.757 (r) | FAST    |          |
i_clk     | mdata_out_0[14][2] | FDRE   | -     |      7.821 (r) | SLOW    |      3.757 (r) | FAST    |          |
i_clk     | mdata_out_0[14][3] | FDRE   | -     |      7.821 (r) | SLOW    |      3.757 (r) | FAST    |          |
i_clk     | mdata_out_0[14][4] | FDRE   | -     |      7.821 (r) | SLOW    |      3.757 (r) | FAST    |          |
i_clk     | mdata_out_0[14][5] | FDRE   | -     |      7.821 (r) | SLOW    |      3.757 (r) | FAST    |          |
i_clk     | mdata_out_0[15][0] | FDRE   | -     |      7.821 (r) | SLOW    |      3.757 (r) | FAST    |          |
i_clk     | mdata_out_0[15][1] | FDRE   | -     |      7.821 (r) | SLOW    |      3.757 (r) | FAST    |          |
i_clk     | mdata_out_0[15][2] | FDRE   | -     |      7.821 (r) | SLOW    |      3.757 (r) | FAST    |          |
i_clk     | mdata_out_0[15][3] | FDRE   | -     |      7.821 (r) | SLOW    |      3.757 (r) | FAST    |          |
i_clk     | mdata_out_0[15][4] | FDRE   | -     |      7.821 (r) | SLOW    |      3.757 (r) | FAST    |          |
i_clk     | mdata_out_0[15][5] | FDRE   | -     |      7.821 (r) | SLOW    |      3.757 (r) | FAST    |          |
i_clk     | mdata_out_0[1][0]  | FDRE   | -     |      7.821 (r) | SLOW    |      3.757 (r) | FAST    |          |
i_clk     | mdata_out_0[1][1]  | FDRE   | -     |      7.821 (r) | SLOW    |      3.757 (r) | FAST    |          |
i_clk     | mdata_out_0[1][2]  | FDRE   | -     |      7.821 (r) | SLOW    |      3.757 (r) | FAST    |          |
i_clk     | mdata_out_0[1][3]  | FDRE   | -     |      7.821 (r) | SLOW    |      3.757 (r) | FAST    |          |
i_clk     | mdata_out_0[1][4]  | FDRE   | -     |      7.821 (r) | SLOW    |      3.757 (r) | FAST    |          |
i_clk     | mdata_out_0[1][5]  | FDRE   | -     |      7.821 (r) | SLOW    |      3.757 (r) | FAST    |          |
i_clk     | mdata_out_0[2][0]  | FDRE   | -     |      7.821 (r) | SLOW    |      3.757 (r) | FAST    |          |
i_clk     | mdata_out_0[2][1]  | FDRE   | -     |      7.821 (r) | SLOW    |      3.757 (r) | FAST    |          |
i_clk     | mdata_out_0[2][2]  | FDRE   | -     |      7.821 (r) | SLOW    |      3.757 (r) | FAST    |          |
i_clk     | mdata_out_0[2][3]  | FDRE   | -     |      7.821 (r) | SLOW    |      3.757 (r) | FAST    |          |
i_clk     | mdata_out_0[2][4]  | FDRE   | -     |      7.821 (r) | SLOW    |      3.757 (r) | FAST    |          |
i_clk     | mdata_out_0[2][5]  | FDRE   | -     |      7.821 (r) | SLOW    |      3.757 (r) | FAST    |          |
i_clk     | mdata_out_0[3][0]  | FDRE   | -     |      7.821 (r) | SLOW    |      3.757 (r) | FAST    |          |
i_clk     | mdata_out_0[3][1]  | FDRE   | -     |      7.821 (r) | SLOW    |      3.757 (r) | FAST    |          |
i_clk     | mdata_out_0[3][2]  | FDRE   | -     |      7.821 (r) | SLOW    |      3.757 (r) | FAST    |          |
i_clk     | mdata_out_0[3][3]  | FDRE   | -     |      7.821 (r) | SLOW    |      3.757 (r) | FAST    |          |
i_clk     | mdata_out_0[3][4]  | FDRE   | -     |      7.821 (r) | SLOW    |      3.757 (r) | FAST    |          |
i_clk     | mdata_out_0[3][5]  | FDRE   | -     |      7.821 (r) | SLOW    |      3.757 (r) | FAST    |          |
i_clk     | mdata_out_0[4][0]  | FDRE   | -     |      7.821 (r) | SLOW    |      3.757 (r) | FAST    |          |
i_clk     | mdata_out_0[4][1]  | FDRE   | -     |      7.821 (r) | SLOW    |      3.757 (r) | FAST    |          |
i_clk     | mdata_out_0[4][2]  | FDRE   | -     |      7.821 (r) | SLOW    |      3.757 (r) | FAST    |          |
i_clk     | mdata_out_0[4][3]  | FDRE   | -     |      7.821 (r) | SLOW    |      3.757 (r) | FAST    |          |
i_clk     | mdata_out_0[4][4]  | FDRE   | -     |      7.821 (r) | SLOW    |      3.757 (r) | FAST    |          |
i_clk     | mdata_out_0[4][5]  | FDRE   | -     |      7.821 (r) | SLOW    |      3.757 (r) | FAST    |          |
i_clk     | mdata_out_0[5][0]  | FDRE   | -     |      7.821 (r) | SLOW    |      3.757 (r) | FAST    |          |
i_clk     | mdata_out_0[5][1]  | FDRE   | -     |      7.821 (r) | SLOW    |      3.757 (r) | FAST    |          |
i_clk     | mdata_out_0[5][2]  | FDRE   | -     |      7.821 (r) | SLOW    |      3.757 (r) | FAST    |          |
i_clk     | mdata_out_0[5][3]  | FDRE   | -     |      7.821 (r) | SLOW    |      3.757 (r) | FAST    |          |
i_clk     | mdata_out_0[5][4]  | FDRE   | -     |      7.821 (r) | SLOW    |      3.757 (r) | FAST    |          |
i_clk     | mdata_out_0[5][5]  | FDRE   | -     |      7.821 (r) | SLOW    |      3.757 (r) | FAST    |          |
i_clk     | mdata_out_0[6][0]  | FDRE   | -     |      7.821 (r) | SLOW    |      3.757 (r) | FAST    |          |
i_clk     | mdata_out_0[6][1]  | FDRE   | -     |      7.821 (r) | SLOW    |      3.757 (r) | FAST    |          |
i_clk     | mdata_out_0[6][2]  | FDRE   | -     |      7.821 (r) | SLOW    |      3.757 (r) | FAST    |          |
i_clk     | mdata_out_0[6][3]  | FDRE   | -     |      7.821 (r) | SLOW    |      3.757 (r) | FAST    |          |
i_clk     | mdata_out_0[6][4]  | FDRE   | -     |      7.821 (r) | SLOW    |      3.757 (r) | FAST    |          |
i_clk     | mdata_out_0[6][5]  | FDRE   | -     |      7.821 (r) | SLOW    |      3.757 (r) | FAST    |          |
i_clk     | mdata_out_0[7][0]  | FDRE   | -     |      7.821 (r) | SLOW    |      3.757 (r) | FAST    |          |
i_clk     | mdata_out_0[7][1]  | FDRE   | -     |      7.821 (r) | SLOW    |      3.757 (r) | FAST    |          |
i_clk     | mdata_out_0[7][2]  | FDRE   | -     |      7.821 (r) | SLOW    |      3.757 (r) | FAST    |          |
i_clk     | mdata_out_0[7][3]  | FDRE   | -     |      7.821 (r) | SLOW    |      3.757 (r) | FAST    |          |
i_clk     | mdata_out_0[7][4]  | FDRE   | -     |      7.821 (r) | SLOW    |      3.757 (r) | FAST    |          |
i_clk     | mdata_out_0[7][5]  | FDRE   | -     |      7.821 (r) | SLOW    |      3.757 (r) | FAST    |          |
i_clk     | mdata_out_0[8][0]  | FDRE   | -     |      7.821 (r) | SLOW    |      3.757 (r) | FAST    |          |
i_clk     | mdata_out_0[8][1]  | FDRE   | -     |      7.821 (r) | SLOW    |      3.757 (r) | FAST    |          |
i_clk     | mdata_out_0[8][2]  | FDRE   | -     |      7.821 (r) | SLOW    |      3.757 (r) | FAST    |          |
i_clk     | mdata_out_0[8][3]  | FDRE   | -     |      7.821 (r) | SLOW    |      3.757 (r) | FAST    |          |
i_clk     | mdata_out_0[8][4]  | FDRE   | -     |      7.821 (r) | SLOW    |      3.757 (r) | FAST    |          |
i_clk     | mdata_out_0[8][5]  | FDRE   | -     |      7.821 (r) | SLOW    |      3.757 (r) | FAST    |          |
i_clk     | mdata_out_0[9][0]  | FDRE   | -     |      7.821 (r) | SLOW    |      3.757 (r) | FAST    |          |
i_clk     | mdata_out_0[9][1]  | FDRE   | -     |      7.821 (r) | SLOW    |      3.757 (r) | FAST    |          |
i_clk     | mdata_out_0[9][2]  | FDRE   | -     |      7.821 (r) | SLOW    |      3.757 (r) | FAST    |          |
i_clk     | mdata_out_0[9][3]  | FDRE   | -     |      7.821 (r) | SLOW    |      3.757 (r) | FAST    |          |
i_clk     | mdata_out_0[9][4]  | FDRE   | -     |      7.821 (r) | SLOW    |      3.757 (r) | FAST    |          |
i_clk     | mdata_out_0[9][5]  | FDRE   | -     |      7.821 (r) | SLOW    |      3.757 (r) | FAST    |          |
----------+--------------------+--------+-------+----------------+---------+----------------+---------+----------+


Setup between Clocks

-------+-------------+---------------+---------+---------------+---------+---------------+---------+---------------+---------+
Source | Destination |  Src:Rise     | Process |  Src:Rise     | Process |  Src:Fall     | Process |  Src:Fall     | Process |
Clock  | Clock       | Dest:Rise(ns) | Corner  | Dest:Fall(ns) | Corner  | Dest:Rise(ns) | Corner  | Dest:Fall(ns) | Corner  |
-------+-------------+---------------+---------+---------------+---------+---------------+---------+---------------+---------+
i_clk  | i_clk       |         2.935 | SLOW    |               |         |               |         |               |         |
-------+-------------+---------------+---------+---------------+---------+---------------+---------+---------------+---------+


Setup / Hold times for input bus
Clocked by: i_clk
Worst Case Data Window: 3.731 ns
Ideal Clock Offset to Actual Clock: 1.319 ns
-------------------+------------+---------+-------------+---------+-----------+-----------+---------------+
                   |            | Process |             | Process | Setup     |  Hold     | Source Offset |
Source             |  Setup(ns) | Corner  |    Hold(ns) | Corner  | Slack(ns) | Slack(ns) | to Center(ns) |
-------------------+------------+---------+-------------+---------+-----------+-----------+---------------+
edata_in_0[0]      |  0.547 (r) | FAST    |   3.153 (r) | SLOW    |       inf |       inf |             - |
edata_in_0[1]      |  0.543 (r) | FAST    |   3.134 (r) | SLOW    |       inf |       inf |             - |
edata_in_0[2]      |  0.510 (r) | FAST    |   3.153 (r) | SLOW    |       inf |       inf |             - |
edata_in_0[3]      |  0.503 (r) | FAST    |   3.164 (r) | SLOW    |       inf |       inf |             - |
edata_in_0[4]      |  0.491 (r) | FAST    |   3.175 (r) | SLOW    |       inf |       inf |             - |
edata_in_0[5]      |  0.380 (r) | FAST    |   3.184 (r) | SLOW    |       inf |       inf |             - |
edata_in_0[6]      |          - | -       |           - | -       |       inf |       inf |             - |
edata_in_0[7]      |          - | -       |           - | -       |       inf |       inf |             - |
-------------------+------------+---------+-------------+---------+-----------+-----------+---------------+
Worst Case Summary |  0.547 (r) | FAST    |   3.184 (r) | SLOW    |       inf |       inf |             - |
-------------------+------------+---------+-------------+---------+-----------+-----------+---------------+



Setup / Hold times for input bus
Clocked by: i_clk
Worst Case Data Window: 4.379 ns
Ideal Clock Offset to Actual Clock: 0.876 ns
-------------------+-------------+---------+-------------+---------+-----------+-----------+---------------+
                   |             | Process |             | Process | Setup     |  Hold     | Source Offset |
Source             |   Setup(ns) | Corner  |    Hold(ns) | Corner  | Slack(ns) | Slack(ns) | to Center(ns) |
-------------------+-------------+---------+-------------+---------+-----------+-----------+---------------+
mdata_in_0[0][0]   |   1.301 (r) | FAST    |   2.955 (r) | SLOW    |       inf |       inf |             - |
mdata_in_0[0][1]   |   1.314 (r) | FAST    |   2.929 (r) | SLOW    |       inf |       inf |             - |
mdata_in_0[0][2]   |   1.303 (r) | FAST    |   2.932 (r) | SLOW    |       inf |       inf |             - |
mdata_in_0[0][3]   |   1.314 (r) | FAST    |   2.948 (r) | SLOW    |       inf |       inf |             - |
mdata_in_0[0][4]   |   1.309 (r) | FAST    |   3.042 (r) | SLOW    |       inf |       inf |             - |
mdata_in_0[0][5]   |   1.306 (r) | FAST    |   3.065 (r) | SLOW    |       inf |       inf |             - |
-------------------+-------------+---------+-------------+---------+-----------+-----------+---------------+
Worst Case Summary |   1.314 (r) | FAST    |   3.065 (r) | SLOW    |       inf |       inf |             - |
-------------------+-------------+---------+-------------+---------+-----------+-----------+---------------+



Setup / Hold times for input bus
Clocked by: i_clk
Worst Case Data Window: 4.355 ns
Ideal Clock Offset to Actual Clock: 0.895 ns
-------------------+-------------+---------+-------------+---------+-----------+-----------+---------------+
                   |             | Process |             | Process | Setup     |  Hold     | Source Offset |
Source             |   Setup(ns) | Corner  |    Hold(ns) | Corner  | Slack(ns) | Slack(ns) | to Center(ns) |
-------------------+-------------+---------+-------------+---------+-----------+-----------+---------------+
mdata_in_0[10][0]  |   1.281 (r) | FAST    |   2.962 (r) | SLOW    |       inf |       inf |             - |
mdata_in_0[10][1]  |   1.274 (r) | FAST    |   2.936 (r) | SLOW    |       inf |       inf |             - |
mdata_in_0[10][2]  |   1.283 (r) | FAST    |   2.939 (r) | SLOW    |       inf |       inf |             - |
mdata_in_0[10][3]  |   1.274 (r) | FAST    |   2.955 (r) | SLOW    |       inf |       inf |             - |
mdata_in_0[10][4]  |   1.278 (r) | FAST    |   3.049 (r) | SLOW    |       inf |       inf |             - |
mdata_in_0[10][5]  |   1.266 (r) | FAST    |   3.072 (r) | SLOW    |       inf |       inf |             - |
-------------------+-------------+---------+-------------+---------+-----------+-----------+---------------+
Worst Case Summary |   1.283 (r) | FAST    |   3.072 (r) | SLOW    |       inf |       inf |             - |
-------------------+-------------+---------+-------------+---------+-----------+-----------+---------------+



Setup / Hold times for input bus
Clocked by: i_clk
Worst Case Data Window: 4.355 ns
Ideal Clock Offset to Actual Clock: 0.895 ns
-------------------+-------------+---------+-------------+---------+-----------+-----------+---------------+
                   |             | Process |             | Process | Setup     |  Hold     | Source Offset |
Source             |   Setup(ns) | Corner  |    Hold(ns) | Corner  | Slack(ns) | Slack(ns) | to Center(ns) |
-------------------+-------------+---------+-------------+---------+-----------+-----------+---------------+
mdata_in_0[11][0]  |   1.281 (r) | FAST    |   2.962 (r) | SLOW    |       inf |       inf |             - |
mdata_in_0[11][1]  |   1.274 (r) | FAST    |   2.936 (r) | SLOW    |       inf |       inf |             - |
mdata_in_0[11][2]  |   1.283 (r) | FAST    |   2.939 (r) | SLOW    |       inf |       inf |             - |
mdata_in_0[11][3]  |   1.274 (r) | FAST    |   2.955 (r) | SLOW    |       inf |       inf |             - |
mdata_in_0[11][4]  |   1.278 (r) | FAST    |   3.049 (r) | SLOW    |       inf |       inf |             - |
mdata_in_0[11][5]  |   1.266 (r) | FAST    |   3.072 (r) | SLOW    |       inf |       inf |             - |
-------------------+-------------+---------+-------------+---------+-----------+-----------+---------------+
Worst Case Summary |   1.283 (r) | FAST    |   3.072 (r) | SLOW    |       inf |       inf |             - |
-------------------+-------------+---------+-------------+---------+-----------+-----------+---------------+



Setup / Hold times for input bus
Clocked by: i_clk
Worst Case Data Window: 4.355 ns
Ideal Clock Offset to Actual Clock: 0.895 ns
-------------------+-------------+---------+-------------+---------+-----------+-----------+---------------+
                   |             | Process |             | Process | Setup     |  Hold     | Source Offset |
Source             |   Setup(ns) | Corner  |    Hold(ns) | Corner  | Slack(ns) | Slack(ns) | to Center(ns) |
-------------------+-------------+---------+-------------+---------+-----------+-----------+---------------+
mdata_in_0[12][0]  |   1.281 (r) | FAST    |   2.962 (r) | SLOW    |       inf |       inf |             - |
mdata_in_0[12][1]  |   1.274 (r) | FAST    |   2.936 (r) | SLOW    |       inf |       inf |             - |
mdata_in_0[12][2]  |   1.283 (r) | FAST    |   2.939 (r) | SLOW    |       inf |       inf |             - |
mdata_in_0[12][3]  |   1.274 (r) | FAST    |   2.955 (r) | SLOW    |       inf |       inf |             - |
mdata_in_0[12][4]  |   1.278 (r) | FAST    |   3.049 (r) | SLOW    |       inf |       inf |             - |
mdata_in_0[12][5]  |   1.266 (r) | FAST    |   3.072 (r) | SLOW    |       inf |       inf |             - |
-------------------+-------------+---------+-------------+---------+-----------+-----------+---------------+
Worst Case Summary |   1.283 (r) | FAST    |   3.072 (r) | SLOW    |       inf |       inf |             - |
-------------------+-------------+---------+-------------+---------+-----------+-----------+---------------+



Setup / Hold times for input bus
Clocked by: i_clk
Worst Case Data Window: 4.355 ns
Ideal Clock Offset to Actual Clock: 0.895 ns
-------------------+-------------+---------+-------------+---------+-----------+-----------+---------------+
                   |             | Process |             | Process | Setup     |  Hold     | Source Offset |
Source             |   Setup(ns) | Corner  |    Hold(ns) | Corner  | Slack(ns) | Slack(ns) | to Center(ns) |
-------------------+-------------+---------+-------------+---------+-----------+-----------+---------------+
mdata_in_0[13][0]  |   1.281 (r) | FAST    |   2.962 (r) | SLOW    |       inf |       inf |             - |
mdata_in_0[13][1]  |   1.274 (r) | FAST    |   2.936 (r) | SLOW    |       inf |       inf |             - |
mdata_in_0[13][2]  |   1.283 (r) | FAST    |   2.939 (r) | SLOW    |       inf |       inf |             - |
mdata_in_0[13][3]  |   1.274 (r) | FAST    |   2.955 (r) | SLOW    |       inf |       inf |             - |
mdata_in_0[13][4]  |   1.278 (r) | FAST    |   3.049 (r) | SLOW    |       inf |       inf |             - |
mdata_in_0[13][5]  |   1.266 (r) | FAST    |   3.072 (r) | SLOW    |       inf |       inf |             - |
-------------------+-------------+---------+-------------+---------+-----------+-----------+---------------+
Worst Case Summary |   1.283 (r) | FAST    |   3.072 (r) | SLOW    |       inf |       inf |             - |
-------------------+-------------+---------+-------------+---------+-----------+-----------+---------------+



Setup / Hold times for input bus
Clocked by: i_clk
Worst Case Data Window: 4.355 ns
Ideal Clock Offset to Actual Clock: 0.895 ns
-------------------+-------------+---------+-------------+---------+-----------+-----------+---------------+
                   |             | Process |             | Process | Setup     |  Hold     | Source Offset |
Source             |   Setup(ns) | Corner  |    Hold(ns) | Corner  | Slack(ns) | Slack(ns) | to Center(ns) |
-------------------+-------------+---------+-------------+---------+-----------+-----------+---------------+
mdata_in_0[14][0]  |   1.281 (r) | FAST    |   2.962 (r) | SLOW    |       inf |       inf |             - |
mdata_in_0[14][1]  |   1.274 (r) | FAST    |   2.936 (r) | SLOW    |       inf |       inf |             - |
mdata_in_0[14][2]  |   1.283 (r) | FAST    |   2.939 (r) | SLOW    |       inf |       inf |             - |
mdata_in_0[14][3]  |   1.274 (r) | FAST    |   2.955 (r) | SLOW    |       inf |       inf |             - |
mdata_in_0[14][4]  |   1.278 (r) | FAST    |   3.049 (r) | SLOW    |       inf |       inf |             - |
mdata_in_0[14][5]  |   1.266 (r) | FAST    |   3.072 (r) | SLOW    |       inf |       inf |             - |
-------------------+-------------+---------+-------------+---------+-----------+-----------+---------------+
Worst Case Summary |   1.283 (r) | FAST    |   3.072 (r) | SLOW    |       inf |       inf |             - |
-------------------+-------------+---------+-------------+---------+-----------+-----------+---------------+



Setup / Hold times for input bus
Clocked by: i_clk
Worst Case Data Window: 4.355 ns
Ideal Clock Offset to Actual Clock: 0.895 ns
-------------------+-------------+---------+-------------+---------+-----------+-----------+---------------+
                   |             | Process |             | Process | Setup     |  Hold     | Source Offset |
Source             |   Setup(ns) | Corner  |    Hold(ns) | Corner  | Slack(ns) | Slack(ns) | to Center(ns) |
-------------------+-------------+---------+-------------+---------+-----------+-----------+---------------+
mdata_in_0[15][0]  |   1.281 (r) | FAST    |   2.962 (r) | SLOW    |       inf |       inf |             - |
mdata_in_0[15][1]  |   1.274 (r) | FAST    |   2.936 (r) | SLOW    |       inf |       inf |             - |
mdata_in_0[15][2]  |   1.283 (r) | FAST    |   2.939 (r) | SLOW    |       inf |       inf |             - |
mdata_in_0[15][3]  |   1.274 (r) | FAST    |   2.955 (r) | SLOW    |       inf |       inf |             - |
mdata_in_0[15][4]  |   1.278 (r) | FAST    |   3.049 (r) | SLOW    |       inf |       inf |             - |
mdata_in_0[15][5]  |   1.266 (r) | FAST    |   3.072 (r) | SLOW    |       inf |       inf |             - |
-------------------+-------------+---------+-------------+---------+-----------+-----------+---------------+
Worst Case Summary |   1.283 (r) | FAST    |   3.072 (r) | SLOW    |       inf |       inf |             - |
-------------------+-------------+---------+-------------+---------+-----------+-----------+---------------+



Setup / Hold times for input bus
Clocked by: i_clk
Worst Case Data Window: 4.366 ns
Ideal Clock Offset to Actual Clock: 0.889 ns
-------------------+-------------+---------+-------------+---------+-----------+-----------+---------------+
                   |             | Process |             | Process | Setup     |  Hold     | Source Offset |
Source             |   Setup(ns) | Corner  |    Hold(ns) | Corner  | Slack(ns) | Slack(ns) | to Center(ns) |
-------------------+-------------+---------+-------------+---------+-----------+-----------+---------------+
mdata_in_0[1][0]   |   1.281 (r) | FAST    |   2.962 (r) | SLOW    |       inf |       inf |             - |
mdata_in_0[1][1]   |   1.294 (r) | FAST    |   2.936 (r) | SLOW    |       inf |       inf |             - |
mdata_in_0[1][2]   |   1.283 (r) | FAST    |   2.939 (r) | SLOW    |       inf |       inf |             - |
mdata_in_0[1][3]   |   1.294 (r) | FAST    |   2.955 (r) | SLOW    |       inf |       inf |             - |
mdata_in_0[1][4]   |   1.289 (r) | FAST    |   3.049 (r) | SLOW    |       inf |       inf |             - |
mdata_in_0[1][5]   |   1.286 (r) | FAST    |   3.072 (r) | SLOW    |       inf |       inf |             - |
-------------------+-------------+---------+-------------+---------+-----------+-----------+---------------+
Worst Case Summary |   1.294 (r) | FAST    |   3.072 (r) | SLOW    |       inf |       inf |             - |
-------------------+-------------+---------+-------------+---------+-----------+-----------+---------------+



Setup / Hold times for input bus
Clocked by: i_clk
Worst Case Data Window: 4.366 ns
Ideal Clock Offset to Actual Clock: 0.889 ns
-------------------+-------------+---------+-------------+---------+-----------+-----------+---------------+
                   |             | Process |             | Process | Setup     |  Hold     | Source Offset |
Source             |   Setup(ns) | Corner  |    Hold(ns) | Corner  | Slack(ns) | Slack(ns) | to Center(ns) |
-------------------+-------------+---------+-------------+---------+-----------+-----------+---------------+
mdata_in_0[2][0]   |   1.281 (r) | FAST    |   2.962 (r) | SLOW    |       inf |       inf |             - |
mdata_in_0[2][1]   |   1.294 (r) | FAST    |   2.936 (r) | SLOW    |       inf |       inf |             - |
mdata_in_0[2][2]   |   1.283 (r) | FAST    |   2.939 (r) | SLOW    |       inf |       inf |             - |
mdata_in_0[2][3]   |   1.294 (r) | FAST    |   2.955 (r) | SLOW    |       inf |       inf |             - |
mdata_in_0[2][4]   |   1.289 (r) | FAST    |   3.049 (r) | SLOW    |       inf |       inf |             - |
mdata_in_0[2][5]   |   1.286 (r) | FAST    |   3.072 (r) | SLOW    |       inf |       inf |             - |
-------------------+-------------+---------+-------------+---------+-----------+-----------+---------------+
Worst Case Summary |   1.294 (r) | FAST    |   3.072 (r) | SLOW    |       inf |       inf |             - |
-------------------+-------------+---------+-------------+---------+-----------+-----------+---------------+



Setup / Hold times for input bus
Clocked by: i_clk
Worst Case Data Window: 4.366 ns
Ideal Clock Offset to Actual Clock: 0.889 ns
-------------------+-------------+---------+-------------+---------+-----------+-----------+---------------+
                   |             | Process |             | Process | Setup     |  Hold     | Source Offset |
Source             |   Setup(ns) | Corner  |    Hold(ns) | Corner  | Slack(ns) | Slack(ns) | to Center(ns) |
-------------------+-------------+---------+-------------+---------+-----------+-----------+---------------+
mdata_in_0[3][0]   |   1.281 (r) | FAST    |   2.962 (r) | SLOW    |       inf |       inf |             - |
mdata_in_0[3][1]   |   1.294 (r) | FAST    |   2.936 (r) | SLOW    |       inf |       inf |             - |
mdata_in_0[3][2]   |   1.283 (r) | FAST    |   2.939 (r) | SLOW    |       inf |       inf |             - |
mdata_in_0[3][3]   |   1.294 (r) | FAST    |   2.955 (r) | SLOW    |       inf |       inf |             - |
mdata_in_0[3][4]   |   1.289 (r) | FAST    |   3.049 (r) | SLOW    |       inf |       inf |             - |
mdata_in_0[3][5]   |   1.286 (r) | FAST    |   3.072 (r) | SLOW    |       inf |       inf |             - |
-------------------+-------------+---------+-------------+---------+-----------+-----------+---------------+
Worst Case Summary |   1.294 (r) | FAST    |   3.072 (r) | SLOW    |       inf |       inf |             - |
-------------------+-------------+---------+-------------+---------+-----------+-----------+---------------+



Setup / Hold times for input bus
Clocked by: i_clk
Worst Case Data Window: 4.366 ns
Ideal Clock Offset to Actual Clock: 0.889 ns
-------------------+-------------+---------+-------------+---------+-----------+-----------+---------------+
                   |             | Process |             | Process | Setup     |  Hold     | Source Offset |
Source             |   Setup(ns) | Corner  |    Hold(ns) | Corner  | Slack(ns) | Slack(ns) | to Center(ns) |
-------------------+-------------+---------+-------------+---------+-----------+-----------+---------------+
mdata_in_0[4][0]   |   1.281 (r) | FAST    |   2.962 (r) | SLOW    |       inf |       inf |             - |
mdata_in_0[4][1]   |   1.294 (r) | FAST    |   2.936 (r) | SLOW    |       inf |       inf |             - |
mdata_in_0[4][2]   |   1.283 (r) | FAST    |   2.939 (r) | SLOW    |       inf |       inf |             - |
mdata_in_0[4][3]   |   1.294 (r) | FAST    |   2.955 (r) | SLOW    |       inf |       inf |             - |
mdata_in_0[4][4]   |   1.289 (r) | FAST    |   3.049 (r) | SLOW    |       inf |       inf |             - |
mdata_in_0[4][5]   |   1.286 (r) | FAST    |   3.072 (r) | SLOW    |       inf |       inf |             - |
-------------------+-------------+---------+-------------+---------+-----------+-----------+---------------+
Worst Case Summary |   1.294 (r) | FAST    |   3.072 (r) | SLOW    |       inf |       inf |             - |
-------------------+-------------+---------+-------------+---------+-----------+-----------+---------------+



Setup / Hold times for input bus
Clocked by: i_clk
Worst Case Data Window: 4.366 ns
Ideal Clock Offset to Actual Clock: 0.889 ns
-------------------+-------------+---------+-------------+---------+-----------+-----------+---------------+
                   |             | Process |             | Process | Setup     |  Hold     | Source Offset |
Source             |   Setup(ns) | Corner  |    Hold(ns) | Corner  | Slack(ns) | Slack(ns) | to Center(ns) |
-------------------+-------------+---------+-------------+---------+-----------+-----------+---------------+
mdata_in_0[5][0]   |   1.281 (r) | FAST    |   2.962 (r) | SLOW    |       inf |       inf |             - |
mdata_in_0[5][1]   |   1.294 (r) | FAST    |   2.936 (r) | SLOW    |       inf |       inf |             - |
mdata_in_0[5][2]   |   1.283 (r) | FAST    |   2.939 (r) | SLOW    |       inf |       inf |             - |
mdata_in_0[5][3]   |   1.294 (r) | FAST    |   2.955 (r) | SLOW    |       inf |       inf |             - |
mdata_in_0[5][4]   |   1.289 (r) | FAST    |   3.049 (r) | SLOW    |       inf |       inf |             - |
mdata_in_0[5][5]   |   1.286 (r) | FAST    |   3.072 (r) | SLOW    |       inf |       inf |             - |
-------------------+-------------+---------+-------------+---------+-----------+-----------+---------------+
Worst Case Summary |   1.294 (r) | FAST    |   3.072 (r) | SLOW    |       inf |       inf |             - |
-------------------+-------------+---------+-------------+---------+-----------+-----------+---------------+



Setup / Hold times for input bus
Clocked by: i_clk
Worst Case Data Window: 4.366 ns
Ideal Clock Offset to Actual Clock: 0.889 ns
-------------------+-------------+---------+-------------+---------+-----------+-----------+---------------+
                   |             | Process |             | Process | Setup     |  Hold     | Source Offset |
Source             |   Setup(ns) | Corner  |    Hold(ns) | Corner  | Slack(ns) | Slack(ns) | to Center(ns) |
-------------------+-------------+---------+-------------+---------+-----------+-----------+---------------+
mdata_in_0[6][0]   |   1.281 (r) | FAST    |   2.962 (r) | SLOW    |       inf |       inf |             - |
mdata_in_0[6][1]   |   1.294 (r) | FAST    |   2.936 (r) | SLOW    |       inf |       inf |             - |
mdata_in_0[6][2]   |   1.283 (r) | FAST    |   2.939 (r) | SLOW    |       inf |       inf |             - |
mdata_in_0[6][3]   |   1.294 (r) | FAST    |   2.955 (r) | SLOW    |       inf |       inf |             - |
mdata_in_0[6][4]   |   1.289 (r) | FAST    |   3.049 (r) | SLOW    |       inf |       inf |             - |
mdata_in_0[6][5]   |   1.286 (r) | FAST    |   3.072 (r) | SLOW    |       inf |       inf |             - |
-------------------+-------------+---------+-------------+---------+-----------+-----------+---------------+
Worst Case Summary |   1.294 (r) | FAST    |   3.072 (r) | SLOW    |       inf |       inf |             - |
-------------------+-------------+---------+-------------+---------+-----------+-----------+---------------+



Setup / Hold times for input bus
Clocked by: i_clk
Worst Case Data Window: 4.366 ns
Ideal Clock Offset to Actual Clock: 0.889 ns
-------------------+-------------+---------+-------------+---------+-----------+-----------+---------------+
                   |             | Process |             | Process | Setup     |  Hold     | Source Offset |
Source             |   Setup(ns) | Corner  |    Hold(ns) | Corner  | Slack(ns) | Slack(ns) | to Center(ns) |
-------------------+-------------+---------+-------------+---------+-----------+-----------+---------------+
mdata_in_0[7][0]   |   1.281 (r) | FAST    |   2.962 (r) | SLOW    |       inf |       inf |             - |
mdata_in_0[7][1]   |   1.294 (r) | FAST    |   2.936 (r) | SLOW    |       inf |       inf |             - |
mdata_in_0[7][2]   |   1.283 (r) | FAST    |   2.939 (r) | SLOW    |       inf |       inf |             - |
mdata_in_0[7][3]   |   1.294 (r) | FAST    |   2.955 (r) | SLOW    |       inf |       inf |             - |
mdata_in_0[7][4]   |   1.289 (r) | FAST    |   3.049 (r) | SLOW    |       inf |       inf |             - |
mdata_in_0[7][5]   |   1.286 (r) | FAST    |   3.072 (r) | SLOW    |       inf |       inf |             - |
-------------------+-------------+---------+-------------+---------+-----------+-----------+---------------+
Worst Case Summary |   1.294 (r) | FAST    |   3.072 (r) | SLOW    |       inf |       inf |             - |
-------------------+-------------+---------+-------------+---------+-----------+-----------+---------------+



Setup / Hold times for input bus
Clocked by: i_clk
Worst Case Data Window: 4.355 ns
Ideal Clock Offset to Actual Clock: 0.895 ns
-------------------+-------------+---------+-------------+---------+-----------+-----------+---------------+
                   |             | Process |             | Process | Setup     |  Hold     | Source Offset |
Source             |   Setup(ns) | Corner  |    Hold(ns) | Corner  | Slack(ns) | Slack(ns) | to Center(ns) |
-------------------+-------------+---------+-------------+---------+-----------+-----------+---------------+
mdata_in_0[8][0]   |   1.281 (r) | FAST    |   2.962 (r) | SLOW    |       inf |       inf |             - |
mdata_in_0[8][1]   |   1.274 (r) | FAST    |   2.936 (r) | SLOW    |       inf |       inf |             - |
mdata_in_0[8][2]   |   1.283 (r) | FAST    |   2.939 (r) | SLOW    |       inf |       inf |             - |
mdata_in_0[8][3]   |   1.274 (r) | FAST    |   2.955 (r) | SLOW    |       inf |       inf |             - |
mdata_in_0[8][4]   |   1.278 (r) | FAST    |   3.049 (r) | SLOW    |       inf |       inf |             - |
mdata_in_0[8][5]   |   1.266 (r) | FAST    |   3.072 (r) | SLOW    |       inf |       inf |             - |
-------------------+-------------+---------+-------------+---------+-----------+-----------+---------------+
Worst Case Summary |   1.283 (r) | FAST    |   3.072 (r) | SLOW    |       inf |       inf |             - |
-------------------+-------------+---------+-------------+---------+-----------+-----------+---------------+



Setup / Hold times for input bus
Clocked by: i_clk
Worst Case Data Window: 4.355 ns
Ideal Clock Offset to Actual Clock: 0.895 ns
-------------------+-------------+---------+-------------+---------+-----------+-----------+---------------+
                   |             | Process |             | Process | Setup     |  Hold     | Source Offset |
Source             |   Setup(ns) | Corner  |    Hold(ns) | Corner  | Slack(ns) | Slack(ns) | to Center(ns) |
-------------------+-------------+---------+-------------+---------+-----------+-----------+---------------+
mdata_in_0[9][0]   |   1.281 (r) | FAST    |   2.962 (r) | SLOW    |       inf |       inf |             - |
mdata_in_0[9][1]   |   1.274 (r) | FAST    |   2.936 (r) | SLOW    |       inf |       inf |             - |
mdata_in_0[9][2]   |   1.283 (r) | FAST    |   2.939 (r) | SLOW    |       inf |       inf |             - |
mdata_in_0[9][3]   |   1.274 (r) | FAST    |   2.955 (r) | SLOW    |       inf |       inf |             - |
mdata_in_0[9][4]   |   1.278 (r) | FAST    |   3.049 (r) | SLOW    |       inf |       inf |             - |
mdata_in_0[9][5]   |   1.266 (r) | FAST    |   3.072 (r) | SLOW    |       inf |       inf |             - |
-------------------+-------------+---------+-------------+---------+-----------+-----------+---------------+
Worst Case Summary |   1.283 (r) | FAST    |   3.072 (r) | SLOW    |       inf |       inf |             - |
-------------------+-------------+---------+-------------+---------+-----------+-----------+---------------+



Max / Min delays for output bus
Clocked by: i_clk
Bus Skew: 0.529 ns
-------------------+-------------+---------+-------------+---------+----------+
                   |     Max     | Process |     Min     | Process | Edge     |
Pad                |   Delay(ns) | Corner  |   Delay(ns) | Corner  | Skew(ns) |
-------------------+-------------+---------+-------------+---------+----------+
edata_out_0[0]     |   7.466 (r) | SLOW    |   3.622 (r) | FAST    |    0.000 |
edata_out_0[1]     |   7.662 (r) | SLOW    |   3.733 (r) | FAST    |    0.196 |
edata_out_0[2]     |   7.699 (r) | SLOW    |   3.751 (r) | FAST    |    0.233 |
edata_out_0[3]     |   7.677 (r) | SLOW    |   3.728 (r) | FAST    |    0.211 |
edata_out_0[4]     |   7.699 (r) | SLOW    |   3.745 (r) | FAST    |    0.233 |
edata_out_0[5]     |   7.776 (r) | SLOW    |   3.723 (r) | FAST    |    0.310 |
edata_out_0[6]     |   7.971 (r) | SLOW    |   3.723 (r) | FAST    |    0.505 |
edata_out_0[7]     |   7.995 (r) | SLOW    |   3.743 (r) | FAST    |    0.529 |
-------------------+-------------+---------+-------------+---------+----------+
Worst Case Summary |   7.995 (r) | SLOW    |   3.622 (r) | FAST    |    0.529 |
-------------------+-------------+---------+-------------+---------+----------+



Max / Min delays for output bus
Clocked by: i_clk
Bus Skew: 0.000 ns
-------------------+-------------+---------+-------------+---------+----------+
                   |     Max     | Process |     Min     | Process | Edge     |
Pad                |   Delay(ns) | Corner  |   Delay(ns) | Corner  | Skew(ns) |
-------------------+-------------+---------+-------------+---------+----------+
mdata_out_0[0][0]  |   7.821 (r) | SLOW    |   3.757 (r) | FAST    |    0.000 |
mdata_out_0[0][1]  |   7.821 (r) | SLOW    |   3.757 (r) | FAST    |    0.000 |
mdata_out_0[0][2]  |   7.821 (r) | SLOW    |   3.757 (r) | FAST    |    0.000 |
mdata_out_0[0][3]  |   7.821 (r) | SLOW    |   3.757 (r) | FAST    |    0.000 |
mdata_out_0[0][4]  |   7.821 (r) | SLOW    |   3.757 (r) | FAST    |    0.000 |
mdata_out_0[0][5]  |   7.821 (r) | SLOW    |   3.757 (r) | FAST    |    0.000 |
-------------------+-------------+---------+-------------+---------+----------+
Worst Case Summary |   7.821 (r) | SLOW    |   3.757 (r) | FAST    |    0.000 |
-------------------+-------------+---------+-------------+---------+----------+



Max / Min delays for output bus
Clocked by: i_clk
Bus Skew: 0.000 ns
-------------------+-------------+---------+-------------+---------+----------+
                   |     Max     | Process |     Min     | Process | Edge     |
Pad                |   Delay(ns) | Corner  |   Delay(ns) | Corner  | Skew(ns) |
-------------------+-------------+---------+-------------+---------+----------+
mdata_out_0[10][0] |   7.821 (r) | SLOW    |   3.757 (r) | FAST    |    0.000 |
mdata_out_0[10][1] |   7.821 (r) | SLOW    |   3.757 (r) | FAST    |    0.000 |
mdata_out_0[10][2] |   7.821 (r) | SLOW    |   3.757 (r) | FAST    |    0.000 |
mdata_out_0[10][3] |   7.821 (r) | SLOW    |   3.757 (r) | FAST    |    0.000 |
mdata_out_0[10][4] |   7.821 (r) | SLOW    |   3.757 (r) | FAST    |    0.000 |
mdata_out_0[10][5] |   7.821 (r) | SLOW    |   3.757 (r) | FAST    |    0.000 |
-------------------+-------------+---------+-------------+---------+----------+
Worst Case Summary |   7.821 (r) | SLOW    |   3.757 (r) | FAST    |    0.000 |
-------------------+-------------+---------+-------------+---------+----------+



Max / Min delays for output bus
Clocked by: i_clk
Bus Skew: 0.000 ns
-------------------+-------------+---------+-------------+---------+----------+
                   |     Max     | Process |     Min     | Process | Edge     |
Pad                |   Delay(ns) | Corner  |   Delay(ns) | Corner  | Skew(ns) |
-------------------+-------------+---------+-------------+---------+----------+
mdata_out_0[11][0] |   7.821 (r) | SLOW    |   3.757 (r) | FAST    |    0.000 |
mdata_out_0[11][1] |   7.821 (r) | SLOW    |   3.757 (r) | FAST    |    0.000 |
mdata_out_0[11][2] |   7.821 (r) | SLOW    |   3.757 (r) | FAST    |    0.000 |
mdata_out_0[11][3] |   7.821 (r) | SLOW    |   3.757 (r) | FAST    |    0.000 |
mdata_out_0[11][4] |   7.821 (r) | SLOW    |   3.757 (r) | FAST    |    0.000 |
mdata_out_0[11][5] |   7.821 (r) | SLOW    |   3.757 (r) | FAST    |    0.000 |
-------------------+-------------+---------+-------------+---------+----------+
Worst Case Summary |   7.821 (r) | SLOW    |   3.757 (r) | FAST    |    0.000 |
-------------------+-------------+---------+-------------+---------+----------+



Max / Min delays for output bus
Clocked by: i_clk
Bus Skew: 0.000 ns
-------------------+-------------+---------+-------------+---------+----------+
                   |     Max     | Process |     Min     | Process | Edge     |
Pad                |   Delay(ns) | Corner  |   Delay(ns) | Corner  | Skew(ns) |
-------------------+-------------+---------+-------------+---------+----------+
mdata_out_0[12][0] |   7.821 (r) | SLOW    |   3.757 (r) | FAST    |    0.000 |
mdata_out_0[12][1] |   7.821 (r) | SLOW    |   3.757 (r) | FAST    |    0.000 |
mdata_out_0[12][2] |   7.821 (r) | SLOW    |   3.757 (r) | FAST    |    0.000 |
mdata_out_0[12][3] |   7.821 (r) | SLOW    |   3.757 (r) | FAST    |    0.000 |
mdata_out_0[12][4] |   7.821 (r) | SLOW    |   3.757 (r) | FAST    |    0.000 |
mdata_out_0[12][5] |   7.821 (r) | SLOW    |   3.757 (r) | FAST    |    0.000 |
-------------------+-------------+---------+-------------+---------+----------+
Worst Case Summary |   7.821 (r) | SLOW    |   3.757 (r) | FAST    |    0.000 |
-------------------+-------------+---------+-------------+---------+----------+



Max / Min delays for output bus
Clocked by: i_clk
Bus Skew: 0.000 ns
-------------------+-------------+---------+-------------+---------+----------+
                   |     Max     | Process |     Min     | Process | Edge     |
Pad                |   Delay(ns) | Corner  |   Delay(ns) | Corner  | Skew(ns) |
-------------------+-------------+---------+-------------+---------+----------+
mdata_out_0[13][0] |   7.821 (r) | SLOW    |   3.757 (r) | FAST    |    0.000 |
mdata_out_0[13][1] |   7.821 (r) | SLOW    |   3.757 (r) | FAST    |    0.000 |
mdata_out_0[13][2] |   7.821 (r) | SLOW    |   3.757 (r) | FAST    |    0.000 |
mdata_out_0[13][3] |   7.821 (r) | SLOW    |   3.757 (r) | FAST    |    0.000 |
mdata_out_0[13][4] |   7.821 (r) | SLOW    |   3.757 (r) | FAST    |    0.000 |
mdata_out_0[13][5] |   7.821 (r) | SLOW    |   3.757 (r) | FAST    |    0.000 |
-------------------+-------------+---------+-------------+---------+----------+
Worst Case Summary |   7.821 (r) | SLOW    |   3.757 (r) | FAST    |    0.000 |
-------------------+-------------+---------+-------------+---------+----------+



Max / Min delays for output bus
Clocked by: i_clk
Bus Skew: 0.000 ns
-------------------+-------------+---------+-------------+---------+----------+
                   |     Max     | Process |     Min     | Process | Edge     |
Pad                |   Delay(ns) | Corner  |   Delay(ns) | Corner  | Skew(ns) |
-------------------+-------------+---------+-------------+---------+----------+
mdata_out_0[14][0] |   7.821 (r) | SLOW    |   3.757 (r) | FAST    |    0.000 |
mdata_out_0[14][1] |   7.821 (r) | SLOW    |   3.757 (r) | FAST    |    0.000 |
mdata_out_0[14][2] |   7.821 (r) | SLOW    |   3.757 (r) | FAST    |    0.000 |
mdata_out_0[14][3] |   7.821 (r) | SLOW    |   3.757 (r) | FAST    |    0.000 |
mdata_out_0[14][4] |   7.821 (r) | SLOW    |   3.757 (r) | FAST    |    0.000 |
mdata_out_0[14][5] |   7.821 (r) | SLOW    |   3.757 (r) | FAST    |    0.000 |
-------------------+-------------+---------+-------------+---------+----------+
Worst Case Summary |   7.821 (r) | SLOW    |   3.757 (r) | FAST    |    0.000 |
-------------------+-------------+---------+-------------+---------+----------+



Max / Min delays for output bus
Clocked by: i_clk
Bus Skew: 0.000 ns
-------------------+-------------+---------+-------------+---------+----------+
                   |     Max     | Process |     Min     | Process | Edge     |
Pad                |   Delay(ns) | Corner  |   Delay(ns) | Corner  | Skew(ns) |
-------------------+-------------+---------+-------------+---------+----------+
mdata_out_0[15][0] |   7.821 (r) | SLOW    |   3.757 (r) | FAST    |    0.000 |
mdata_out_0[15][1] |   7.821 (r) | SLOW    |   3.757 (r) | FAST    |    0.000 |
mdata_out_0[15][2] |   7.821 (r) | SLOW    |   3.757 (r) | FAST    |    0.000 |
mdata_out_0[15][3] |   7.821 (r) | SLOW    |   3.757 (r) | FAST    |    0.000 |
mdata_out_0[15][4] |   7.821 (r) | SLOW    |   3.757 (r) | FAST    |    0.000 |
mdata_out_0[15][5] |   7.821 (r) | SLOW    |   3.757 (r) | FAST    |    0.000 |
-------------------+-------------+---------+-------------+---------+----------+
Worst Case Summary |   7.821 (r) | SLOW    |   3.757 (r) | FAST    |    0.000 |
-------------------+-------------+---------+-------------+---------+----------+



Max / Min delays for output bus
Clocked by: i_clk
Bus Skew: 0.000 ns
-------------------+-------------+---------+-------------+---------+----------+
                   |     Max     | Process |     Min     | Process | Edge     |
Pad                |   Delay(ns) | Corner  |   Delay(ns) | Corner  | Skew(ns) |
-------------------+-------------+---------+-------------+---------+----------+
mdata_out_0[1][0]  |   7.821 (r) | SLOW    |   3.757 (r) | FAST    |    0.000 |
mdata_out_0[1][1]  |   7.821 (r) | SLOW    |   3.757 (r) | FAST    |    0.000 |
mdata_out_0[1][2]  |   7.821 (r) | SLOW    |   3.757 (r) | FAST    |    0.000 |
mdata_out_0[1][3]  |   7.821 (r) | SLOW    |   3.757 (r) | FAST    |    0.000 |
mdata_out_0[1][4]  |   7.821 (r) | SLOW    |   3.757 (r) | FAST    |    0.000 |
mdata_out_0[1][5]  |   7.821 (r) | SLOW    |   3.757 (r) | FAST    |    0.000 |
-------------------+-------------+---------+-------------+---------+----------+
Worst Case Summary |   7.821 (r) | SLOW    |   3.757 (r) | FAST    |    0.000 |
-------------------+-------------+---------+-------------+---------+----------+



Max / Min delays for output bus
Clocked by: i_clk
Bus Skew: 0.000 ns
-------------------+-------------+---------+-------------+---------+----------+
                   |     Max     | Process |     Min     | Process | Edge     |
Pad                |   Delay(ns) | Corner  |   Delay(ns) | Corner  | Skew(ns) |
-------------------+-------------+---------+-------------+---------+----------+
mdata_out_0[2][0]  |   7.821 (r) | SLOW    |   3.757 (r) | FAST    |    0.000 |
mdata_out_0[2][1]  |   7.821 (r) | SLOW    |   3.757 (r) | FAST    |    0.000 |
mdata_out_0[2][2]  |   7.821 (r) | SLOW    |   3.757 (r) | FAST    |    0.000 |
mdata_out_0[2][3]  |   7.821 (r) | SLOW    |   3.757 (r) | FAST    |    0.000 |
mdata_out_0[2][4]  |   7.821 (r) | SLOW    |   3.757 (r) | FAST    |    0.000 |
mdata_out_0[2][5]  |   7.821 (r) | SLOW    |   3.757 (r) | FAST    |    0.000 |
-------------------+-------------+---------+-------------+---------+----------+
Worst Case Summary |   7.821 (r) | SLOW    |   3.757 (r) | FAST    |    0.000 |
-------------------+-------------+---------+-------------+---------+----------+



Max / Min delays for output bus
Clocked by: i_clk
Bus Skew: 0.000 ns
-------------------+-------------+---------+-------------+---------+----------+
                   |     Max     | Process |     Min     | Process | Edge     |
Pad                |   Delay(ns) | Corner  |   Delay(ns) | Corner  | Skew(ns) |
-------------------+-------------+---------+-------------+---------+----------+
mdata_out_0[3][0]  |   7.821 (r) | SLOW    |   3.757 (r) | FAST    |    0.000 |
mdata_out_0[3][1]  |   7.821 (r) | SLOW    |   3.757 (r) | FAST    |    0.000 |
mdata_out_0[3][2]  |   7.821 (r) | SLOW    |   3.757 (r) | FAST    |    0.000 |
mdata_out_0[3][3]  |   7.821 (r) | SLOW    |   3.757 (r) | FAST    |    0.000 |
mdata_out_0[3][4]  |   7.821 (r) | SLOW    |   3.757 (r) | FAST    |    0.000 |
mdata_out_0[3][5]  |   7.821 (r) | SLOW    |   3.757 (r) | FAST    |    0.000 |
-------------------+-------------+---------+-------------+---------+----------+
Worst Case Summary |   7.821 (r) | SLOW    |   3.757 (r) | FAST    |    0.000 |
-------------------+-------------+---------+-------------+---------+----------+



Max / Min delays for output bus
Clocked by: i_clk
Bus Skew: 0.000 ns
-------------------+-------------+---------+-------------+---------+----------+
                   |     Max     | Process |     Min     | Process | Edge     |
Pad                |   Delay(ns) | Corner  |   Delay(ns) | Corner  | Skew(ns) |
-------------------+-------------+---------+-------------+---------+----------+
mdata_out_0[4][0]  |   7.821 (r) | SLOW    |   3.757 (r) | FAST    |    0.000 |
mdata_out_0[4][1]  |   7.821 (r) | SLOW    |   3.757 (r) | FAST    |    0.000 |
mdata_out_0[4][2]  |   7.821 (r) | SLOW    |   3.757 (r) | FAST    |    0.000 |
mdata_out_0[4][3]  |   7.821 (r) | SLOW    |   3.757 (r) | FAST    |    0.000 |
mdata_out_0[4][4]  |   7.821 (r) | SLOW    |   3.757 (r) | FAST    |    0.000 |
mdata_out_0[4][5]  |   7.821 (r) | SLOW    |   3.757 (r) | FAST    |    0.000 |
-------------------+-------------+---------+-------------+---------+----------+
Worst Case Summary |   7.821 (r) | SLOW    |   3.757 (r) | FAST    |    0.000 |
-------------------+-------------+---------+-------------+---------+----------+



Max / Min delays for output bus
Clocked by: i_clk
Bus Skew: 0.000 ns
-------------------+-------------+---------+-------------+---------+----------+
                   |     Max     | Process |     Min     | Process | Edge     |
Pad                |   Delay(ns) | Corner  |   Delay(ns) | Corner  | Skew(ns) |
-------------------+-------------+---------+-------------+---------+----------+
mdata_out_0[5][0]  |   7.821 (r) | SLOW    |   3.757 (r) | FAST    |    0.000 |
mdata_out_0[5][1]  |   7.821 (r) | SLOW    |   3.757 (r) | FAST    |    0.000 |
mdata_out_0[5][2]  |   7.821 (r) | SLOW    |   3.757 (r) | FAST    |    0.000 |
mdata_out_0[5][3]  |   7.821 (r) | SLOW    |   3.757 (r) | FAST    |    0.000 |
mdata_out_0[5][4]  |   7.821 (r) | SLOW    |   3.757 (r) | FAST    |    0.000 |
mdata_out_0[5][5]  |   7.821 (r) | SLOW    |   3.757 (r) | FAST    |    0.000 |
-------------------+-------------+---------+-------------+---------+----------+
Worst Case Summary |   7.821 (r) | SLOW    |   3.757 (r) | FAST    |    0.000 |
-------------------+-------------+---------+-------------+---------+----------+



Max / Min delays for output bus
Clocked by: i_clk
Bus Skew: 0.000 ns
-------------------+-------------+---------+-------------+---------+----------+
                   |     Max     | Process |     Min     | Process | Edge     |
Pad                |   Delay(ns) | Corner  |   Delay(ns) | Corner  | Skew(ns) |
-------------------+-------------+---------+-------------+---------+----------+
mdata_out_0[6][0]  |   7.821 (r) | SLOW    |   3.757 (r) | FAST    |    0.000 |
mdata_out_0[6][1]  |   7.821 (r) | SLOW    |   3.757 (r) | FAST    |    0.000 |
mdata_out_0[6][2]  |   7.821 (r) | SLOW    |   3.757 (r) | FAST    |    0.000 |
mdata_out_0[6][3]  |   7.821 (r) | SLOW    |   3.757 (r) | FAST    |    0.000 |
mdata_out_0[6][4]  |   7.821 (r) | SLOW    |   3.757 (r) | FAST    |    0.000 |
mdata_out_0[6][5]  |   7.821 (r) | SLOW    |   3.757 (r) | FAST    |    0.000 |
-------------------+-------------+---------+-------------+---------+----------+
Worst Case Summary |   7.821 (r) | SLOW    |   3.757 (r) | FAST    |    0.000 |
-------------------+-------------+---------+-------------+---------+----------+



Max / Min delays for output bus
Clocked by: i_clk
Bus Skew: 0.000 ns
-------------------+-------------+---------+-------------+---------+----------+
                   |     Max     | Process |     Min     | Process | Edge     |
Pad                |   Delay(ns) | Corner  |   Delay(ns) | Corner  | Skew(ns) |
-------------------+-------------+---------+-------------+---------+----------+
mdata_out_0[7][0]  |   7.821 (r) | SLOW    |   3.757 (r) | FAST    |    0.000 |
mdata_out_0[7][1]  |   7.821 (r) | SLOW    |   3.757 (r) | FAST    |    0.000 |
mdata_out_0[7][2]  |   7.821 (r) | SLOW    |   3.757 (r) | FAST    |    0.000 |
mdata_out_0[7][3]  |   7.821 (r) | SLOW    |   3.757 (r) | FAST    |    0.000 |
mdata_out_0[7][4]  |   7.821 (r) | SLOW    |   3.757 (r) | FAST    |    0.000 |
mdata_out_0[7][5]  |   7.821 (r) | SLOW    |   3.757 (r) | FAST    |    0.000 |
-------------------+-------------+---------+-------------+---------+----------+
Worst Case Summary |   7.821 (r) | SLOW    |   3.757 (r) | FAST    |    0.000 |
-------------------+-------------+---------+-------------+---------+----------+



Max / Min delays for output bus
Clocked by: i_clk
Bus Skew: 0.000 ns
-------------------+-------------+---------+-------------+---------+----------+
                   |     Max     | Process |     Min     | Process | Edge     |
Pad                |   Delay(ns) | Corner  |   Delay(ns) | Corner  | Skew(ns) |
-------------------+-------------+---------+-------------+---------+----------+
mdata_out_0[8][0]  |   7.821 (r) | SLOW    |   3.757 (r) | FAST    |    0.000 |
mdata_out_0[8][1]  |   7.821 (r) | SLOW    |   3.757 (r) | FAST    |    0.000 |
mdata_out_0[8][2]  |   7.821 (r) | SLOW    |   3.757 (r) | FAST    |    0.000 |
mdata_out_0[8][3]  |   7.821 (r) | SLOW    |   3.757 (r) | FAST    |    0.000 |
mdata_out_0[8][4]  |   7.821 (r) | SLOW    |   3.757 (r) | FAST    |    0.000 |
mdata_out_0[8][5]  |   7.821 (r) | SLOW    |   3.757 (r) | FAST    |    0.000 |
-------------------+-------------+---------+-------------+---------+----------+
Worst Case Summary |   7.821 (r) | SLOW    |   3.757 (r) | FAST    |    0.000 |
-------------------+-------------+---------+-------------+---------+----------+



Max / Min delays for output bus
Clocked by: i_clk
Bus Skew: 0.000 ns
-------------------+-------------+---------+-------------+---------+----------+
                   |     Max     | Process |     Min     | Process | Edge     |
Pad                |   Delay(ns) | Corner  |   Delay(ns) | Corner  | Skew(ns) |
-------------------+-------------+---------+-------------+---------+----------+
mdata_out_0[9][0]  |   7.821 (r) | SLOW    |   3.757 (r) | FAST    |    0.000 |
mdata_out_0[9][1]  |   7.821 (r) | SLOW    |   3.757 (r) | FAST    |    0.000 |
mdata_out_0[9][2]  |   7.821 (r) | SLOW    |   3.757 (r) | FAST    |    0.000 |
mdata_out_0[9][3]  |   7.821 (r) | SLOW    |   3.757 (r) | FAST    |    0.000 |
mdata_out_0[9][4]  |   7.821 (r) | SLOW    |   3.757 (r) | FAST    |    0.000 |
mdata_out_0[9][5]  |   7.821 (r) | SLOW    |   3.757 (r) | FAST    |    0.000 |
-------------------+-------------+---------+-------------+---------+----------+
Worst Case Summary |   7.821 (r) | SLOW    |   3.757 (r) | FAST    |    0.000 |
-------------------+-------------+---------+-------------+---------+----------+




