Copyright 1986-2022 Xilinx, Inc. All Rights Reserved. Copyright 2022-2025 Advanced Micro Devices, Inc. All Rights Reserved.
---------------------------------------------------------------------------------------------------------------------------------------------------------------------------------------------------------------------------------------------------------------------
| Tool Version     : Vivado v.2025.1 (lin64) Build 6140274 Wed May 21 22:58:25 MDT 2025
| Date             : Mon Jan 12 06:51:07 2026
| Host             : ee-kraken running 64-bit Red Hat Enterprise Linux 9.5 (Plow)
| Command          : report_power -file ./src/attention/synth_output/attention_fp_S_q_4_S_kv_4_d_kq_4_d_v_4_k_2_scale_width_8_M1_E_5_M1_M_7_M2_E_5_M2_M_7_M3_E_5_M3_M_7_ACCUM_METHOD_KULISCH_KULISCH_KULISCH_DSP_auto_auto_auto_time_20260112_0635_power.rpt
| Design           : attention_fp
| Device           : xcu250-figd2104-2L-e
| Design State     : synthesized
| Grade            : extended
| Process          : typical
| Characterization : Production
---------------------------------------------------------------------------------------------------------------------------------------------------------------------------------------------------------------------------------------------------------------------

Power Report

Table of Contents
-----------------
1. Summary
1.1 On-Chip Components
1.2 Power Supply Summary
1.3 Confidence Level
2. Settings
2.1 Environment
2.2 Clock Constraints
3. Detailed Reports
3.1 By Hierarchy

1. Summary
----------

+--------------------------+--------------+
| Total On-Chip Power (W)  | 5.486        |
| Design Power Budget (W)  | Unspecified* |
| Power Budget Margin (W)  | NA           |
| Dynamic (W)              | 2.494        |
| Device Static (W)        | 2.992        |
| Effective TJA (C/W)      | 0.5          |
| Max Ambient (C)          | 97.1         |
| Junction Temperature (C) | 27.9         |
| Confidence Level         | Low          |
| Setting File             | ---          |
| Simulation Activity File | ---          |
| Design Nets Matched      | NA           |
+--------------------------+--------------+
* Specify Design Power Budget using, set_operating_conditions -design_power_budget <value in Watts>


1.1 On-Chip Components
----------------------

+--------------------------+-----------+----------+-----------+-----------------+
| On-Chip                  | Power (W) | Used     | Available | Utilization (%) |
+--------------------------+-----------+----------+-----------+-----------------+
| Clocks                   |     0.068 |        3 |       --- |             --- |
| CLB Logic                |     1.087 |    76236 |       --- |             --- |
|   LUT as Logic           |     1.035 |    54100 |   1728000 |            3.13 |
|   CARRY8                 |     0.025 |     2880 |    216000 |            1.33 |
|   LUT as Distributed RAM |     0.023 |      480 |    791040 |            0.06 |
|   Register               |     0.004 |     8592 |   3456000 |            0.25 |
|   Others                 |     0.000 |     1108 |       --- |             --- |
|   F7/F8 Muxes            |     0.000 |      136 |   1728000 |           <0.01 |
| Signals                  |     0.806 |    63808 |       --- |             --- |
| DSPs                     |     0.012 |       16 |     12288 |            0.13 |
| I/O                      |     0.521 |     1089 |       676 |          161.09 |
| Static Power             |     2.992 |          |           |                 |
| Total                    |     5.486 |          |           |                 |
+--------------------------+-----------+----------+-----------+-----------------+


1.2 Power Supply Summary
------------------------

+------------------+-------------+-----------+-------------+------------+-------------+-------------+------------+
| Source           | Voltage (V) | Total (A) | Dynamic (A) | Static (A) | Powerup (A) | Budget (A)  | Margin (A) |
+------------------+-------------+-----------+-------------+------------+-------------+-------------+------------+
| Vccint           |       0.850 |     3.520 |       2.322 |      1.199 |       NA    | Unspecified | NA         |
| Vccint_io        |       0.850 |     0.170 |       0.028 |      0.143 |       NA    | Unspecified | NA         |
| Vccbram          |       0.850 |     0.021 |       0.000 |      0.021 |       NA    | Unspecified | NA         |
| Vccaux           |       1.800 |     0.882 |       0.000 |      0.882 |       NA    | Unspecified | NA         |
| Vccaux_io        |       1.800 |     0.198 |       0.094 |      0.104 |       NA    | Unspecified | NA         |
| Vcco33           |       3.300 |     0.000 |       0.000 |      0.000 |       NA    | Unspecified | NA         |
| Vcco25           |       2.500 |     0.000 |       0.000 |      0.000 |       NA    | Unspecified | NA         |
| Vcco18           |       1.800 |     0.182 |       0.182 |      0.000 |       NA    | Unspecified | NA         |
| Vcco15           |       1.500 |     0.000 |       0.000 |      0.000 |       NA    | Unspecified | NA         |
| Vcco135          |       1.350 |     0.000 |       0.000 |      0.000 |       NA    | Unspecified | NA         |
| Vcco12           |       1.200 |     0.000 |       0.000 |      0.000 |       NA    | Unspecified | NA         |
| Vcco10           |       1.000 |     0.000 |       0.000 |      0.000 |       NA    | Unspecified | NA         |
| Vccadc           |       1.800 |     0.032 |       0.000 |      0.032 |       NA    | Unspecified | NA         |
| VMGTAVCC (GTY)   |       0.900 |     0.000 |       0.000 |      0.000 |       NA    | Unspecified | NA         |
| VMGTAVTT (GTY)   |       1.200 |     0.000 |       0.000 |      0.000 |       NA    | Unspecified | NA         |
| VMGTVCCAUX (GTY) |       1.800 |     0.000 |       0.000 |      0.000 |       NA    | Unspecified | NA         |
+------------------+-------------+-----------+-------------+------------+-------------+-------------+------------+


1.3 Confidence Level
--------------------

+-----------------------------+------------+--------------------------------------------------------+------------------------------------------------------------------------------------------------------------+
| User Input Data             | Confidence | Details                                                | Action                                                                                                     |
+-----------------------------+------------+--------------------------------------------------------+------------------------------------------------------------------------------------------------------------+
| Design implementation state | Low        | Design is synthesized                                  | Accuracy of the tool is not optimal until design is fully placed and routed                                |
| Clock nodes activity        | High       | User specified more than 95% of clocks                 |                                                                                                            |
| I/O nodes activity          | Low        | More than 75% of inputs are missing user specification | Provide missing input activity with simulation results or by editing the "By Resource Type -> I/Os" view   |
| Internal nodes activity     | Medium     | User specified less than 25% of internal nodes         | Provide missing internal nodes activity with simulation results or by editing the "By Resource Type" views |
| Device models               | High       | Device models are Production                           |                                                                                                            |
|                             |            |                                                        |                                                                                                            |
| Overall confidence level    | Low        |                                                        |                                                                                                            |
+-----------------------------+------------+--------------------------------------------------------+------------------------------------------------------------------------------------------------------------+


2. Settings
-----------

2.1 Environment
---------------

+-----------------------+--------------------------+
| Ambient Temp (C)      | 25.0                     |
| ThetaJA (C/W)         | 0.5                      |
| Airflow (LFM)         | 250                      |
| Heat Sink             | medium (Medium Profile)  |
| ThetaSA (C/W)         | 0.7                      |
| Board Selection       | medium (10"x10")         |
| # of Board Layers     | 12to15 (12 to 15 Layers) |
| Board Temperature (C) | 25.0                     |
+-----------------------+--------------------------+


2.2 Clock Constraints
---------------------

+-------+--------+-----------------+
| Clock | Domain | Constraint (ns) |
+-------+--------+-----------------+
| i_clk | i_clk  |             5.0 |
+-------+--------+-----------------+


3. Detailed Reports
-------------------

3.1 By Hierarchy
----------------

+------------------------------------------------+-----------+
| Name                                           | Power (W) |
+------------------------------------------------+-----------+
| attention_fp                                   |     2.494 |
|   sm_inst[0].sm_inner[0].u_curr_softmax        |     0.131 |
|     acc_circular                               |     0.003 |
|       mdata_in_0_buffer                        |     0.003 |
|     cast_inst                                  |     0.060 |
|       data_in_0_unpacked_mx_split2_with_data_i |     0.009 |
|       output_skid_buffer                       |     0.051 |
|     div_inst                                   |     0.025 |
|       div_inst                                 |     0.021 |
|       split2_dividend                          |     0.002 |
|       split2_divisor                           |     0.002 |
|     mxint_accumulator_inst                     |     0.015 |
|     mxint_exp_inst                             |     0.022 |
|       ovshift_inst                             |     0.009 |
|     split2_mxint_exp_inst                      |     0.005 |
|       split2_with_data_i                       |     0.004 |
|   sm_inst[0].sm_inner[1].u_curr_softmax        |     0.106 |
|     acc_circular                               |     0.003 |
|       mdata_in_0_buffer                        |     0.003 |
|     cast_inst                                  |     0.036 |
|       data_in_0_unpacked_mx_split2_with_data_i |     0.009 |
|       output_skid_buffer                       |     0.026 |
|     div_inst                                   |     0.025 |
|       div_inst                                 |     0.021 |
|       split2_dividend                          |     0.002 |
|       split2_divisor                           |     0.002 |
|     mxint_accumulator_inst                     |     0.015 |
|     mxint_exp_inst                             |     0.022 |
|       ovshift_inst                             |     0.009 |
|     split2_mxint_exp_inst                      |     0.005 |
|       split2_with_data_i                       |     0.004 |
|   sm_inst[1].sm_inner[0].u_curr_softmax        |     0.131 |
|     acc_circular                               |     0.003 |
|       mdata_in_0_buffer                        |     0.003 |
|     cast_inst                                  |     0.060 |
|       data_in_0_unpacked_mx_split2_with_data_i |     0.009 |
|       output_skid_buffer                       |     0.051 |
|     div_inst                                   |     0.025 |
|       div_inst                                 |     0.021 |
|       split2_dividend                          |     0.002 |
|       split2_divisor                           |     0.002 |
|     mxint_accumulator_inst                     |     0.015 |
|     mxint_exp_inst                             |     0.022 |
|       ovshift_inst                             |     0.009 |
|     split2_mxint_exp_inst                      |     0.005 |
|       split2_with_data_i                       |     0.004 |
|   sm_inst[1].sm_inner[1].u_curr_softmax        |     0.106 |
|     acc_circular                               |     0.003 |
|       mdata_in_0_buffer                        |     0.003 |
|     cast_inst                                  |     0.036 |
|       data_in_0_unpacked_mx_split2_with_data_i |     0.009 |
|       output_skid_buffer                       |     0.026 |
|     div_inst                                   |     0.025 |
|       div_inst                                 |     0.021 |
|       split2_dividend                          |     0.002 |
|       split2_divisor                           |     0.002 |
|     mxint_accumulator_inst                     |     0.015 |
|     mxint_exp_inst                             |     0.022 |
|       ovshift_inst                             |     0.009 |
|     split2_mxint_exp_inst                      |     0.005 |
|       split2_with_data_i                       |     0.004 |
|   sm_inst[2].sm_inner[0].u_curr_softmax        |     0.131 |
|     acc_circular                               |     0.003 |
|       mdata_in_0_buffer                        |     0.003 |
|     cast_inst                                  |     0.060 |
|       data_in_0_unpacked_mx_split2_with_data_i |     0.009 |
|       output_skid_buffer                       |     0.051 |
|     div_inst                                   |     0.025 |
|       div_inst                                 |     0.021 |
|       split2_dividend                          |     0.002 |
|       split2_divisor                           |     0.002 |
|     mxint_accumulator_inst                     |     0.015 |
|     mxint_exp_inst                             |     0.022 |
|       ovshift_inst                             |     0.009 |
|     split2_mxint_exp_inst                      |     0.005 |
|       split2_with_data_i                       |     0.004 |
|   sm_inst[2].sm_inner[1].u_curr_softmax        |     0.106 |
|     acc_circular                               |     0.003 |
|       mdata_in_0_buffer                        |     0.003 |
|     cast_inst                                  |     0.036 |
|       data_in_0_unpacked_mx_split2_with_data_i |     0.009 |
|       output_skid_buffer                       |     0.026 |
|     div_inst                                   |     0.025 |
|       div_inst                                 |     0.021 |
|       split2_dividend                          |     0.002 |
|       split2_divisor                           |     0.002 |
|     mxint_accumulator_inst                     |     0.015 |
|     mxint_exp_inst                             |     0.022 |
|       ovshift_inst                             |     0.009 |
|     split2_mxint_exp_inst                      |     0.005 |
|       split2_with_data_i                       |     0.004 |
|   sm_inst[3].sm_inner[0].u_curr_softmax        |     0.131 |
|     acc_circular                               |     0.003 |
|       mdata_in_0_buffer                        |     0.003 |
|     cast_inst                                  |     0.060 |
|       data_in_0_unpacked_mx_split2_with_data_i |     0.009 |
|       output_skid_buffer                       |     0.051 |
|     div_inst                                   |     0.025 |
|       div_inst                                 |     0.021 |
|       split2_dividend                          |     0.002 |
|       split2_divisor                           |     0.002 |
|     mxint_accumulator_inst                     |     0.015 |
|     mxint_exp_inst                             |     0.022 |
|       ovshift_inst                             |     0.009 |
|     split2_mxint_exp_inst                      |     0.005 |
|       split2_with_data_i                       |     0.004 |
|   sm_inst[3].sm_inner[1].u_curr_softmax        |     0.106 |
|     acc_circular                               |     0.003 |
|       mdata_in_0_buffer                        |     0.003 |
|     cast_inst                                  |     0.036 |
|       data_in_0_unpacked_mx_split2_with_data_i |     0.009 |
|       output_skid_buffer                       |     0.026 |
|     div_inst                                   |     0.025 |
|       div_inst                                 |     0.021 |
|       split2_dividend                          |     0.002 |
|       split2_divisor                           |     0.002 |
|     mxint_accumulator_inst                     |     0.015 |
|     mxint_exp_inst                             |     0.022 |
|       ovshift_inst                             |     0.009 |
|     split2_mxint_exp_inst                      |     0.005 |
|       split2_with_data_i                       |     0.004 |
|   u_matmul_QK                                  |     0.762 |
|     row_loop[0].col_loop[0].u_dot_general      |     0.059 |
|       genblk1[0].u_dot_fp                      |     0.013 |
|       genblk1[1].u_dot_fp                      |     0.013 |
|       tree_add[0].genblk1[0].u_add_nrm         |     0.033 |
|     row_loop[0].col_loop[1].u_dot_general      |     0.037 |
|       genblk1[0].u_dot_fp                      |     0.012 |
|       genblk1[1].u_dot_fp                      |     0.011 |
|       tree_add[0].genblk1[0].u_add_nrm         |     0.014 |
|     row_loop[0].col_loop[2].u_dot_general      |     0.058 |
|       genblk1[0].u_dot_fp                      |     0.013 |
|       genblk1[1].u_dot_fp                      |     0.012 |
|       tree_add[0].genblk1[0].u_add_nrm         |     0.033 |
|     row_loop[0].col_loop[3].u_dot_general      |     0.037 |
|       genblk1[0].u_dot_fp                      |     0.012 |
|       genblk1[1].u_dot_fp                      |     0.011 |
|       tree_add[0].genblk1[0].u_add_nrm         |     0.014 |
|     row_loop[1].col_loop[0].u_dot_general      |     0.059 |
|       genblk1[0].u_dot_fp                      |     0.013 |
|       genblk1[1].u_dot_fp                      |     0.013 |
|       tree_add[0].genblk1[0].u_add_nrm         |     0.033 |
|     row_loop[1].col_loop[1].u_dot_general      |     0.037 |
|       genblk1[0].u_dot_fp                      |     0.012 |
|       genblk1[1].u_dot_fp                      |     0.011 |
|       tree_add[0].genblk1[0].u_add_nrm         |     0.014 |
|     row_loop[1].col_loop[2].u_dot_general      |     0.055 |
|       genblk1[0].u_dot_fp                      |     0.012 |
|       genblk1[1].u_dot_fp                      |     0.011 |
|       tree_add[0].genblk1[0].u_add_nrm         |     0.033 |
|     row_loop[1].col_loop[3].u_dot_general      |     0.037 |
|       genblk1[0].u_dot_fp                      |     0.012 |
|       genblk1[1].u_dot_fp                      |     0.011 |
|       tree_add[0].genblk1[0].u_add_nrm         |     0.014 |
|     row_loop[2].col_loop[0].u_dot_general      |     0.062 |
|       genblk1[0].u_dot_fp                      |     0.015 |
|       genblk1[1].u_dot_fp                      |     0.014 |
|       tree_add[0].genblk1[0].u_add_nrm         |     0.033 |
|     row_loop[2].col_loop[1].u_dot_general      |     0.040 |
|       genblk1[0].u_dot_fp                      |     0.013 |
|       genblk1[1].u_dot_fp                      |     0.013 |
|       tree_add[0].genblk1[0].u_add_nrm         |     0.014 |
|     row_loop[2].col_loop[2].u_dot_general      |     0.055 |
|       genblk1[0].u_dot_fp                      |     0.012 |
|       genblk1[1].u_dot_fp                      |     0.011 |
|       tree_add[0].genblk1[0].u_add_nrm         |     0.033 |
|     row_loop[2].col_loop[3].u_dot_general      |     0.039 |
|       genblk1[0].u_dot_fp                      |     0.013 |
|       genblk1[1].u_dot_fp                      |     0.012 |
|       tree_add[0].genblk1[0].u_add_nrm         |     0.014 |
|     row_loop[3].col_loop[0].u_dot_general      |     0.059 |
|       genblk1[0].u_dot_fp                      |     0.013 |
|       genblk1[1].u_dot_fp                      |     0.013 |
|       tree_add[0].genblk1[0].u_add_nrm         |     0.033 |
|     row_loop[3].col_loop[1].u_dot_general      |     0.037 |
|       genblk1[0].u_dot_fp                      |     0.012 |
|       genblk1[1].u_dot_fp                      |     0.011 |
|       tree_add[0].genblk1[0].u_add_nrm         |     0.014 |
|     row_loop[3].col_loop[2].u_dot_general      |     0.056 |
|       genblk1[0].u_dot_fp                      |     0.012 |
|       genblk1[1].u_dot_fp                      |     0.011 |
|       tree_add[0].genblk1[0].u_add_nrm         |     0.033 |
|     row_loop[3].col_loop[3].u_dot_general      |     0.037 |
|       genblk1[0].u_dot_fp                      |     0.012 |
|       genblk1[1].u_dot_fp                      |     0.011 |
|       tree_add[0].genblk1[0].u_add_nrm         |     0.014 |
|   u_matmul_SMV                                 |     0.215 |
|     row_loop[0].col_loop[0].u_dot_general      |     0.013 |
|       genblk1[0].u_dot_fp                      |     0.005 |
|       genblk1[1].u_dot_fp                      |     0.003 |
|       tree_add[0].genblk1[0].u_add_nrm         |     0.005 |
|     row_loop[0].col_loop[1].u_dot_general      |     0.013 |
|       genblk1[0].u_dot_fp                      |     0.005 |
|       genblk1[1].u_dot_fp                      |     0.003 |
|       tree_add[0].genblk1[0].u_add_nrm         |     0.005 |
|     row_loop[0].col_loop[2].u_dot_general      |     0.014 |
|       genblk1[0].u_dot_fp                      |     0.005 |
|       genblk1[1].u_dot_fp                      |     0.004 |
|       tree_add[0].genblk1[0].u_add_nrm         |     0.005 |
|     row_loop[0].col_loop[3].u_dot_general      |     0.013 |
|       genblk1[0].u_dot_fp                      |     0.005 |
|       genblk1[1].u_dot_fp                      |     0.003 |
|       tree_add[0].genblk1[0].u_add_nrm         |     0.005 |
|     row_loop[1].col_loop[0].u_dot_general      |     0.013 |
|       genblk1[0].u_dot_fp                      |     0.005 |
|       genblk1[1].u_dot_fp                      |     0.003 |
|       tree_add[0].genblk1[0].u_add_nrm         |     0.005 |
|     row_loop[1].col_loop[1].u_dot_general      |     0.013 |
|       genblk1[0].u_dot_fp                      |     0.005 |
|       genblk1[1].u_dot_fp                      |     0.003 |
|       tree_add[0].genblk1[0].u_add_nrm         |     0.005 |
|     row_loop[1].col_loop[2].u_dot_general      |     0.013 |
|       genblk1[0].u_dot_fp                      |     0.005 |
|       genblk1[1].u_dot_fp                      |     0.003 |
|       tree_add[0].genblk1[0].u_add_nrm         |     0.005 |
|     row_loop[1].col_loop[3].u_dot_general      |     0.013 |
|       genblk1[0].u_dot_fp                      |     0.005 |
|       genblk1[1].u_dot_fp                      |     0.003 |
|       tree_add[0].genblk1[0].u_add_nrm         |     0.005 |
|     row_loop[2].col_loop[0].u_dot_general      |     0.015 |
|       genblk1[0].u_dot_fp                      |     0.006 |
|       genblk1[1].u_dot_fp                      |     0.004 |
|       tree_add[0].genblk1[0].u_add_nrm         |     0.005 |
|     row_loop[2].col_loop[1].u_dot_general      |     0.014 |
|       genblk1[0].u_dot_fp                      |     0.006 |
|       genblk1[1].u_dot_fp                      |     0.004 |
|       tree_add[0].genblk1[0].u_add_nrm         |     0.005 |
|     row_loop[2].col_loop[2].u_dot_general      |     0.013 |
|       genblk1[0].u_dot_fp                      |     0.005 |
|       genblk1[1].u_dot_fp                      |     0.003 |
|       tree_add[0].genblk1[0].u_add_nrm         |     0.005 |
|     row_loop[2].col_loop[3].u_dot_general      |     0.014 |
|       genblk1[0].u_dot_fp                      |     0.005 |
|       genblk1[1].u_dot_fp                      |     0.004 |
|       tree_add[0].genblk1[0].u_add_nrm         |     0.005 |
|     row_loop[3].col_loop[0].u_dot_general      |     0.013 |
|       genblk1[0].u_dot_fp                      |     0.005 |
|       genblk1[1].u_dot_fp                      |     0.003 |
|       tree_add[0].genblk1[0].u_add_nrm         |     0.005 |
|     row_loop[3].col_loop[1].u_dot_general      |     0.013 |
|       genblk1[0].u_dot_fp                      |     0.005 |
|       genblk1[1].u_dot_fp                      |     0.003 |
|       tree_add[0].genblk1[0].u_add_nrm         |     0.005 |
|     row_loop[3].col_loop[2].u_dot_general      |     0.013 |
|       genblk1[0].u_dot_fp                      |     0.005 |
|       genblk1[1].u_dot_fp                      |     0.003 |
|       tree_add[0].genblk1[0].u_add_nrm         |     0.005 |
|     row_loop[3].col_loop[3].u_dot_general      |     0.013 |
|       genblk1[0].u_dot_fp                      |     0.005 |
|       genblk1[1].u_dot_fp                      |     0.003 |
|       tree_add[0].genblk1[0].u_add_nrm         |     0.005 |
+------------------------------------------------+-----------+


