Copyright 1986-2022 Xilinx, Inc. All Rights Reserved. Copyright 2022-2025 Advanced Micro Devices, Inc. All Rights Reserved.
---------------------------------------------------------------------------------------------------------------------------------------------------------------------------------------------------------------------------------------------------------------------
| Tool Version     : Vivado v.2025.1 (lin64) Build 6140274 Wed May 21 22:58:25 MDT 2025
| Date             : Mon Jan 12 05:30:09 2026
| Host             : ee-kraken running 64-bit Red Hat Enterprise Linux 9.5 (Plow)
| Command          : report_power -file ./src/attention/synth_output/attention_fp_S_q_4_S_kv_4_d_kq_4_d_v_4_k_2_scale_width_8_M1_E_3_M1_M_2_M2_E_3_M2_M_2_M3_E_3_M3_M_2_ACCUM_METHOD_KULISCH_KULISCH_KULISCH_DSP_auto_auto_auto_time_20260112_0522_power.rpt
| Design           : attention_fp
| Device           : xcu250-figd2104-2L-e
| Design State     : synthesized
| Grade            : extended
| Process          : typical
| Characterization : Production
---------------------------------------------------------------------------------------------------------------------------------------------------------------------------------------------------------------------------------------------------------------------

Power Report

Table of Contents
-----------------
1. Summary
1.1 On-Chip Components
1.2 Power Supply Summary
1.3 Confidence Level
2. Settings
2.1 Environment
2.2 Clock Constraints
3. Detailed Reports
3.1 By Hierarchy

1. Summary
----------

+--------------------------+--------------+
| Total On-Chip Power (W)  | 4.437        |
| Design Power Budget (W)  | Unspecified* |
| Power Budget Margin (W)  | NA           |
| Dynamic (W)              | 1.466        |
| Device Static (W)        | 2.972        |
| Effective TJA (C/W)      | 0.5          |
| Max Ambient (C)          | 97.7         |
| Junction Temperature (C) | 27.3         |
| Confidence Level         | Low          |
| Setting File             | ---          |
| Simulation Activity File | ---          |
| Design Nets Matched      | NA           |
+--------------------------+--------------+
* Specify Design Power Budget using, set_operating_conditions -design_power_budget <value in Watts>


1.1 On-Chip Components
----------------------

+--------------------------+-----------+----------+-----------+-----------------+
| On-Chip                  | Power (W) | Used     | Available | Utilization (%) |
+--------------------------+-----------+----------+-----------+-----------------+
| Clocks                   |     0.051 |        3 |       --- |             --- |
| CLB Logic                |     0.534 |    39064 |       --- |             --- |
|   LUT as Logic           |     0.501 |    25679 |   1728000 |            1.49 |
|   LUT as Distributed RAM |     0.022 |      416 |    791040 |            0.05 |
|   CARRY8                 |     0.007 |      808 |    216000 |            0.37 |
|   Register               |     0.003 |     6360 |   3456000 |            0.18 |
|   Others                 |     0.000 |      668 |       --- |             --- |
|   F7/F8 Muxes            |     0.000 |       48 |   1728000 |           <0.01 |
| Signals                  |     0.422 |    33252 |       --- |             --- |
| I/O                      |     0.459 |      641 |       676 |           94.82 |
| Static Power             |     2.972 |          |           |                 |
| Total                    |     4.437 |          |           |                 |
+--------------------------+-----------+----------+-----------+-----------------+


1.2 Power Supply Summary
------------------------

+------------------+-------------+-----------+-------------+------------+-------------+-------------+------------+
| Source           | Voltage (V) | Total (A) | Dynamic (A) | Static (A) | Powerup (A) | Budget (A)  | Margin (A) |
+------------------+-------------+-----------+-------------+------------+-------------+-------------+------------+
| Vccint           |       0.850 |     2.356 |       1.184 |      1.172 |       NA    | Unspecified | NA         |
| Vccint_io        |       0.850 |     0.165 |       0.023 |      0.142 |       NA    | Unspecified | NA         |
| Vccbram          |       0.850 |     0.021 |       0.000 |      0.021 |       NA    | Unspecified | NA         |
| Vccaux           |       1.800 |     0.884 |       0.000 |      0.884 |       NA    | Unspecified | NA         |
| Vccaux_io        |       1.800 |     0.177 |       0.073 |      0.104 |       NA    | Unspecified | NA         |
| Vcco33           |       3.300 |     0.000 |       0.000 |      0.000 |       NA    | Unspecified | NA         |
| Vcco25           |       2.500 |     0.000 |       0.000 |      0.000 |       NA    | Unspecified | NA         |
| Vcco18           |       1.800 |     0.171 |       0.171 |      0.000 |       NA    | Unspecified | NA         |
| Vcco15           |       1.500 |     0.000 |       0.000 |      0.000 |       NA    | Unspecified | NA         |
| Vcco135          |       1.350 |     0.000 |       0.000 |      0.000 |       NA    | Unspecified | NA         |
| Vcco12           |       1.200 |     0.000 |       0.000 |      0.000 |       NA    | Unspecified | NA         |
| Vcco10           |       1.000 |     0.000 |       0.000 |      0.000 |       NA    | Unspecified | NA         |
| Vccadc           |       1.800 |     0.032 |       0.000 |      0.032 |       NA    | Unspecified | NA         |
| VMGTAVCC (GTY)   |       0.900 |     0.000 |       0.000 |      0.000 |       NA    | Unspecified | NA         |
| VMGTAVTT (GTY)   |       1.200 |     0.000 |       0.000 |      0.000 |       NA    | Unspecified | NA         |
| VMGTVCCAUX (GTY) |       1.800 |     0.000 |       0.000 |      0.000 |       NA    | Unspecified | NA         |
+------------------+-------------+-----------+-------------+------------+-------------+-------------+------------+


1.3 Confidence Level
--------------------

+-----------------------------+------------+--------------------------------------------------------+------------------------------------------------------------------------------------------------------------+
| User Input Data             | Confidence | Details                                                | Action                                                                                                     |
+-----------------------------+------------+--------------------------------------------------------+------------------------------------------------------------------------------------------------------------+
| Design implementation state | Low        | Design is synthesized                                  | Accuracy of the tool is not optimal until design is fully placed and routed                                |
| Clock nodes activity        | High       | User specified more than 95% of clocks                 |                                                                                                            |
| I/O nodes activity          | Low        | More than 75% of inputs are missing user specification | Provide missing input activity with simulation results or by editing the "By Resource Type -> I/Os" view   |
| Internal nodes activity     | Medium     | User specified less than 25% of internal nodes         | Provide missing internal nodes activity with simulation results or by editing the "By Resource Type" views |
| Device models               | High       | Device models are Production                           |                                                                                                            |
|                             |            |                                                        |                                                                                                            |
| Overall confidence level    | Low        |                                                        |                                                                                                            |
+-----------------------------+------------+--------------------------------------------------------+------------------------------------------------------------------------------------------------------------+


2. Settings
-----------

2.1 Environment
---------------

+-----------------------+--------------------------+
| Ambient Temp (C)      | 25.0                     |
| ThetaJA (C/W)         | 0.5                      |
| Airflow (LFM)         | 250                      |
| Heat Sink             | medium (Medium Profile)  |
| ThetaSA (C/W)         | 0.7                      |
| Board Selection       | medium (10"x10")         |
| # of Board Layers     | 12to15 (12 to 15 Layers) |
| Board Temperature (C) | 25.0                     |
+-----------------------+--------------------------+


2.2 Clock Constraints
---------------------

+-------+--------+-----------------+
| Clock | Domain | Constraint (ns) |
+-------+--------+-----------------+
| i_clk | i_clk  |             5.0 |
+-------+--------+-----------------+


3. Detailed Reports
-------------------

3.1 By Hierarchy
----------------

+------------------------------------------------+-----------+
| Name                                           | Power (W) |
+------------------------------------------------+-----------+
| attention_fp                                   |     1.466 |
|   sm_inst[0].sm_inner[0].u_curr_softmax        |     0.042 |
|     acc_circular                               |     0.002 |
|       mdata_in_0_buffer                        |     0.002 |
|     cast_inst                                  |     0.020 |
|       data_in_0_unpacked_mx_split2_with_data_i |     0.006 |
|       output_skid_buffer                       |     0.013 |
|     div_inst                                   |     0.012 |
|       div_inst                                 |     0.008 |
|       split2_dividend                          |     0.002 |
|       split2_divisor                           |     0.002 |
|     mxint_accumulator_inst                     |     0.004 |
|     mxint_exp_inst                             |     0.001 |
|     split2_mxint_exp_inst                      |     0.003 |
|       split2_with_data_i                       |     0.003 |
|   sm_inst[0].sm_inner[1].u_curr_softmax        |     0.078 |
|     acc_circular                               |     0.002 |
|       mdata_in_0_buffer                        |     0.002 |
|     cast_inst                                  |     0.056 |
|       data_in_0_unpacked_mx_split2_with_data_i |     0.006 |
|       output_skid_buffer                       |     0.049 |
|     div_inst                                   |     0.012 |
|       div_inst                                 |     0.008 |
|       split2_dividend                          |     0.002 |
|       split2_divisor                           |     0.002 |
|     mxint_accumulator_inst                     |     0.004 |
|     mxint_exp_inst                             |     0.001 |
|     split2_mxint_exp_inst                      |     0.003 |
|       split2_with_data_i                       |     0.003 |
|   sm_inst[1].sm_inner[0].u_curr_softmax        |     0.042 |
|     acc_circular                               |     0.002 |
|       mdata_in_0_buffer                        |     0.002 |
|     cast_inst                                  |     0.020 |
|       data_in_0_unpacked_mx_split2_with_data_i |     0.006 |
|       output_skid_buffer                       |     0.013 |
|     div_inst                                   |     0.012 |
|       div_inst                                 |     0.008 |
|       split2_dividend                          |     0.002 |
|       split2_divisor                           |     0.002 |
|     mxint_accumulator_inst                     |     0.004 |
|     mxint_exp_inst                             |     0.001 |
|     split2_mxint_exp_inst                      |     0.003 |
|       split2_with_data_i                       |     0.003 |
|   sm_inst[1].sm_inner[1].u_curr_softmax        |     0.078 |
|     acc_circular                               |     0.002 |
|       mdata_in_0_buffer                        |     0.002 |
|     cast_inst                                  |     0.056 |
|       data_in_0_unpacked_mx_split2_with_data_i |     0.006 |
|       output_skid_buffer                       |     0.049 |
|     div_inst                                   |     0.012 |
|       div_inst                                 |     0.008 |
|       split2_dividend                          |     0.002 |
|       split2_divisor                           |     0.002 |
|     mxint_accumulator_inst                     |     0.004 |
|     mxint_exp_inst                             |     0.001 |
|     split2_mxint_exp_inst                      |     0.003 |
|       split2_with_data_i                       |     0.003 |
|   sm_inst[2].sm_inner[0].u_curr_softmax        |     0.042 |
|     acc_circular                               |     0.002 |
|       mdata_in_0_buffer                        |     0.002 |
|     cast_inst                                  |     0.020 |
|       data_in_0_unpacked_mx_split2_with_data_i |     0.006 |
|       output_skid_buffer                       |     0.013 |
|     div_inst                                   |     0.012 |
|       div_inst                                 |     0.008 |
|       split2_dividend                          |     0.002 |
|       split2_divisor                           |     0.002 |
|     mxint_accumulator_inst                     |     0.004 |
|     mxint_exp_inst                             |     0.001 |
|     split2_mxint_exp_inst                      |     0.003 |
|       split2_with_data_i                       |     0.003 |
|   sm_inst[2].sm_inner[1].u_curr_softmax        |     0.078 |
|     acc_circular                               |     0.002 |
|       mdata_in_0_buffer                        |     0.002 |
|     cast_inst                                  |     0.056 |
|       data_in_0_unpacked_mx_split2_with_data_i |     0.006 |
|       output_skid_buffer                       |     0.049 |
|     div_inst                                   |     0.012 |
|       div_inst                                 |     0.008 |
|       split2_dividend                          |     0.002 |
|       split2_divisor                           |     0.002 |
|     mxint_accumulator_inst                     |     0.004 |
|     mxint_exp_inst                             |     0.001 |
|     split2_mxint_exp_inst                      |     0.003 |
|       split2_with_data_i                       |     0.003 |
|   sm_inst[3].sm_inner[0].u_curr_softmax        |     0.042 |
|     acc_circular                               |     0.002 |
|       mdata_in_0_buffer                        |     0.002 |
|     cast_inst                                  |     0.020 |
|       data_in_0_unpacked_mx_split2_with_data_i |     0.006 |
|       output_skid_buffer                       |     0.013 |
|     div_inst                                   |     0.012 |
|       div_inst                                 |     0.008 |
|       split2_dividend                          |     0.002 |
|       split2_divisor                           |     0.002 |
|     mxint_accumulator_inst                     |     0.004 |
|     mxint_exp_inst                             |     0.001 |
|     split2_mxint_exp_inst                      |     0.003 |
|       split2_with_data_i                       |     0.003 |
|   sm_inst[3].sm_inner[1].u_curr_softmax        |     0.078 |
|     acc_circular                               |     0.002 |
|       mdata_in_0_buffer                        |     0.002 |
|     cast_inst                                  |     0.056 |
|       data_in_0_unpacked_mx_split2_with_data_i |     0.006 |
|       output_skid_buffer                       |     0.049 |
|     div_inst                                   |     0.012 |
|       div_inst                                 |     0.008 |
|       split2_dividend                          |     0.002 |
|       split2_divisor                           |     0.002 |
|     mxint_accumulator_inst                     |     0.004 |
|     mxint_exp_inst                             |     0.001 |
|     split2_mxint_exp_inst                      |     0.003 |
|       split2_with_data_i                       |     0.003 |
|   u_matmul_QK                                  |     0.396 |
|     row_loop[0].col_loop[0].u_dot_general      |     0.034 |
|       genblk1[0].u_dot_fp                      |     0.002 |
|       genblk1[1].u_dot_fp                      |     0.002 |
|       tree_add[0].genblk1[0].u_add_nrm         |     0.031 |
|     row_loop[0].col_loop[1].u_dot_general      |     0.015 |
|       genblk1[0].u_dot_fp                      |     0.002 |
|       genblk1[1].u_dot_fp                      |     0.002 |
|       tree_add[0].genblk1[0].u_add_nrm         |     0.011 |
|     row_loop[0].col_loop[2].u_dot_general      |     0.034 |
|       genblk1[0].u_dot_fp                      |     0.002 |
|       genblk1[1].u_dot_fp                      |     0.002 |
|       tree_add[0].genblk1[0].u_add_nrm         |     0.031 |
|     row_loop[0].col_loop[3].u_dot_general      |     0.015 |
|       genblk1[0].u_dot_fp                      |     0.002 |
|       genblk1[1].u_dot_fp                      |     0.002 |
|       tree_add[0].genblk1[0].u_add_nrm         |     0.011 |
|     row_loop[1].col_loop[0].u_dot_general      |     0.034 |
|       genblk1[0].u_dot_fp                      |     0.002 |
|       genblk1[1].u_dot_fp                      |     0.002 |
|       tree_add[0].genblk1[0].u_add_nrm         |     0.031 |
|     row_loop[1].col_loop[1].u_dot_general      |     0.015 |
|       genblk1[0].u_dot_fp                      |     0.002 |
|       genblk1[1].u_dot_fp                      |     0.002 |
|       tree_add[0].genblk1[0].u_add_nrm         |     0.011 |
|     row_loop[1].col_loop[2].u_dot_general      |     0.035 |
|       genblk1[0].u_dot_fp                      |     0.002 |
|       genblk1[1].u_dot_fp                      |     0.002 |
|       tree_add[0].genblk1[0].u_add_nrm         |     0.031 |
|     row_loop[1].col_loop[3].u_dot_general      |     0.015 |
|       genblk1[0].u_dot_fp                      |     0.002 |
|       genblk1[1].u_dot_fp                      |     0.002 |
|       tree_add[0].genblk1[0].u_add_nrm         |     0.011 |
|     row_loop[2].col_loop[0].u_dot_general      |     0.034 |
|       genblk1[0].u_dot_fp                      |     0.002 |
|       genblk1[1].u_dot_fp                      |     0.002 |
|       tree_add[0].genblk1[0].u_add_nrm         |     0.031 |
|     row_loop[2].col_loop[1].u_dot_general      |     0.015 |
|       genblk1[0].u_dot_fp                      |     0.002 |
|       genblk1[1].u_dot_fp                      |     0.002 |
|       tree_add[0].genblk1[0].u_add_nrm         |     0.011 |
|     row_loop[2].col_loop[2].u_dot_general      |     0.035 |
|       genblk1[0].u_dot_fp                      |     0.002 |
|       genblk1[1].u_dot_fp                      |     0.002 |
|       tree_add[0].genblk1[0].u_add_nrm         |     0.031 |
|     row_loop[2].col_loop[3].u_dot_general      |     0.015 |
|       genblk1[0].u_dot_fp                      |     0.002 |
|       genblk1[1].u_dot_fp                      |     0.002 |
|       tree_add[0].genblk1[0].u_add_nrm         |     0.011 |
|     row_loop[3].col_loop[0].u_dot_general      |     0.034 |
|       genblk1[0].u_dot_fp                      |     0.002 |
|       genblk1[1].u_dot_fp                      |     0.002 |
|       tree_add[0].genblk1[0].u_add_nrm         |     0.031 |
|     row_loop[3].col_loop[1].u_dot_general      |     0.015 |
|       genblk1[0].u_dot_fp                      |     0.002 |
|       genblk1[1].u_dot_fp                      |     0.002 |
|       tree_add[0].genblk1[0].u_add_nrm         |     0.011 |
|     row_loop[3].col_loop[2].u_dot_general      |     0.035 |
|       genblk1[0].u_dot_fp                      |     0.002 |
|       genblk1[1].u_dot_fp                      |     0.002 |
|       tree_add[0].genblk1[0].u_add_nrm         |     0.031 |
|     row_loop[3].col_loop[3].u_dot_general      |     0.015 |
|       genblk1[0].u_dot_fp                      |     0.002 |
|       genblk1[1].u_dot_fp                      |     0.002 |
|       tree_add[0].genblk1[0].u_add_nrm         |     0.011 |
|   u_matmul_SMV                                 |     0.022 |
|     row_loop[0].col_loop[0].u_dot_general      |     0.001 |
|     row_loop[0].col_loop[1].u_dot_general      |     0.001 |
|     row_loop[0].col_loop[2].u_dot_general      |     0.001 |
|     row_loop[0].col_loop[3].u_dot_general      |     0.001 |
|     row_loop[1].col_loop[0].u_dot_general      |     0.001 |
|     row_loop[1].col_loop[1].u_dot_general      |     0.002 |
|     row_loop[1].col_loop[2].u_dot_general      |     0.001 |
|     row_loop[1].col_loop[3].u_dot_general      |     0.002 |
|     row_loop[2].col_loop[0].u_dot_general      |     0.001 |
|     row_loop[2].col_loop[1].u_dot_general      |     0.001 |
|     row_loop[2].col_loop[2].u_dot_general      |     0.001 |
|     row_loop[2].col_loop[3].u_dot_general      |     0.001 |
|     row_loop[3].col_loop[0].u_dot_general      |     0.002 |
|     row_loop[3].col_loop[1].u_dot_general      |     0.001 |
|     row_loop[3].col_loop[2].u_dot_general      |     0.002 |
|     row_loop[3].col_loop[3].u_dot_general      |     0.001 |
+------------------------------------------------+-----------+


