Copyright 1986-2022 Xilinx, Inc. All Rights Reserved. Copyright 2022-2025 Advanced Micro Devices, Inc. All Rights Reserved.
-----------------------------------------------------------------------------------------------------------------------------------------------------------------------------------------------------------------------------------------------------------------
| Tool Version     : Vivado v.2025.1 (lin64) Build 6140274 Wed May 21 22:58:25 MDT 2025
| Date             : Tue Jan 13 03:20:11 2026
| Host             : ee-kraken running 64-bit Red Hat Enterprise Linux 9.5 (Plow)
| Command          : report_power -file ./src/attention/synth_output/attention_fp_S_q_8_S_kv_4_d_kq_4_d_v_4_k_2_scale_width_8_M1_E_4_M1_M_3_M2_E_4_M2_M_3_M3_E_4_M3_M_3_ACCUM_METHOD_NEUMAIER_KULISCH_KLEIN_DSP_yes_yes_yes_time_20260113_0318_power.rpt
| Design           : attention_fp
| Device           : xcu250-figd2104-2L-e
| Design State     : synthesized
| Grade            : extended
| Process          : typical
| Characterization : Production
-----------------------------------------------------------------------------------------------------------------------------------------------------------------------------------------------------------------------------------------------------------------

Power Report

Table of Contents
-----------------
1. Summary
1.1 On-Chip Components
1.2 Power Supply Summary
1.3 Confidence Level
2. Settings
2.1 Environment
2.2 Clock Constraints
3. Detailed Reports
3.1 By Hierarchy

1. Summary
----------

+--------------------------+--------------+
| Total On-Chip Power (W)  | 3.383        |
| Design Power Budget (W)  | Unspecified* |
| Power Budget Margin (W)  | NA           |
| Dynamic (W)              | 0.431        |
| Device Static (W)        | 2.952        |
| Effective TJA (C/W)      | 0.5          |
| Max Ambient (C)          | 98.2         |
| Junction Temperature (C) | 26.8         |
| Confidence Level         | Low          |
| Setting File             | ---          |
| Simulation Activity File | ---          |
| Design Nets Matched      | NA           |
+--------------------------+--------------+
* Specify Design Power Budget using, set_operating_conditions -design_power_budget <value in Watts>


1.1 On-Chip Components
----------------------

+--------------------------+-----------+----------+-----------+-----------------+
| On-Chip                  | Power (W) | Used     | Available | Utilization (%) |
+--------------------------+-----------+----------+-----------+-----------------+
| Clocks                   |     0.009 |        3 |       --- |             --- |
| CLB Logic                |     0.016 |     3378 |       --- |             --- |
|   LUT as Logic           |     0.011 |     1312 |   1728000 |            0.08 |
|   LUT as Distributed RAM |     0.004 |       64 |    791040 |           <0.01 |
|   Register               |    <0.001 |     1072 |   3456000 |            0.03 |
|   CARRY8                 |    <0.001 |       16 |    216000 |           <0.01 |
|   Others                 |     0.000 |      434 |       --- |             --- |
| Signals                  |     0.012 |     2464 |       --- |             --- |
| I/O                      |     0.394 |      417 |       676 |           61.69 |
| Static Power             |     2.952 |          |           |                 |
| Total                    |     3.383 |          |           |                 |
+--------------------------+-----------+----------+-----------+-----------------+


1.2 Power Supply Summary
------------------------

+------------------+-------------+-----------+-------------+------------+-------------+-------------+------------+
| Source           | Voltage (V) | Total (A) | Dynamic (A) | Static (A) | Powerup (A) | Budget (A)  | Margin (A) |
+------------------+-------------+-----------+-------------+------------+-------------+-------------+------------+
| Vccint           |       0.850 |     1.189 |       0.043 |      1.146 |       NA    | Unspecified | NA         |
| Vccint_io        |       0.850 |     0.155 |       0.013 |      0.142 |       NA    | Unspecified | NA         |
| Vccbram          |       0.850 |     0.020 |       0.000 |      0.020 |       NA    | Unspecified | NA         |
| Vccaux           |       1.800 |     0.886 |       0.000 |      0.886 |       NA    | Unspecified | NA         |
| Vccaux_io        |       1.800 |     0.198 |       0.094 |      0.104 |       NA    | Unspecified | NA         |
| Vcco33           |       3.300 |     0.000 |       0.000 |      0.000 |       NA    | Unspecified | NA         |
| Vcco25           |       2.500 |     0.000 |       0.000 |      0.000 |       NA    | Unspecified | NA         |
| Vcco18           |       1.800 |     0.118 |       0.118 |      0.000 |       NA    | Unspecified | NA         |
| Vcco15           |       1.500 |     0.000 |       0.000 |      0.000 |       NA    | Unspecified | NA         |
| Vcco135          |       1.350 |     0.000 |       0.000 |      0.000 |       NA    | Unspecified | NA         |
| Vcco12           |       1.200 |     0.000 |       0.000 |      0.000 |       NA    | Unspecified | NA         |
| Vcco10           |       1.000 |     0.000 |       0.000 |      0.000 |       NA    | Unspecified | NA         |
| Vccadc           |       1.800 |     0.032 |       0.000 |      0.032 |       NA    | Unspecified | NA         |
| VMGTAVCC (GTY)   |       0.900 |     0.000 |       0.000 |      0.000 |       NA    | Unspecified | NA         |
| VMGTAVTT (GTY)   |       1.200 |     0.000 |       0.000 |      0.000 |       NA    | Unspecified | NA         |
| VMGTVCCAUX (GTY) |       1.800 |     0.000 |       0.000 |      0.000 |       NA    | Unspecified | NA         |
+------------------+-------------+-----------+-------------+------------+-------------+-------------+------------+


1.3 Confidence Level
--------------------

+-----------------------------+------------+--------------------------------------------------------+------------------------------------------------------------------------------------------------------------+
| User Input Data             | Confidence | Details                                                | Action                                                                                                     |
+-----------------------------+------------+--------------------------------------------------------+------------------------------------------------------------------------------------------------------------+
| Design implementation state | Low        | Design is synthesized                                  | Accuracy of the tool is not optimal until design is fully placed and routed                                |
| Clock nodes activity        | High       | User specified more than 95% of clocks                 |                                                                                                            |
| I/O nodes activity          | Low        | More than 75% of inputs are missing user specification | Provide missing input activity with simulation results or by editing the "By Resource Type -> I/Os" view   |
| Internal nodes activity     | Medium     | User specified less than 25% of internal nodes         | Provide missing internal nodes activity with simulation results or by editing the "By Resource Type" views |
| Device models               | High       | Device models are Production                           |                                                                                                            |
|                             |            |                                                        |                                                                                                            |
| Overall confidence level    | Low        |                                                        |                                                                                                            |
+-----------------------------+------------+--------------------------------------------------------+------------------------------------------------------------------------------------------------------------+


2. Settings
-----------

2.1 Environment
---------------

+-----------------------+--------------------------+
| Ambient Temp (C)      | 25.0                     |
| ThetaJA (C/W)         | 0.5                      |
| Airflow (LFM)         | 250                      |
| Heat Sink             | medium (Medium Profile)  |
| ThetaSA (C/W)         | 0.7                      |
| Board Selection       | medium (10"x10")         |
| # of Board Layers     | 12to15 (12 to 15 Layers) |
| Board Temperature (C) | 25.0                     |
+-----------------------+--------------------------+


2.2 Clock Constraints
---------------------

+-------+--------+-----------------+
| Clock | Domain | Constraint (ns) |
+-------+--------+-----------------+
| i_clk | i_clk  |             5.0 |
+-------+--------+-----------------+


3. Detailed Reports
-------------------

3.1 By Hierarchy
----------------

+-----------------------------------------+-----------+
| Name                                    | Power (W) |
+-----------------------------------------+-----------+
| attention_fp                            |     0.431 |
|   sm_inst[0].sm_inner[0].u_curr_softmax |     0.002 |
|     div_inst                            |     0.001 |
|       split2_divisor                    |     0.001 |
|   sm_inst[0].sm_inner[1].u_curr_softmax |     0.003 |
|     div_inst                            |     0.002 |
|       split2_divisor                    |     0.002 |
|   sm_inst[1].sm_inner[0].u_curr_softmax |     0.002 |
|     div_inst                            |     0.001 |
|       split2_divisor                    |     0.001 |
|   sm_inst[1].sm_inner[1].u_curr_softmax |     0.003 |
|     div_inst                            |     0.002 |
|       split2_divisor                    |     0.002 |
|   sm_inst[2].sm_inner[0].u_curr_softmax |     0.002 |
|     div_inst                            |     0.001 |
|       split2_divisor                    |     0.001 |
|   sm_inst[2].sm_inner[1].u_curr_softmax |     0.003 |
|     div_inst                            |     0.002 |
|       split2_divisor                    |     0.002 |
|   sm_inst[3].sm_inner[0].u_curr_softmax |     0.002 |
|     div_inst                            |     0.001 |
|       split2_divisor                    |     0.001 |
|   sm_inst[3].sm_inner[1].u_curr_softmax |     0.003 |
|     div_inst                            |     0.002 |
|       split2_divisor                    |     0.002 |
|   sm_inst[4].sm_inner[0].u_curr_softmax |     0.002 |
|     div_inst                            |     0.001 |
|       split2_divisor                    |     0.001 |
|   sm_inst[4].sm_inner[1].u_curr_softmax |     0.003 |
|     div_inst                            |     0.002 |
|       split2_divisor                    |     0.002 |
|   sm_inst[5].sm_inner[0].u_curr_softmax |     0.002 |
|     div_inst                            |     0.001 |
|       split2_divisor                    |     0.001 |
|   sm_inst[5].sm_inner[1].u_curr_softmax |     0.003 |
|     div_inst                            |     0.002 |
|       split2_divisor                    |     0.002 |
|   sm_inst[6].sm_inner[0].u_curr_softmax |     0.002 |
|     div_inst                            |     0.001 |
|       split2_divisor                    |     0.001 |
|   sm_inst[6].sm_inner[1].u_curr_softmax |     0.003 |
|     div_inst                            |     0.002 |
|       split2_divisor                    |     0.002 |
|   sm_inst[7].sm_inner[0].u_curr_softmax |     0.002 |
|     div_inst                            |     0.001 |
|       split2_divisor                    |     0.001 |
|   sm_inst[7].sm_inner[1].u_curr_softmax |     0.003 |
|     div_inst                            |     0.002 |
|       split2_divisor                    |     0.002 |
+-----------------------------------------+-----------+


